<?xml version="1.0" encoding="UTF-8"?>
<TestRun id="6e238e53-df2b-4263-af96-d0bebbe4b921" name="kishor.dudhe@AV-PN-KISHORD 2015-04-29 17:13:37" runUser="SANJUAN\kishor.dudhe" xmlns="http://microsoft.com/schemas/VisualStudio/TeamTest/2010">
  <TestSettings name="Default Test Settings" id="adfbeffb-c8cb-437b-bf24-bfb20fba91c9">
    <Deployment userDeploymentRoot="C:\Program Files (x86)\Jenkins\jobs\Unit Test On TPA\workspace\bin\Debug" useDefaultDeploymentRoot="false" runDeploymentRoot="kishor.dudhe_AV-PN-KISHORD 2015-04-29 17_13_37" />
    <Execution>
      <TestTypeSpecific />
      <AgentRule name="Execution Agents">
      </AgentRule>
    </Execution>
    <Properties />
  </TestSettings>
  <Times creation="2015-04-29T17:13:37.2122021+05:30" queuing="2015-04-29T17:13:37.6812082+05:30" start="2015-04-29T17:13:37.7748094+05:30" finish="2015-04-29T17:13:38.8122261+05:30" />
  <ResultSummary outcome="Failed">
    <Counters total="77" executed="77" passed="2" error="0" failed="75" timeout="0" aborted="0" inconclusive="0" passedButRunAborted="0" notRunnable="0" notExecuted="0" disconnected="0" warning="0" completed="0" inProgress="0" pending="0" />
  </ResultSummary>
  <TestDefinitions>
    <UnitTest name="CreateCompanyController_IndexTest_CheckIfItReturnsCompanyObject" storage="taxprofileassistanttests.dll" id="e4a916f1-44d9-7bea-5171-813052769e90">
      <Execution id="65871c94-b87f-46a9-a42f-6ca0a5f1e0a3" />
      <TestMethod codeBase="C:/Program Files (x86)/Jenkins/jobs/Unit Test On TPA/workspace/bin/Debug/TaxProfileAssistantTests.dll" adapterTypeName="Microsoft.VisualStudio.TestTools.TestTypes.Unit.UnitTestAdapter, Microsoft.VisualStudio.QualityTools.Tips.UnitTest.Adapter, Version=12.0.0.0, Culture=neutral, PublicKeyToken=b03f5f7f11d50a3a" className="TaxProfileAssistantTest.Controllers.Tests.CreateCompanyControllerTests, TaxProfileAssistantTests, Version=1.0.0.0, Culture=neutral, PublicKeyToken=null" name="CreateCompanyController_IndexTest_CheckIfItReturnsCompanyObject" />
    </UnitTest>
    <UnitTest name="HomepageController_Index_Test_With_ValidID" storage="taxprofileassistanttests.dll" id="432f363b-50df-9a58-14ae-060bfd14cd39">
      <Execution id="73a6296a-81a1-456c-b1ad-1372e7c2d69a" />
      <TestMethod codeBase="C:/Program Files (x86)/Jenkins/jobs/Unit Test On TPA/workspace/bin/Debug/TaxProfileAssistantTests.dll" adapterTypeName="Microsoft.VisualStudio.TestTools.TestTypes.Unit.UnitTestAdapter, Microsoft.VisualStudio.QualityTools.Tips.UnitTest.Adapter, Version=12.0.0.0, Culture=neutral, PublicKeyToken=b03f5f7f11d50a3a" className="TaxProfileAssistantTest.Controllers.Tests.HomepageControllerTests, TaxProfileAssistantTests, Version=1.0.0.0, Culture=neutral, PublicKeyToken=null" name="HomepageController_Index_Test_With_ValidID" />
    </UnitTest>
    <UnitTest name="ParseStateCountryTestToCheckIfItReturnsCorrectStateAndComapnyCode" storage="taxprofileassistanttests.dll" id="d80c46ed-2f16-4a22-6344-4902cc815c11">
      <Execution id="328c1be0-ff73-4d4a-b5db-4ff1d662472a" />
      <TestMethod codeBase="C:/Program Files (x86)/Jenkins/jobs/Unit Test On TPA/workspace/bin/Debug/TaxProfileAssistantTests.dll" adapterTypeName="Microsoft.VisualStudio.TestTools.TestTypes.Unit.UnitTestAdapter, Microsoft.VisualStudio.QualityTools.Tips.UnitTest.Adapter, Version=12.0.0.0, Culture=neutral, PublicKeyToken=b03f5f7f11d50a3a" className="TaxProfileAssistantTest.Utils.Tests.AvaTaxProfileAssistantHelperTests, TaxProfileAssistantTests, Version=1.0.0.0, Culture=neutral, PublicKeyToken=null" name="ParseStateCountryTestToCheckIfItReturnsCorrectStateAndComapnyCode" />
    </UnitTest>
    <UnitTest name="HomeController_IndexTestWithXMLOf2000Records" storage="taxprofileassistanttests.dll" id="f1026be2-71bf-8626-c44a-0da4901dc095">
      <Execution id="3548b383-eec0-4c91-a413-504e02993db2" />
      <TestMethod codeBase="C:/Program Files (x86)/Jenkins/jobs/Unit Test On TPA/workspace/bin/Debug/TaxProfileAssistantTests.dll" adapterTypeName="Microsoft.VisualStudio.TestTools.TestTypes.Unit.UnitTestAdapter, Microsoft.VisualStudio.QualityTools.Tips.UnitTest.Adapter, Version=12.0.0.0, Culture=neutral, PublicKeyToken=b03f5f7f11d50a3a" className="TaxProfileAssistantTest.Controllers.Tests.HomepageControllerTests, TaxProfileAssistantTests, Version=1.0.0.0, Culture=neutral, PublicKeyToken=null" name="HomeController_IndexTestWithXMLOf2000Records" />
    </UnitTest>
    <UnitTest name="CreateComapnyController_CreateNewCompanyTestToCheckIfItRedirectsToNexusSetupOnceCompanyIsCreated" storage="taxprofileassistanttests.dll" id="6996301c-62fa-ca10-1af9-f4ff6d404f09">
      <Execution id="702d175d-502c-405b-88b7-ed6a4db1c88d" />
      <TestMethod codeBase="C:/Program Files (x86)/Jenkins/jobs/Unit Test On TPA/workspace/bin/Debug/TaxProfileAssistantTests.dll" adapterTypeName="Microsoft.VisualStudio.TestTools.TestTypes.Unit.UnitTestAdapter, Microsoft.VisualStudio.QualityTools.Tips.UnitTest.Adapter, Version=12.0.0.0, Culture=neutral, PublicKeyToken=b03f5f7f11d50a3a" className="TaxProfileAssistantTest.Controllers.Tests.CreateCompanyControllerTests, TaxProfileAssistantTests, Version=1.0.0.0, Culture=neutral, PublicKeyToken=null" name="CreateComapnyController_CreateNewCompanyTestToCheckIfItRedirectsToNexusSetupOnceCompanyIsCreated" />
    </UnitTest>
    <UnitTest name="HomepageController_IndexTest_CheckIfCorrectModelTypeIsReturned" storage="taxprofileassistanttests.dll" id="e67106d6-12d5-a55e-4ca8-79e86737dfb4">
      <Execution id="1e61e098-71bc-4be2-9614-df6086da9e86" />
      <TestMethod codeBase="C:/Program Files (x86)/Jenkins/jobs/Unit Test On TPA/workspace/bin/Debug/TaxProfileAssistantTests.dll" adapterTypeName="Microsoft.VisualStudio.TestTools.TestTypes.Unit.UnitTestAdapter, Microsoft.VisualStudio.QualityTools.Tips.UnitTest.Adapter, Version=12.0.0.0, Culture=neutral, PublicKeyToken=b03f5f7f11d50a3a" className="TaxProfileAssistantTest.Controllers.Tests.HomepageControllerTests, TaxProfileAssistantTests, Version=1.0.0.0, Culture=neutral, PublicKeyToken=null" name="HomepageController_IndexTest_CheckIfCorrectModelTypeIsReturned" />
    </UnitTest>
    <UnitTest name="Utils_AccountServiceFetchCompanyTest_ChecksIfItReturnsCompanyFetchResult" storage="taxprofileassistanttests.dll" id="e100468c-80b3-45c4-9643-086c9770af97">
      <Execution id="77840e07-cb94-48fe-ae4f-75e63d0fdfce" />
      <TestMethod codeBase="C:/Program Files (x86)/Jenkins/jobs/Unit Test On TPA/workspace/bin/Debug/TaxProfileAssistantTests.dll" adapterTypeName="Microsoft.VisualStudio.TestTools.TestTypes.Unit.UnitTestAdapter, Microsoft.VisualStudio.QualityTools.Tips.UnitTest.Adapter, Version=12.0.0.0, Culture=neutral, PublicKeyToken=b03f5f7f11d50a3a" className="TaxProfileAssistantTest.Utils.Tests.AccountServiceTests, TaxProfileAssistantTests, Version=1.0.0.0, Culture=neutral, PublicKeyToken=null" name="Utils_AccountServiceFetchCompanyTest_ChecksIfItReturnsCompanyFetchResult" />
    </UnitTest>
    <UnitTest name="ExistingCompanyController_IndexTest_CheckIfItReturnsCorrectView" storage="taxprofileassistanttests.dll" id="425ccb48-5537-6ed7-57af-adf3d39b692d">
      <Execution id="116f4e43-9763-4d73-9330-4d40b99cb52f" />
      <TestMethod codeBase="C:/Program Files (x86)/Jenkins/jobs/Unit Test On TPA/workspace/bin/Debug/TaxProfileAssistantTests.dll" adapterTypeName="Microsoft.VisualStudio.TestTools.TestTypes.Unit.UnitTestAdapter, Microsoft.VisualStudio.QualityTools.Tips.UnitTest.Adapter, Version=12.0.0.0, Culture=neutral, PublicKeyToken=b03f5f7f11d50a3a" className="TaxProfileAssistantTest.Controllers.Tests.ExistingCompanyControllerTests, TaxProfileAssistantTests, Version=1.0.0.0, Culture=neutral, PublicKeyToken=null" name="ExistingCompanyController_IndexTest_CheckIfItReturnsCorrectView" />
    </UnitTest>
    <UnitTest name="GetCustomersListTestToCheckIfItReturnsListOfCustomers" storage="taxprofileassistanttests.dll" id="9d22fa76-56a5-4738-6723-857f776c3a79">
      <Execution id="fe9d8111-7e36-43f4-a994-e9fe5f36128e" />
      <TestMethod codeBase="C:/Program Files (x86)/Jenkins/jobs/Unit Test On TPA/workspace/bin/Debug/TaxProfileAssistantTests.dll" adapterTypeName="Microsoft.VisualStudio.TestTools.TestTypes.Unit.UnitTestAdapter, Microsoft.VisualStudio.QualityTools.Tips.UnitTest.Adapter, Version=12.0.0.0, Culture=neutral, PublicKeyToken=b03f5f7f11d50a3a" className="TaxProfileAssistantTest.Utils.Tests.AvaTaxProfileAssistantHelperTests, TaxProfileAssistantTests, Version=1.0.0.0, Culture=neutral, PublicKeyToken=null" name="GetCustomersListTestToCheckIfItReturnsListOfCustomers" />
    </UnitTest>
    <UnitTest name="Utils_AccountServiceFetchNexusTest_ChecksIfItReturnsFetchNexusResult" storage="taxprofileassistanttests.dll" id="8f1e9bf1-1c2b-ff70-adae-53380210e0be">
      <Execution id="fb42dfe7-8114-493e-bd81-329235a71a18" />
      <TestMethod codeBase="C:/Program Files (x86)/Jenkins/jobs/Unit Test On TPA/workspace/bin/Debug/TaxProfileAssistantTests.dll" adapterTypeName="Microsoft.VisualStudio.TestTools.TestTypes.Unit.UnitTestAdapter, Microsoft.VisualStudio.QualityTools.Tips.UnitTest.Adapter, Version=12.0.0.0, Culture=neutral, PublicKeyToken=b03f5f7f11d50a3a" className="TaxProfileAssistantTest.Utils.Tests.AccountServiceTests, TaxProfileAssistantTests, Version=1.0.0.0, Culture=neutral, PublicKeyToken=null" name="Utils_AccountServiceFetchNexusTest_ChecksIfItReturnsFetchNexusResult" />
    </UnitTest>
    <UnitTest name="InsertAvaERPSettingTestToCheckCorrectAvaERPSettingsIDReturned" storage="taxprofileassistanttests.dll" id="1e2bfcf7-aec8-c3eb-38ca-8d31d182d698">
      <Execution id="7659cf1a-a66a-44df-ac19-0209bc84bccf" />
      <TestMethod codeBase="C:/Program Files (x86)/Jenkins/jobs/Unit Test On TPA/workspace/bin/Debug/TaxProfileAssistantTests.dll" adapterTypeName="Microsoft.VisualStudio.TestTools.TestTypes.Unit.UnitTestAdapter, Microsoft.VisualStudio.QualityTools.Tips.UnitTest.Adapter, Version=12.0.0.0, Culture=neutral, PublicKeyToken=b03f5f7f11d50a3a" className="TaxProfileAssistantTest.Utils.Tests.AvaTaxProfileAssistantHelperTests, TaxProfileAssistantTests, Version=1.0.0.0, Culture=neutral, PublicKeyToken=null" name="InsertAvaERPSettingTestToCheckCorrectAvaERPSettingsIDReturned" />
    </UnitTest>
    <UnitTest name="Utils_AccountServiceTest_CheckIfServiceConnectionFailsWithWrongUserName" storage="taxprofileassistanttests.dll" id="f4c466c5-8ba7-bfdb-ac29-998cf73dbea7">
      <Execution id="90ad52d7-53c6-41fa-9d26-43b2a299681c" />
      <TestMethod codeBase="C:/Program Files (x86)/Jenkins/jobs/Unit Test On TPA/workspace/bin/Debug/TaxProfileAssistantTests.dll" adapterTypeName="Microsoft.VisualStudio.TestTools.TestTypes.Unit.UnitTestAdapter, Microsoft.VisualStudio.QualityTools.Tips.UnitTest.Adapter, Version=12.0.0.0, Culture=neutral, PublicKeyToken=b03f5f7f11d50a3a" className="TaxProfileAssistantTest.Utils.Tests.AccountServiceTests, TaxProfileAssistantTests, Version=1.0.0.0, Culture=neutral, PublicKeyToken=null" name="Utils_AccountServiceTest_CheckIfServiceConnectionFailsWithWrongUserName" />
    </UnitTest>
    <UnitTest name="Utils_AccountServiceFetchCompanyTest_ChecksIfItReturnsCorrectErrorMessageWithInvalidAccounNumber" storage="taxprofileassistanttests.dll" id="a94fec92-c93d-c7d0-bb3f-ce755e84c251">
      <Execution id="599605b5-d429-4194-9f3d-53b6ea9ba3c3" />
      <TestMethod codeBase="C:/Program Files (x86)/Jenkins/jobs/Unit Test On TPA/workspace/bin/Debug/TaxProfileAssistantTests.dll" adapterTypeName="Microsoft.VisualStudio.TestTools.TestTypes.Unit.UnitTestAdapter, Microsoft.VisualStudio.QualityTools.Tips.UnitTest.Adapter, Version=12.0.0.0, Culture=neutral, PublicKeyToken=b03f5f7f11d50a3a" className="TaxProfileAssistantTest.Utils.Tests.AccountServiceTests, TaxProfileAssistantTests, Version=1.0.0.0, Culture=neutral, PublicKeyToken=null" name="Utils_AccountServiceFetchCompanyTest_ChecksIfItReturnsCorrectErrorMessageWithInvalidAccounNumber" />
    </UnitTest>
    <UnitTest name="Utils_FetchServiceTest_CheckIfNoRecordsAreReturnedWithInvalidAccountID" storage="taxprofileassistanttests.dll" id="c2e5988a-f640-fa23-3bc8-cf63437014f9">
      <Execution id="1ddd42d8-6597-4894-b178-9c29c8a48d79" />
      <TestMethod codeBase="C:/Program Files (x86)/Jenkins/jobs/Unit Test On TPA/workspace/bin/Debug/TaxProfileAssistantTests.dll" adapterTypeName="Microsoft.VisualStudio.TestTools.TestTypes.Unit.UnitTestAdapter, Microsoft.VisualStudio.QualityTools.Tips.UnitTest.Adapter, Version=12.0.0.0, Culture=neutral, PublicKeyToken=b03f5f7f11d50a3a" className="TaxProfileAssistantTest.Utils.Tests.AccountServiceTests, TaxProfileAssistantTests, Version=1.0.0.0, Culture=neutral, PublicKeyToken=null" name="Utils_FetchServiceTest_CheckIfNoRecordsAreReturnedWithInvalidAccountID" />
    </UnitTest>
    <UnitTest name="Utils_AccountServiceFetchNexusTest_ChecksIfItReturnsCorrectErrorWithInvalidCompanyId" storage="taxprofileassistanttests.dll" id="a553a5bb-73a4-14ae-fb2e-57421eef54b7">
      <Execution id="7e4e0b4e-93b1-4a74-98a9-faebb6419a91" />
      <TestMethod codeBase="C:/Program Files (x86)/Jenkins/jobs/Unit Test On TPA/workspace/bin/Debug/TaxProfileAssistantTests.dll" adapterTypeName="Microsoft.VisualStudio.TestTools.TestTypes.Unit.UnitTestAdapter, Microsoft.VisualStudio.QualityTools.Tips.UnitTest.Adapter, Version=12.0.0.0, Culture=neutral, PublicKeyToken=b03f5f7f11d50a3a" className="TaxProfileAssistantTest.Utils.Tests.AccountServiceTests, TaxProfileAssistantTests, Version=1.0.0.0, Culture=neutral, PublicKeyToken=null" name="Utils_AccountServiceFetchNexusTest_ChecksIfItReturnsCorrectErrorWithInvalidCompanyId" />
    </UnitTest>
    <UnitTest name="TaxProfileAssistantController_Post_XML_Load_TestFor10000Records" storage="taxprofileassistanttests.dll" id="6de0a777-b967-b25e-01f0-4df7c2dccfb1">
      <Execution id="9f955ef6-e242-4770-9b50-e91c2e397ecb" />
      <TestMethod codeBase="C:/Program Files (x86)/Jenkins/jobs/Unit Test On TPA/workspace/bin/Debug/TaxProfileAssistantTests.dll" adapterTypeName="Microsoft.VisualStudio.TestTools.TestTypes.Unit.UnitTestAdapter, Microsoft.VisualStudio.QualityTools.Tips.UnitTest.Adapter, Version=12.0.0.0, Culture=neutral, PublicKeyToken=b03f5f7f11d50a3a" className="TaxProfileAssistantTest.Controllers.Tests.TaxProfileAssistantControllerTests, TaxProfileAssistantTests, Version=1.0.0.0, Culture=neutral, PublicKeyToken=null" name="TaxProfileAssistantController_Post_XML_Load_TestFor10000Records" />
    </UnitTest>
    <UnitTest name="CreateCompanyTestToCheckIfResultCodeIsReturned" storage="taxprofileassistanttests.dll" id="f28a5d73-2e3a-2983-da0d-f1517e3c0a19">
      <Execution id="2578cb4b-b9c2-4638-877f-592fb6e41d96" />
      <TestMethod codeBase="C:/Program Files (x86)/Jenkins/jobs/Unit Test On TPA/workspace/bin/Debug/TaxProfileAssistantTests.dll" adapterTypeName="Microsoft.VisualStudio.TestTools.TestTypes.Unit.UnitTestAdapter, Microsoft.VisualStudio.QualityTools.Tips.UnitTest.Adapter, Version=12.0.0.0, Culture=neutral, PublicKeyToken=b03f5f7f11d50a3a" className="TaxProfileAssistantTest.Utils.Tests.AccountServiceHelperTests, TaxProfileAssistantTests, Version=1.0.0.0, Culture=neutral, PublicKeyToken=null" name="CreateCompanyTestToCheckIfResultCodeIsReturned" />
    </UnitTest>
    <UnitTest name="CreateCompanyTestToCheckIfCompanyID_And_TransactionIDIsReturned" storage="taxprofileassistanttests.dll" id="d081735c-9120-f4ef-3f03-6dd12a8e6ebe">
      <Execution id="abdc307a-7434-42fe-8a70-fa40052480c1" />
      <TestMethod codeBase="C:/Program Files (x86)/Jenkins/jobs/Unit Test On TPA/workspace/bin/Debug/TaxProfileAssistantTests.dll" adapterTypeName="Microsoft.VisualStudio.TestTools.TestTypes.Unit.UnitTestAdapter, Microsoft.VisualStudio.QualityTools.Tips.UnitTest.Adapter, Version=12.0.0.0, Culture=neutral, PublicKeyToken=b03f5f7f11d50a3a" className="TaxProfileAssistantTest.Utils.Tests.AccountServiceHelperTests, TaxProfileAssistantTests, Version=1.0.0.0, Culture=neutral, PublicKeyToken=null" name="CreateCompanyTestToCheckIfCompanyID_And_TransactionIDIsReturned" />
    </UnitTest>
    <UnitTest name="GetAvaERPCountryMappingTestToCheckIfItDoesNotReturnEmptyResult" storage="taxprofileassistanttests.dll" id="bd7769f6-6efa-8652-d8c2-ea149a16a4e8">
      <Execution id="f4061045-6457-4ea3-98e6-0af5c1639ab2" />
      <TestMethod codeBase="C:/Program Files (x86)/Jenkins/jobs/Unit Test On TPA/workspace/bin/Debug/TaxProfileAssistantTests.dll" adapterTypeName="Microsoft.VisualStudio.TestTools.TestTypes.Unit.UnitTestAdapter, Microsoft.VisualStudio.QualityTools.Tips.UnitTest.Adapter, Version=12.0.0.0, Culture=neutral, PublicKeyToken=b03f5f7f11d50a3a" className="TaxProfileAssistantTest.Utils.Tests.AvaTaxProfileAssistantHelperTests, TaxProfileAssistantTests, Version=1.0.0.0, Culture=neutral, PublicKeyToken=null" name="GetAvaERPCountryMappingTestToCheckIfItDoesNotReturnEmptyResult" />
    </UnitTest>
    <UnitTest name="ExistingCompanyController_CompanySelected_Returns_RedirectToAction" storage="taxprofileassistanttests.dll" id="f9be48aa-113d-e18f-fe49-dfa318f3dc33">
      <Execution id="7a18953d-b186-40cd-8441-02c60e3662cb" />
      <TestMethod codeBase="C:/Program Files (x86)/Jenkins/jobs/Unit Test On TPA/workspace/bin/Debug/TaxProfileAssistantTests.dll" adapterTypeName="Microsoft.VisualStudio.TestTools.TestTypes.Unit.UnitTestAdapter, Microsoft.VisualStudio.QualityTools.Tips.UnitTest.Adapter, Version=12.0.0.0, Culture=neutral, PublicKeyToken=b03f5f7f11d50a3a" className="TaxProfileAssistantTest.Controllers.Tests.ExistingCompanyControllerTests, TaxProfileAssistantTests, Version=1.0.0.0, Culture=neutral, PublicKeyToken=null" name="ExistingCompanyController_CompanySelected_Returns_RedirectToAction" />
    </UnitTest>
    <UnitTest name="HomepageController_Index_Return_Empty_View_Test" storage="taxprofileassistanttests.dll" id="6a8832b9-5f47-3714-05f9-77d9e0a3b4fe">
      <Execution id="cf90e9d8-ad85-4fff-8c02-90b45d48f2d0" />
      <TestMethod codeBase="C:/Program Files (x86)/Jenkins/jobs/Unit Test On TPA/workspace/bin/Debug/TaxProfileAssistantTests.dll" adapterTypeName="Microsoft.VisualStudio.TestTools.TestTypes.Unit.UnitTestAdapter, Microsoft.VisualStudio.QualityTools.Tips.UnitTest.Adapter, Version=12.0.0.0, Culture=neutral, PublicKeyToken=b03f5f7f11d50a3a" className="TaxProfileAssistantTest.Controllers.Tests.HomepageControllerTests, TaxProfileAssistantTests, Version=1.0.0.0, Culture=neutral, PublicKeyToken=null" name="HomepageController_Index_Return_Empty_View_Test" />
    </UnitTest>
    <UnitTest name="CredentialsControllerIndexTest_ReturnsRedirectToRouteResult" storage="taxprofileassistanttests.dll" id="7144f798-c2b3-e319-edb0-24f2a6f88987">
      <Execution id="7fff22bd-f4e5-410f-8750-284dd2f4883c" />
      <TestMethod codeBase="C:/Program Files (x86)/Jenkins/jobs/Unit Test On TPA/workspace/bin/Debug/TaxProfileAssistantTests.dll" adapterTypeName="Microsoft.VisualStudio.TestTools.TestTypes.Unit.UnitTestAdapter, Microsoft.VisualStudio.QualityTools.Tips.UnitTest.Adapter, Version=12.0.0.0, Culture=neutral, PublicKeyToken=b03f5f7f11d50a3a" className="TaxProfileAssistantTest.Controllers.Tests.CredentialsControllerTests, TaxProfileAssistantTests, Version=1.0.0.0, Culture=neutral, PublicKeyToken=null" name="CredentialsControllerIndexTest_ReturnsRedirectToRouteResult" />
    </UnitTest>
    <UnitTest name="AvaSetupReportController_IndexMethod_ReturnsFinishSetupObjectTest" storage="taxprofileassistanttests.dll" id="525f651b-5df4-913e-de59-57d318715e0e">
      <Execution id="f2345c0e-67e4-40cc-9b2a-905d99867ddb" />
      <TestMethod codeBase="C:/Program Files (x86)/Jenkins/jobs/Unit Test On TPA/workspace/bin/Debug/TaxProfileAssistantTests.dll" adapterTypeName="Microsoft.VisualStudio.TestTools.TestTypes.Unit.UnitTestAdapter, Microsoft.VisualStudio.QualityTools.Tips.UnitTest.Adapter, Version=12.0.0.0, Culture=neutral, PublicKeyToken=b03f5f7f11d50a3a" className="TaxProfileAssistantTest.Controllers.Tests.AvaSetupReportControllerTests, TaxProfileAssistantTests, Version=1.0.0.0, Culture=neutral, PublicKeyToken=null" name="AvaSetupReportController_IndexMethod_ReturnsFinishSetupObjectTest" />
    </UnitTest>
    <UnitTest name="Utils_AccountServiceTest_CheckIfServiceConnectionFailsWithWrongLicenseKey" storage="taxprofileassistanttests.dll" id="d9ca392c-19f5-61c0-af55-02e00b56d7ee">
      <Execution id="2aafa911-832b-4d72-811f-d01ce6e0cffc" />
      <TestMethod codeBase="C:/Program Files (x86)/Jenkins/jobs/Unit Test On TPA/workspace/bin/Debug/TaxProfileAssistantTests.dll" adapterTypeName="Microsoft.VisualStudio.TestTools.TestTypes.Unit.UnitTestAdapter, Microsoft.VisualStudio.QualityTools.Tips.UnitTest.Adapter, Version=12.0.0.0, Culture=neutral, PublicKeyToken=b03f5f7f11d50a3a" className="TaxProfileAssistantTest.Utils.Tests.AccountServiceTests, TaxProfileAssistantTests, Version=1.0.0.0, Culture=neutral, PublicKeyToken=null" name="Utils_AccountServiceTest_CheckIfServiceConnectionFailsWithWrongLicenseKey" />
    </UnitTest>
    <UnitTest name="ThreadProcessControllerGetThreadProcessStatus_ToCheckIfItSetsTheThreadStatusToTrue" storage="taxprofileassistanttests.dll" id="9e803a28-6edf-17d2-9590-06e07f87ce5d">
      <Execution id="9fcea795-4681-4b29-8454-4f9cc98e0873" />
      <TestMethod codeBase="C:/Program Files (x86)/Jenkins/jobs/Unit Test On TPA/workspace/bin/Debug/TaxProfileAssistantTests.dll" adapterTypeName="Microsoft.VisualStudio.TestTools.TestTypes.Unit.UnitTestAdapter, Microsoft.VisualStudio.QualityTools.Tips.UnitTest.Adapter, Version=12.0.0.0, Culture=neutral, PublicKeyToken=b03f5f7f11d50a3a" className="TaxProfileAssistantTest.Controllers.Tests.ThreadProcessControllerTests, TaxProfileAssistantTests, Version=1.0.0.0, Culture=neutral, PublicKeyToken=null" name="ThreadProcessControllerGetThreadProcessStatus_ToCheckIfItSetsTheThreadStatusToTrue" />
    </UnitTest>
    <UnitTest name="GetAvaERPCountryMappingTestToCheckIfItReturnsListOfAvaERPCountryMapping" storage="taxprofileassistanttests.dll" id="fa7f414b-4f9e-d36d-c877-57f7c7c302ee">
      <Execution id="5e94f9f5-2b8e-45ef-aeff-804f79a5836f" />
      <TestMethod codeBase="C:/Program Files (x86)/Jenkins/jobs/Unit Test On TPA/workspace/bin/Debug/TaxProfileAssistantTests.dll" adapterTypeName="Microsoft.VisualStudio.TestTools.TestTypes.Unit.UnitTestAdapter, Microsoft.VisualStudio.QualityTools.Tips.UnitTest.Adapter, Version=12.0.0.0, Culture=neutral, PublicKeyToken=b03f5f7f11d50a3a" className="TaxProfileAssistantTest.Utils.Tests.AvaTaxProfileAssistantHelperTests, TaxProfileAssistantTests, Version=1.0.0.0, Culture=neutral, PublicKeyToken=null" name="GetAvaERPCountryMappingTestToCheckIfItReturnsListOfAvaERPCountryMapping" />
    </UnitTest>
    <UnitTest name="Utils_AccountServiceTest_CheckIfServiceConnectionFailsWithWrongPassword" storage="taxprofileassistanttests.dll" id="65c8ada7-37d2-3a5c-474f-a3ed3aa1ec52">
      <Execution id="da7e87c5-3c78-4f66-ab39-a5cd3e3ba796" />
      <TestMethod codeBase="C:/Program Files (x86)/Jenkins/jobs/Unit Test On TPA/workspace/bin/Debug/TaxProfileAssistantTests.dll" adapterTypeName="Microsoft.VisualStudio.TestTools.TestTypes.Unit.UnitTestAdapter, Microsoft.VisualStudio.QualityTools.Tips.UnitTest.Adapter, Version=12.0.0.0, Culture=neutral, PublicKeyToken=b03f5f7f11d50a3a" className="TaxProfileAssistantTest.Utils.Tests.AccountServiceTests, TaxProfileAssistantTests, Version=1.0.0.0, Culture=neutral, PublicKeyToken=null" name="Utils_AccountServiceTest_CheckIfServiceConnectionFailsWithWrongPassword" />
    </UnitTest>
    <UnitTest name="DoConnectionTestToCheckIfItReturnsTheNexusSetupString" storage="taxprofileassistanttests.dll" id="9fa3a964-1974-2634-bc5d-cff8786574e1">
      <Execution id="01c99c71-da99-4d78-9878-40b227995f0a" />
      <TestMethod codeBase="C:/Program Files (x86)/Jenkins/jobs/Unit Test On TPA/workspace/bin/Debug/TaxProfileAssistantTests.dll" adapterTypeName="Microsoft.VisualStudio.TestTools.TestTypes.Unit.UnitTestAdapter, Microsoft.VisualStudio.QualityTools.Tips.UnitTest.Adapter, Version=12.0.0.0, Culture=neutral, PublicKeyToken=b03f5f7f11d50a3a" className="TaxProfileAssistantTest.Controllers.Tests.CredentialsControllerTests, TaxProfileAssistantTests, Version=1.0.0.0, Culture=neutral, PublicKeyToken=null" name="DoConnectionTestToCheckIfItReturnsTheNexusSetupString" />
    </UnitTest>
    <UnitTest name="GetStateCodeTestToCheckIfItReturnsCorrectStateCode" storage="taxprofileassistanttests.dll" id="62abb762-c706-597d-3f90-4d357940b3cf">
      <Execution id="e5384721-dbe6-482e-9525-b749b04629ea" />
      <TestMethod codeBase="C:/Program Files (x86)/Jenkins/jobs/Unit Test On TPA/workspace/bin/Debug/TaxProfileAssistantTests.dll" adapterTypeName="Microsoft.VisualStudio.TestTools.TestTypes.Unit.UnitTestAdapter, Microsoft.VisualStudio.QualityTools.Tips.UnitTest.Adapter, Version=12.0.0.0, Culture=neutral, PublicKeyToken=b03f5f7f11d50a3a" className="TaxProfileAssistantTest.Utils.Tests.AvaTaxProfileAssistantHelperTests, TaxProfileAssistantTests, Version=1.0.0.0, Culture=neutral, PublicKeyToken=null" name="GetStateCodeTestToCheckIfItReturnsCorrectStateCode" />
    </UnitTest>
    <UnitTest name="DecryptTest" storage="taxprofileassistanttests.dll" id="7645c007-9f96-3c94-30b3-128c449e4fa7">
      <Execution id="e9698d80-0342-4734-ba92-64e8e0a929fe" />
      <TestMethod codeBase="C:/Program Files (x86)/Jenkins/jobs/Unit Test On TPA/workspace/bin/Debug/TaxProfileAssistantTests.dll" adapterTypeName="Microsoft.VisualStudio.TestTools.TestTypes.Unit.UnitTestAdapter, Microsoft.VisualStudio.QualityTools.Tips.UnitTest.Adapter, Version=12.0.0.0, Culture=neutral, PublicKeyToken=b03f5f7f11d50a3a" className="TaxProfileAssistant.Utils.Tests.CryptoGrapherTests, TaxProfileAssistantTests, Version=1.0.0.0, Culture=neutral, PublicKeyToken=null" name="DecryptTest" />
    </UnitTest>
    <UnitTest name="GetAvaERPSettingMasterTestToCheckIfItReturnsAvaERPSettingMaster" storage="taxprofileassistanttests.dll" id="5b22e0d6-dcba-cde8-d2f8-56a2b3ec511f">
      <Execution id="0a5cb849-8685-4c23-8ed0-77692c8dc692" />
      <TestMethod codeBase="C:/Program Files (x86)/Jenkins/jobs/Unit Test On TPA/workspace/bin/Debug/TaxProfileAssistantTests.dll" adapterTypeName="Microsoft.VisualStudio.TestTools.TestTypes.Unit.UnitTestAdapter, Microsoft.VisualStudio.QualityTools.Tips.UnitTest.Adapter, Version=12.0.0.0, Culture=neutral, PublicKeyToken=b03f5f7f11d50a3a" className="TaxProfileAssistantTest.Utils.Tests.AvaTaxProfileAssistantHelperTests, TaxProfileAssistantTests, Version=1.0.0.0, Culture=neutral, PublicKeyToken=null" name="GetAvaERPSettingMasterTestToCheckIfItReturnsAvaERPSettingMaster" />
    </UnitTest>
    <UnitTest name="Utils_AccountServiceTest_CheckIfServiceConnectionFailsWithNoWebService" storage="taxprofileassistanttests.dll" id="8ea8d155-d876-cac3-4b2e-cecb9cd43c96">
      <Execution id="43780506-0c49-42aa-a9c1-bfb8e50a64cb" />
      <TestMethod codeBase="C:/Program Files (x86)/Jenkins/jobs/Unit Test On TPA/workspace/bin/Debug/TaxProfileAssistantTests.dll" adapterTypeName="Microsoft.VisualStudio.TestTools.TestTypes.Unit.UnitTestAdapter, Microsoft.VisualStudio.QualityTools.Tips.UnitTest.Adapter, Version=12.0.0.0, Culture=neutral, PublicKeyToken=b03f5f7f11d50a3a" className="TaxProfileAssistantTest.Utils.Tests.AccountServiceTests, TaxProfileAssistantTests, Version=1.0.0.0, Culture=neutral, PublicKeyToken=null" name="Utils_AccountServiceTest_CheckIfServiceConnectionFailsWithNoWebService" />
    </UnitTest>
    <UnitTest name="CreateCompanyTestToCheckIfCorrectResultTypeIsReturned" storage="taxprofileassistanttests.dll" id="75889669-c265-d283-53a4-f97aef5dff6a">
      <Execution id="621e323f-9030-46ca-a4f7-1a559cc4a10a" />
      <TestMethod codeBase="C:/Program Files (x86)/Jenkins/jobs/Unit Test On TPA/workspace/bin/Debug/TaxProfileAssistantTests.dll" adapterTypeName="Microsoft.VisualStudio.TestTools.TestTypes.Unit.UnitTestAdapter, Microsoft.VisualStudio.QualityTools.Tips.UnitTest.Adapter, Version=12.0.0.0, Culture=neutral, PublicKeyToken=b03f5f7f11d50a3a" className="TaxProfileAssistantTest.Utils.Tests.AccountServiceHelperTests, TaxProfileAssistantTests, Version=1.0.0.0, Culture=neutral, PublicKeyToken=null" name="CreateCompanyTestToCheckIfCorrectResultTypeIsReturned" />
    </UnitTest>
    <UnitTest name="CreateComapnyController_CreateNewCompanyTestToCheckIfItReturnsCreateCompanyIndexViewWhenCompanyIsNotCreated" storage="taxprofileassistanttests.dll" id="b8d5336c-bbfa-3045-d45d-ddaaa56daaf4">
      <Execution id="4c7e6c5a-7b88-4069-be52-13352e0385c0" />
      <TestMethod codeBase="C:/Program Files (x86)/Jenkins/jobs/Unit Test On TPA/workspace/bin/Debug/TaxProfileAssistantTests.dll" adapterTypeName="Microsoft.VisualStudio.TestTools.TestTypes.Unit.UnitTestAdapter, Microsoft.VisualStudio.QualityTools.Tips.UnitTest.Adapter, Version=12.0.0.0, Culture=neutral, PublicKeyToken=b03f5f7f11d50a3a" className="TaxProfileAssistantTest.Controllers.Tests.CreateCompanyControllerTests, TaxProfileAssistantTests, Version=1.0.0.0, Culture=neutral, PublicKeyToken=null" name="CreateComapnyController_CreateNewCompanyTestToCheckIfItReturnsCreateCompanyIndexViewWhenCompanyIsNotCreated" />
    </UnitTest>
    <UnitTest name="GetCreateCompanyInfoTestToCheckIfCorrectCompanyDetailsAreReturned" storage="taxprofileassistanttests.dll" id="80fc4657-0883-3a19-35e1-593fd0b95ca5">
      <Execution id="3d49b346-8929-4eb0-b2b8-37488fc0ae61" />
      <TestMethod codeBase="C:/Program Files (x86)/Jenkins/jobs/Unit Test On TPA/workspace/bin/Debug/TaxProfileAssistantTests.dll" adapterTypeName="Microsoft.VisualStudio.TestTools.TestTypes.Unit.UnitTestAdapter, Microsoft.VisualStudio.QualityTools.Tips.UnitTest.Adapter, Version=12.0.0.0, Culture=neutral, PublicKeyToken=b03f5f7f11d50a3a" className="TaxProfileAssistantTest.Utils.Tests.AvaTaxProfileAssistantHelperTests, TaxProfileAssistantTests, Version=1.0.0.0, Culture=neutral, PublicKeyToken=null" name="GetCreateCompanyInfoTestToCheckIfCorrectCompanyDetailsAreReturned" />
    </UnitTest>
    <UnitTest name="HomepageController_DoConnectionMethodTest_With_Wrong_OR_Empty_LicenseKey" storage="taxprofileassistanttests.dll" id="8ecdf572-0222-d710-0454-0566cf8c843e">
      <Execution id="a4c9a780-de93-4301-8f79-9a5c4812a8bd" />
      <TestMethod codeBase="C:/Program Files (x86)/Jenkins/jobs/Unit Test On TPA/workspace/bin/Debug/TaxProfileAssistantTests.dll" adapterTypeName="Microsoft.VisualStudio.TestTools.TestTypes.Unit.UnitTestAdapter, Microsoft.VisualStudio.QualityTools.Tips.UnitTest.Adapter, Version=12.0.0.0, Culture=neutral, PublicKeyToken=b03f5f7f11d50a3a" className="TaxProfileAssistantTest.Controllers.Tests.HomepageControllerTests, TaxProfileAssistantTests, Version=1.0.0.0, Culture=neutral, PublicKeyToken=null" name="HomepageController_DoConnectionMethodTest_With_Wrong_OR_Empty_LicenseKey" />
    </UnitTest>
    <UnitTest name="Utils_AccountServiceTest_CheckIfServiceConnectionFailsWithWrongAccountNumber" storage="taxprofileassistanttests.dll" id="8b340f55-9bdc-a4e1-c690-80d946ea20ff">
      <Execution id="713dc8bb-76a4-41e6-85c3-802ce8aaf031" />
      <TestMethod codeBase="C:/Program Files (x86)/Jenkins/jobs/Unit Test On TPA/workspace/bin/Debug/TaxProfileAssistantTests.dll" adapterTypeName="Microsoft.VisualStudio.TestTools.TestTypes.Unit.UnitTestAdapter, Microsoft.VisualStudio.QualityTools.Tips.UnitTest.Adapter, Version=12.0.0.0, Culture=neutral, PublicKeyToken=b03f5f7f11d50a3a" className="TaxProfileAssistantTest.Utils.Tests.AccountServiceTests, TaxProfileAssistantTests, Version=1.0.0.0, Culture=neutral, PublicKeyToken=null" name="Utils_AccountServiceTest_CheckIfServiceConnectionFailsWithWrongAccountNumber" />
    </UnitTest>
    <UnitTest name="GetAvaERPSettingOtherDetailsTestToCheckReturnType" storage="taxprofileassistanttests.dll" id="4eea53d3-ec57-2035-fea2-448a72c8043a">
      <Execution id="58127a35-b21f-460f-b6a6-014eec25f200" />
      <TestMethod codeBase="C:/Program Files (x86)/Jenkins/jobs/Unit Test On TPA/workspace/bin/Debug/TaxProfileAssistantTests.dll" adapterTypeName="Microsoft.VisualStudio.TestTools.TestTypes.Unit.UnitTestAdapter, Microsoft.VisualStudio.QualityTools.Tips.UnitTest.Adapter, Version=12.0.0.0, Culture=neutral, PublicKeyToken=b03f5f7f11d50a3a" className="TaxProfileAssistantTest.Utils.Tests.AvaTaxProfileAssistantHelperTests, TaxProfileAssistantTests, Version=1.0.0.0, Culture=neutral, PublicKeyToken=null" name="GetAvaERPSettingOtherDetailsTestToCheckReturnType" />
    </UnitTest>
    <UnitTest name="HomepageController_DoConnectionMethodTest_Without_WebserviceURL" storage="taxprofileassistanttests.dll" id="71f5e872-dd63-5dc1-a52c-a549a5cff4b4">
      <Execution id="d3d5430b-d970-4ffc-b62a-7056994bfe8c" />
      <TestMethod codeBase="C:/Program Files (x86)/Jenkins/jobs/Unit Test On TPA/workspace/bin/Debug/TaxProfileAssistantTests.dll" adapterTypeName="Microsoft.VisualStudio.TestTools.TestTypes.Unit.UnitTestAdapter, Microsoft.VisualStudio.QualityTools.Tips.UnitTest.Adapter, Version=12.0.0.0, Culture=neutral, PublicKeyToken=b03f5f7f11d50a3a" className="TaxProfileAssistantTest.Controllers.Tests.HomepageControllerTests, TaxProfileAssistantTests, Version=1.0.0.0, Culture=neutral, PublicKeyToken=null" name="HomepageController_DoConnectionMethodTest_Without_WebserviceURL" />
    </UnitTest>
    <UnitTest name="TrimCodeTestToCheckIfFirstTwoLettersOfStringAreReturned" storage="taxprofileassistanttests.dll" id="28307220-18de-ec29-b1f7-7c81b794db39">
      <Execution id="572c4f3a-2e23-4870-8fa6-279857c7f8f5" />
      <TestMethod codeBase="C:/Program Files (x86)/Jenkins/jobs/Unit Test On TPA/workspace/bin/Debug/TaxProfileAssistantTests.dll" adapterTypeName="Microsoft.VisualStudio.TestTools.TestTypes.Unit.UnitTestAdapter, Microsoft.VisualStudio.QualityTools.Tips.UnitTest.Adapter, Version=12.0.0.0, Culture=neutral, PublicKeyToken=b03f5f7f11d50a3a" className="TaxProfileAssistantTest.Utils.Tests.AvaTaxProfileAssistantHelperTests, TaxProfileAssistantTests, Version=1.0.0.0, Culture=neutral, PublicKeyToken=null" name="TrimCodeTestToCheckIfFirstTwoLettersOfStringAreReturned" />
    </UnitTest>
    <UnitTest name="NexusSetupController_IndexMethod_ReturnsNexusListThroughViewTest" storage="taxprofileassistanttests.dll" id="fa7577ea-6cd0-48a9-d9e0-969588efc499">
      <Execution id="2ee4a9d9-fe83-4a2b-84d9-e4177f78db8e" />
      <TestMethod codeBase="C:/Program Files (x86)/Jenkins/jobs/Unit Test On TPA/workspace/bin/Debug/TaxProfileAssistantTests.dll" adapterTypeName="Microsoft.VisualStudio.TestTools.TestTypes.Unit.UnitTestAdapter, Microsoft.VisualStudio.QualityTools.Tips.UnitTest.Adapter, Version=12.0.0.0, Culture=neutral, PublicKeyToken=b03f5f7f11d50a3a" className="TaxProfileAssistantTest.Controllers.Tests.NexusSetupControllerTests, TaxProfileAssistantTests, Version=1.0.0.0, Culture=neutral, PublicKeyToken=null" name="NexusSetupController_IndexMethod_ReturnsNexusListThroughViewTest" />
    </UnitTest>
    <UnitTest name="HomepageController_DoConnectionMethodTest_WithWrongAccountPassword" storage="taxprofileassistanttests.dll" id="a35fa93e-6a52-ae38-9da2-f20dd82f4235">
      <Execution id="75c8459f-0f78-4af3-9a5d-7092bbb21ef5" />
      <TestMethod codeBase="C:/Program Files (x86)/Jenkins/jobs/Unit Test On TPA/workspace/bin/Debug/TaxProfileAssistantTests.dll" adapterTypeName="Microsoft.VisualStudio.TestTools.TestTypes.Unit.UnitTestAdapter, Microsoft.VisualStudio.QualityTools.Tips.UnitTest.Adapter, Version=12.0.0.0, Culture=neutral, PublicKeyToken=b03f5f7f11d50a3a" className="TaxProfileAssistantTest.Controllers.Tests.HomepageControllerTests, TaxProfileAssistantTests, Version=1.0.0.0, Culture=neutral, PublicKeyToken=null" name="HomepageController_DoConnectionMethodTest_WithWrongAccountPassword" />
    </UnitTest>
    <UnitTest name="EncryptTest" storage="taxprofileassistanttests.dll" id="a62fdc76-ce77-306e-6875-75045976fc54">
      <Execution id="695ca607-ed55-4795-b0e1-adce975ffbfa" />
      <TestMethod codeBase="C:/Program Files (x86)/Jenkins/jobs/Unit Test On TPA/workspace/bin/Debug/TaxProfileAssistantTests.dll" adapterTypeName="Microsoft.VisualStudio.TestTools.TestTypes.Unit.UnitTestAdapter, Microsoft.VisualStudio.QualityTools.Tips.UnitTest.Adapter, Version=12.0.0.0, Culture=neutral, PublicKeyToken=b03f5f7f11d50a3a" className="TaxProfileAssistant.Utils.Tests.CryptoGrapherTests, TaxProfileAssistantTests, Version=1.0.0.0, Culture=neutral, PublicKeyToken=null" name="EncryptTest" />
    </UnitTest>
    <UnitTest name="GetAvaERPCountryMappingTestToCheckIfItReturnsCorrectNumberOfMappedCountries" storage="taxprofileassistanttests.dll" id="3089d1a9-6439-c1f9-cb57-6667eb7d6988">
      <Execution id="acd09938-737c-47c7-ab06-268e94435b6e" />
      <TestMethod codeBase="C:/Program Files (x86)/Jenkins/jobs/Unit Test On TPA/workspace/bin/Debug/TaxProfileAssistantTests.dll" adapterTypeName="Microsoft.VisualStudio.TestTools.TestTypes.Unit.UnitTestAdapter, Microsoft.VisualStudio.QualityTools.Tips.UnitTest.Adapter, Version=12.0.0.0, Culture=neutral, PublicKeyToken=b03f5f7f11d50a3a" className="TaxProfileAssistantTest.Utils.Tests.AvaTaxProfileAssistantHelperTests, TaxProfileAssistantTests, Version=1.0.0.0, Culture=neutral, PublicKeyToken=null" name="GetAvaERPCountryMappingTestToCheckIfItReturnsCorrectNumberOfMappedCountries" />
    </UnitTest>
    <UnitTest name="Utils_AccountServiceCreateCompanyTest_CheckIfCompanySaveResultIsReturned" storage="taxprofileassistanttests.dll" id="599dba34-c429-2c5f-4fa2-48664c6a1d11">
      <Execution id="d51e2179-bc35-44d5-b58b-ac7cdf43ea48" />
      <TestMethod codeBase="C:/Program Files (x86)/Jenkins/jobs/Unit Test On TPA/workspace/bin/Debug/TaxProfileAssistantTests.dll" adapterTypeName="Microsoft.VisualStudio.TestTools.TestTypes.Unit.UnitTestAdapter, Microsoft.VisualStudio.QualityTools.Tips.UnitTest.Adapter, Version=12.0.0.0, Culture=neutral, PublicKeyToken=b03f5f7f11d50a3a" className="TaxProfileAssistantTest.Utils.Tests.AccountServiceTests, TaxProfileAssistantTests, Version=1.0.0.0, Culture=neutral, PublicKeyToken=null" name="Utils_AccountServiceCreateCompanyTest_CheckIfCompanySaveResultIsReturned" />
    </UnitTest>
    <UnitTest name="InsertCreateCompanyInfoTestToCheckCompanyInfoInsertionInDatabase" storage="taxprofileassistanttests.dll" id="49de04a8-3475-e457-fcc7-c5ff8182cb45">
      <Execution id="99c504c1-672a-4dca-abba-ede9e380a2c8" />
      <TestMethod codeBase="C:/Program Files (x86)/Jenkins/jobs/Unit Test On TPA/workspace/bin/Debug/TaxProfileAssistantTests.dll" adapterTypeName="Microsoft.VisualStudio.TestTools.TestTypes.Unit.UnitTestAdapter, Microsoft.VisualStudio.QualityTools.Tips.UnitTest.Adapter, Version=12.0.0.0, Culture=neutral, PublicKeyToken=b03f5f7f11d50a3a" className="TaxProfileAssistantTest.Utils.Tests.AvaTaxProfileAssistantHelperTests, TaxProfileAssistantTests, Version=1.0.0.0, Culture=neutral, PublicKeyToken=null" name="InsertCreateCompanyInfoTestToCheckCompanyInfoInsertionInDatabase" />
    </UnitTest>
    <UnitTest name="GetValidationErrorMessagesTestForValidModel" storage="taxprofileassistanttests.dll" id="f0b69de5-f4d3-a76f-4856-6f62d3b4aa24">
      <Execution id="c08c56ba-6c68-497d-8abf-8572dc4c6c3c" />
      <TestMethod codeBase="C:/Program Files (x86)/Jenkins/jobs/Unit Test On TPA/workspace/bin/Debug/TaxProfileAssistantTests.dll" adapterTypeName="Microsoft.VisualStudio.TestTools.TestTypes.Unit.UnitTestAdapter, Microsoft.VisualStudio.QualityTools.Tips.UnitTest.Adapter, Version=12.0.0.0, Culture=neutral, PublicKeyToken=b03f5f7f11d50a3a" className="TaxProfileAssistantTest.Utils.Tests.AvaTaxProfileAssistantHelperTests, TaxProfileAssistantTests, Version=1.0.0.0, Culture=neutral, PublicKeyToken=null" name="GetValidationErrorMessagesTestForValidModel" />
    </UnitTest>
    <UnitTest name="GetAccountInfoBySecureKeyTestToCheckIfCorrectAccountInfoDetailsAreFetched" storage="taxprofileassistanttests.dll" id="df0b6139-dd6a-09f5-16c0-a4f9b3f286c9">
      <Execution id="6fa5c046-f47f-4302-b6be-c8625b1df882" />
      <TestMethod codeBase="C:/Program Files (x86)/Jenkins/jobs/Unit Test On TPA/workspace/bin/Debug/TaxProfileAssistantTests.dll" adapterTypeName="Microsoft.VisualStudio.TestTools.TestTypes.Unit.UnitTestAdapter, Microsoft.VisualStudio.QualityTools.Tips.UnitTest.Adapter, Version=12.0.0.0, Culture=neutral, PublicKeyToken=b03f5f7f11d50a3a" className="TaxProfileAssistantTest.Utils.Tests.AvaTaxProfileAssistantHelperTests, TaxProfileAssistantTests, Version=1.0.0.0, Culture=neutral, PublicKeyToken=null" name="GetAccountInfoBySecureKeyTestToCheckIfCorrectAccountInfoDetailsAreFetched" />
    </UnitTest>
    <UnitTest name="NexusSetupController_GetNexusList_ReturnsListOfNexusMasterTest" storage="taxprofileassistanttests.dll" id="22c60556-7fa9-d487-328f-5164eb9b40d4">
      <Execution id="ddd3f2ed-11f8-48f9-a0c4-d4aa028a9cc9" />
      <TestMethod codeBase="C:/Program Files (x86)/Jenkins/jobs/Unit Test On TPA/workspace/bin/Debug/TaxProfileAssistantTests.dll" adapterTypeName="Microsoft.VisualStudio.TestTools.TestTypes.Unit.UnitTestAdapter, Microsoft.VisualStudio.QualityTools.Tips.UnitTest.Adapter, Version=12.0.0.0, Culture=neutral, PublicKeyToken=b03f5f7f11d50a3a" className="TaxProfileAssistantTest.Controllers.Tests.NexusSetupControllerTests, TaxProfileAssistantTests, Version=1.0.0.0, Culture=neutral, PublicKeyToken=null" name="NexusSetupController_GetNexusList_ReturnsListOfNexusMasterTest" />
    </UnitTest>
    <UnitTest name="HomepageController_DoConnectionMethodTestWithInvalidUsernameParameter" storage="taxprofileassistanttests.dll" id="e673fb06-1d85-1d42-0695-b08d8c74bbcd">
      <Execution id="abe9a7f6-3490-47e7-abc1-5856ac313c1a" />
      <TestMethod codeBase="C:/Program Files (x86)/Jenkins/jobs/Unit Test On TPA/workspace/bin/Debug/TaxProfileAssistantTests.dll" adapterTypeName="Microsoft.VisualStudio.TestTools.TestTypes.Unit.UnitTestAdapter, Microsoft.VisualStudio.QualityTools.Tips.UnitTest.Adapter, Version=12.0.0.0, Culture=neutral, PublicKeyToken=b03f5f7f11d50a3a" className="TaxProfileAssistantTest.Controllers.Tests.HomepageControllerTests, TaxProfileAssistantTests, Version=1.0.0.0, Culture=neutral, PublicKeyToken=null" name="HomepageController_DoConnectionMethodTestWithInvalidUsernameParameter" />
    </UnitTest>
    <UnitTest name="InsertHelpLinkTestToCheckInsertionOfHelpLinksInDatabase" storage="taxprofileassistanttests.dll" id="a5000200-e64f-84fe-ff51-32dc13c3b330">
      <Execution id="8f903694-5b61-4ec8-9407-aabb6a57ffc9" />
      <TestMethod codeBase="C:/Program Files (x86)/Jenkins/jobs/Unit Test On TPA/workspace/bin/Debug/TaxProfileAssistantTests.dll" adapterTypeName="Microsoft.VisualStudio.TestTools.TestTypes.Unit.UnitTestAdapter, Microsoft.VisualStudio.QualityTools.Tips.UnitTest.Adapter, Version=12.0.0.0, Culture=neutral, PublicKeyToken=b03f5f7f11d50a3a" className="TaxProfileAssistantTest.Utils.Tests.AvaTaxProfileAssistantHelperTests, TaxProfileAssistantTests, Version=1.0.0.0, Culture=neutral, PublicKeyToken=null" name="InsertHelpLinkTestToCheckInsertionOfHelpLinksInDatabase" />
    </UnitTest>
    <UnitTest name="CredentialsControllerIndexTest_ReturnsCorrectViewWhenAccountInfoObjectIsNull" storage="taxprofileassistanttests.dll" id="0a3135db-6304-2f92-93f1-2e53f6f241a2">
      <Execution id="b3ce34c8-5371-4b03-8a44-60f37c7ba378" />
      <TestMethod codeBase="C:/Program Files (x86)/Jenkins/jobs/Unit Test On TPA/workspace/bin/Debug/TaxProfileAssistantTests.dll" adapterTypeName="Microsoft.VisualStudio.TestTools.TestTypes.Unit.UnitTestAdapter, Microsoft.VisualStudio.QualityTools.Tips.UnitTest.Adapter, Version=12.0.0.0, Culture=neutral, PublicKeyToken=b03f5f7f11d50a3a" className="TaxProfileAssistantTest.Controllers.Tests.CredentialsControllerTests, TaxProfileAssistantTests, Version=1.0.0.0, Culture=neutral, PublicKeyToken=null" name="CredentialsControllerIndexTest_ReturnsCorrectViewWhenAccountInfoObjectIsNull" />
    </UnitTest>
    <UnitTest name="ParseCodeTestToCheckIfCorrectCodeIsReturnedForStateOrCountry" storage="taxprofileassistanttests.dll" id="4da1d342-ed22-6bd4-ba59-57956846af96">
      <Execution id="a3c88f8b-7a16-416f-9e2f-1b0b6695135d" />
      <TestMethod codeBase="C:/Program Files (x86)/Jenkins/jobs/Unit Test On TPA/workspace/bin/Debug/TaxProfileAssistantTests.dll" adapterTypeName="Microsoft.VisualStudio.TestTools.TestTypes.Unit.UnitTestAdapter, Microsoft.VisualStudio.QualityTools.Tips.UnitTest.Adapter, Version=12.0.0.0, Culture=neutral, PublicKeyToken=b03f5f7f11d50a3a" className="TaxProfileAssistantTest.Utils.Tests.AvaTaxProfileAssistantHelperTests, TaxProfileAssistantTests, Version=1.0.0.0, Culture=neutral, PublicKeyToken=null" name="ParseCodeTestToCheckIfCorrectCodeIsReturnedForStateOrCountry" />
    </UnitTest>
    <UnitTest name="InsertAvaERPSettingTestToCheckInsertionOfAvaERPSettingsInDatabase" storage="taxprofileassistanttests.dll" id="f032ab33-aa14-319d-96ff-e7ae1f1e6d87">
      <Execution id="a3ffbfdc-58a6-4fa7-90a4-0a76d3b7a442" />
      <TestMethod codeBase="C:/Program Files (x86)/Jenkins/jobs/Unit Test On TPA/workspace/bin/Debug/TaxProfileAssistantTests.dll" adapterTypeName="Microsoft.VisualStudio.TestTools.TestTypes.Unit.UnitTestAdapter, Microsoft.VisualStudio.QualityTools.Tips.UnitTest.Adapter, Version=12.0.0.0, Culture=neutral, PublicKeyToken=b03f5f7f11d50a3a" className="TaxProfileAssistantTest.Utils.Tests.AvaTaxProfileAssistantHelperTests, TaxProfileAssistantTests, Version=1.0.0.0, Culture=neutral, PublicKeyToken=null" name="InsertAvaERPSettingTestToCheckInsertionOfAvaERPSettingsInDatabase" />
    </UnitTest>
    <UnitTest name="DoConnectionTestToCheckIfItReturnsTheCreateCompanyString" storage="taxprofileassistanttests.dll" id="70bd190d-1a2c-a600-0666-091dc90965ea">
      <Execution id="ad24f092-0c25-4283-86ff-f9e802c7b291" />
      <TestMethod codeBase="C:/Program Files (x86)/Jenkins/jobs/Unit Test On TPA/workspace/bin/Debug/TaxProfileAssistantTests.dll" adapterTypeName="Microsoft.VisualStudio.TestTools.TestTypes.Unit.UnitTestAdapter, Microsoft.VisualStudio.QualityTools.Tips.UnitTest.Adapter, Version=12.0.0.0, Culture=neutral, PublicKeyToken=b03f5f7f11d50a3a" className="TaxProfileAssistantTest.Controllers.Tests.CredentialsControllerTests, TaxProfileAssistantTests, Version=1.0.0.0, Culture=neutral, PublicKeyToken=null" name="DoConnectionTestToCheckIfItReturnsTheCreateCompanyString" />
    </UnitTest>
    <UnitTest name="InsertCustomersTestToCheckInsertionOfCustomerRecordsInDatabase" storage="taxprofileassistanttests.dll" id="a6723370-278e-4fc7-2458-d5c277a7e5f1">
      <Execution id="86db42a7-a093-4fa5-8102-f584f1a91750" />
      <TestMethod codeBase="C:/Program Files (x86)/Jenkins/jobs/Unit Test On TPA/workspace/bin/Debug/TaxProfileAssistantTests.dll" adapterTypeName="Microsoft.VisualStudio.TestTools.TestTypes.Unit.UnitTestAdapter, Microsoft.VisualStudio.QualityTools.Tips.UnitTest.Adapter, Version=12.0.0.0, Culture=neutral, PublicKeyToken=b03f5f7f11d50a3a" className="TaxProfileAssistantTest.Utils.Tests.AvaTaxProfileAssistantHelperTests, TaxProfileAssistantTests, Version=1.0.0.0, Culture=neutral, PublicKeyToken=null" name="InsertCustomersTestToCheckInsertionOfCustomerRecordsInDatabase" />
    </UnitTest>
    <UnitTest name="GetThreadProcessStatus_ToCheckIfItSetsTheThreadStatusToFalseWithInvalidThreadNameParameter" storage="taxprofileassistanttests.dll" id="d960c2ef-ecd9-7642-3352-48812e16193f">
      <Execution id="82112bd0-01f9-4d81-a837-8239165ebec2" />
      <TestMethod codeBase="C:/Program Files (x86)/Jenkins/jobs/Unit Test On TPA/workspace/bin/Debug/TaxProfileAssistantTests.dll" adapterTypeName="Microsoft.VisualStudio.TestTools.TestTypes.Unit.UnitTestAdapter, Microsoft.VisualStudio.QualityTools.Tips.UnitTest.Adapter, Version=12.0.0.0, Culture=neutral, PublicKeyToken=b03f5f7f11d50a3a" className="TaxProfileAssistantTest.Controllers.Tests.ThreadProcessControllerTests, TaxProfileAssistantTests, Version=1.0.0.0, Culture=neutral, PublicKeyToken=null" name="GetThreadProcessStatus_ToCheckIfItSetsTheThreadStatusToFalseWithInvalidThreadNameParameter" />
    </UnitTest>
    <UnitTest name="ThreadProcessControllerGetThreadProcessStatus_ToCheckIfItSetsTheThreadStatusToFalse" storage="taxprofileassistanttests.dll" id="c98547e9-c8e2-3402-0a77-2b5eee7605a0">
      <Execution id="e70443d2-e6b5-4a62-98c4-0d60b601cd9c" />
      <TestMethod codeBase="C:/Program Files (x86)/Jenkins/jobs/Unit Test On TPA/workspace/bin/Debug/TaxProfileAssistantTests.dll" adapterTypeName="Microsoft.VisualStudio.TestTools.TestTypes.Unit.UnitTestAdapter, Microsoft.VisualStudio.QualityTools.Tips.UnitTest.Adapter, Version=12.0.0.0, Culture=neutral, PublicKeyToken=b03f5f7f11d50a3a" className="TaxProfileAssistantTest.Controllers.Tests.ThreadProcessControllerTests, TaxProfileAssistantTests, Version=1.0.0.0, Culture=neutral, PublicKeyToken=null" name="ThreadProcessControllerGetThreadProcessStatus_ToCheckIfItSetsTheThreadStatusToFalse" />
    </UnitTest>
    <UnitTest name="PostMethod_ReturnURL_Test" storage="taxprofileassistanttests.dll" id="e91a96f3-3947-7ca6-02dd-a935b456f015">
      <Execution id="6959fce5-fea6-4b94-9678-902e84cd3404" />
      <TestMethod codeBase="C:/Program Files (x86)/Jenkins/jobs/Unit Test On TPA/workspace/bin/Debug/TaxProfileAssistantTests.dll" adapterTypeName="Microsoft.VisualStudio.TestTools.TestTypes.Unit.UnitTestAdapter, Microsoft.VisualStudio.QualityTools.Tips.UnitTest.Adapter, Version=12.0.0.0, Culture=neutral, PublicKeyToken=b03f5f7f11d50a3a" className="TaxProfileAssistantTest.Controllers.Tests.TaxProfileAssistantControllerTests, TaxProfileAssistantTests, Version=1.0.0.0, Culture=neutral, PublicKeyToken=null" name="PostMethod_ReturnURL_Test" />
    </UnitTest>
    <UnitTest name="Utils_AccountServiceTest_CheckIfServiceConnectionIsSuccessful" storage="taxprofileassistanttests.dll" id="12a6199e-be53-f401-4d2e-eb16885682b7">
      <Execution id="6d5d0936-fb0e-4918-aa77-93ad0d8f0bab" />
      <TestMethod codeBase="C:/Program Files (x86)/Jenkins/jobs/Unit Test On TPA/workspace/bin/Debug/TaxProfileAssistantTests.dll" adapterTypeName="Microsoft.VisualStudio.TestTools.TestTypes.Unit.UnitTestAdapter, Microsoft.VisualStudio.QualityTools.Tips.UnitTest.Adapter, Version=12.0.0.0, Culture=neutral, PublicKeyToken=b03f5f7f11d50a3a" className="TaxProfileAssistantTest.Utils.Tests.AccountServiceTests, TaxProfileAssistantTests, Version=1.0.0.0, Culture=neutral, PublicKeyToken=null" name="Utils_AccountServiceTest_CheckIfServiceConnectionIsSuccessful" />
    </UnitTest>
    <UnitTest name="AvaSetupReportController_IndexMethod_SetsTheRequiredFieldsToTrue" storage="taxprofileassistanttests.dll" id="edcdc4ac-a5bf-73a6-68c0-eee1b52f429b">
      <Execution id="08ad3a16-44b7-478b-ab93-3fc2b9e55a83" />
      <TestMethod codeBase="C:/Program Files (x86)/Jenkins/jobs/Unit Test On TPA/workspace/bin/Debug/TaxProfileAssistantTests.dll" adapterTypeName="Microsoft.VisualStudio.TestTools.TestTypes.Unit.UnitTestAdapter, Microsoft.VisualStudio.QualityTools.Tips.UnitTest.Adapter, Version=12.0.0.0, Culture=neutral, PublicKeyToken=b03f5f7f11d50a3a" className="TaxProfileAssistantTest.Controllers.Tests.AvaSetupReportControllerTests, TaxProfileAssistantTests, Version=1.0.0.0, Culture=neutral, PublicKeyToken=null" name="AvaSetupReportController_IndexMethod_SetsTheRequiredFieldsToTrue" />
    </UnitTest>
    <UnitTest name="InsertAccountInfoTestToCheckInsertionOfRecordInDatabase" storage="taxprofileassistanttests.dll" id="e09e091f-da52-c994-dbc8-6db95242c5f2">
      <Execution id="2a388ca5-55d2-4bba-a8ba-9263a862d1de" />
      <TestMethod codeBase="C:/Program Files (x86)/Jenkins/jobs/Unit Test On TPA/workspace/bin/Debug/TaxProfileAssistantTests.dll" adapterTypeName="Microsoft.VisualStudio.TestTools.TestTypes.Unit.UnitTestAdapter, Microsoft.VisualStudio.QualityTools.Tips.UnitTest.Adapter, Version=12.0.0.0, Culture=neutral, PublicKeyToken=b03f5f7f11d50a3a" className="TaxProfileAssistantTest.Utils.Tests.AvaTaxProfileAssistantHelperTests, TaxProfileAssistantTests, Version=1.0.0.0, Culture=neutral, PublicKeyToken=null" name="InsertAccountInfoTestToCheckInsertionOfRecordInDatabase" />
    </UnitTest>
    <UnitTest name="HomepageController_DoConnectionMethod_ThrowsExceptionTest" storage="taxprofileassistanttests.dll" id="0161f55c-aa3d-2914-01fb-d73806252821">
      <Execution id="60e4acaf-e304-42c3-a040-1165b32add3d" />
      <TestMethod codeBase="C:/Program Files (x86)/Jenkins/jobs/Unit Test On TPA/workspace/bin/Debug/TaxProfileAssistantTests.dll" adapterTypeName="Microsoft.VisualStudio.TestTools.TestTypes.Unit.UnitTestAdapter, Microsoft.VisualStudio.QualityTools.Tips.UnitTest.Adapter, Version=12.0.0.0, Culture=neutral, PublicKeyToken=b03f5f7f11d50a3a" className="TaxProfileAssistantTest.Controllers.Tests.HomepageControllerTests, TaxProfileAssistantTests, Version=1.0.0.0, Culture=neutral, PublicKeyToken=null" name="HomepageController_DoConnectionMethod_ThrowsExceptionTest" />
    </UnitTest>
    <UnitTest name="Utils_FetchServiceTest_CheckIfServiceFetchResultObjectIsReturned" storage="taxprofileassistanttests.dll" id="e1982b76-49f9-994d-14c5-78c27b396dd5">
      <Execution id="82f0993b-cfb4-4024-a9dd-85d2e85767c6" />
      <TestMethod codeBase="C:/Program Files (x86)/Jenkins/jobs/Unit Test On TPA/workspace/bin/Debug/TaxProfileAssistantTests.dll" adapterTypeName="Microsoft.VisualStudio.TestTools.TestTypes.Unit.UnitTestAdapter, Microsoft.VisualStudio.QualityTools.Tips.UnitTest.Adapter, Version=12.0.0.0, Culture=neutral, PublicKeyToken=b03f5f7f11d50a3a" className="TaxProfileAssistantTest.Utils.Tests.AccountServiceTests, TaxProfileAssistantTests, Version=1.0.0.0, Culture=neutral, PublicKeyToken=null" name="Utils_FetchServiceTest_CheckIfServiceFetchResultObjectIsReturned" />
    </UnitTest>
    <UnitTest name="CredentialsControllerIndexTest_RedirectstoNexusSetupController" storage="taxprofileassistanttests.dll" id="dda1d6b1-665c-7e3c-3b83-9569b5eac58b">
      <Execution id="b9f88880-86e8-42b0-bf53-d8f245f3dd3c" />
      <TestMethod codeBase="C:/Program Files (x86)/Jenkins/jobs/Unit Test On TPA/workspace/bin/Debug/TaxProfileAssistantTests.dll" adapterTypeName="Microsoft.VisualStudio.TestTools.TestTypes.Unit.UnitTestAdapter, Microsoft.VisualStudio.QualityTools.Tips.UnitTest.Adapter, Version=12.0.0.0, Culture=neutral, PublicKeyToken=b03f5f7f11d50a3a" className="TaxProfileAssistantTest.Controllers.Tests.CredentialsControllerTests, TaxProfileAssistantTests, Version=1.0.0.0, Culture=neutral, PublicKeyToken=null" name="CredentialsControllerIndexTest_RedirectstoNexusSetupController" />
    </UnitTest>
    <UnitTest name="GetCustomersListTestToCheckIfItReturnsCorrectNumberOfCustomers" storage="taxprofileassistanttests.dll" id="71958eb4-50c6-7bbc-d946-4ca02e45bf0e">
      <Execution id="645db473-b005-4282-86f0-3d3db2803079" />
      <TestMethod codeBase="C:/Program Files (x86)/Jenkins/jobs/Unit Test On TPA/workspace/bin/Debug/TaxProfileAssistantTests.dll" adapterTypeName="Microsoft.VisualStudio.TestTools.TestTypes.Unit.UnitTestAdapter, Microsoft.VisualStudio.QualityTools.Tips.UnitTest.Adapter, Version=12.0.0.0, Culture=neutral, PublicKeyToken=b03f5f7f11d50a3a" className="TaxProfileAssistantTest.Utils.Tests.AvaTaxProfileAssistantHelperTests, TaxProfileAssistantTests, Version=1.0.0.0, Culture=neutral, PublicKeyToken=null" name="GetCustomersListTestToCheckIfItReturnsCorrectNumberOfCustomers" />
    </UnitTest>
    <UnitTest name="GetLinkListTestToCheckIfItReturnsListOfHelpLinks" storage="taxprofileassistanttests.dll" id="0617750f-3a3a-338f-b4f2-b69494016d03">
      <Execution id="f36dc953-3909-4fe2-a12a-93fc0cd1b1af" />
      <TestMethod codeBase="C:/Program Files (x86)/Jenkins/jobs/Unit Test On TPA/workspace/bin/Debug/TaxProfileAssistantTests.dll" adapterTypeName="Microsoft.VisualStudio.TestTools.TestTypes.Unit.UnitTestAdapter, Microsoft.VisualStudio.QualityTools.Tips.UnitTest.Adapter, Version=12.0.0.0, Culture=neutral, PublicKeyToken=b03f5f7f11d50a3a" className="TaxProfileAssistantTest.Utils.Tests.AvaTaxProfileAssistantHelperTests, TaxProfileAssistantTests, Version=1.0.0.0, Culture=neutral, PublicKeyToken=null" name="GetLinkListTestToCheckIfItReturnsListOfHelpLinks" />
    </UnitTest>
    <UnitTest name="InsertAccountInfoTestToCheckReturnType" storage="taxprofileassistanttests.dll" id="9a48a573-6ec0-a61c-acd3-8cf24e6c03b2">
      <Execution id="dc3cc1b8-0d99-41ad-b2a2-dc260de883c6" />
      <TestMethod codeBase="C:/Program Files (x86)/Jenkins/jobs/Unit Test On TPA/workspace/bin/Debug/TaxProfileAssistantTests.dll" adapterTypeName="Microsoft.VisualStudio.TestTools.TestTypes.Unit.UnitTestAdapter, Microsoft.VisualStudio.QualityTools.Tips.UnitTest.Adapter, Version=12.0.0.0, Culture=neutral, PublicKeyToken=b03f5f7f11d50a3a" className="TaxProfileAssistantTest.Utils.Tests.AvaTaxProfileAssistantHelperTests, TaxProfileAssistantTests, Version=1.0.0.0, Culture=neutral, PublicKeyToken=null" name="InsertAccountInfoTestToCheckReturnType" />
    </UnitTest>
    <UnitTest name="CreateNexusTestToCheckIfNullResultsetIsNotReturned" storage="taxprofileassistanttests.dll" id="583646d2-0274-0d11-452f-b56a063961f3">
      <Execution id="a098f062-5000-4026-911d-f8fbcb4986a9" />
      <TestMethod codeBase="C:/Program Files (x86)/Jenkins/jobs/Unit Test On TPA/workspace/bin/Debug/TaxProfileAssistantTests.dll" adapterTypeName="Microsoft.VisualStudio.TestTools.TestTypes.Unit.UnitTestAdapter, Microsoft.VisualStudio.QualityTools.Tips.UnitTest.Adapter, Version=12.0.0.0, Culture=neutral, PublicKeyToken=b03f5f7f11d50a3a" className="TaxProfileAssistantTest.Utils.Tests.AccountServiceHelperTests, TaxProfileAssistantTests, Version=1.0.0.0, Culture=neutral, PublicKeyToken=null" name="CreateNexusTestToCheckIfNullResultsetIsNotReturned" />
    </UnitTest>
    <UnitTest name="HomepageController_DoConnectionMethodTestWithAllParameters" storage="taxprofileassistanttests.dll" id="ec732a20-06e2-42f2-aff2-0401d0bddece">
      <Execution id="a7c5f739-b154-45c0-aea9-4d5a6eb2190c" />
      <TestMethod codeBase="C:/Program Files (x86)/Jenkins/jobs/Unit Test On TPA/workspace/bin/Debug/TaxProfileAssistantTests.dll" adapterTypeName="Microsoft.VisualStudio.TestTools.TestTypes.Unit.UnitTestAdapter, Microsoft.VisualStudio.QualityTools.Tips.UnitTest.Adapter, Version=12.0.0.0, Culture=neutral, PublicKeyToken=b03f5f7f11d50a3a" className="TaxProfileAssistantTest.Controllers.Tests.HomepageControllerTests, TaxProfileAssistantTests, Version=1.0.0.0, Culture=neutral, PublicKeyToken=null" name="HomepageController_DoConnectionMethodTestWithAllParameters" />
    </UnitTest>
    <UnitTest name="GetValidationErrorMessagesTestForInvalidModel" storage="taxprofileassistanttests.dll" id="aad6e605-a138-27c1-753b-6d026e5c9918">
      <Execution id="a2bcb61f-12ff-46bc-9d80-6b429f485ada" />
      <TestMethod codeBase="C:/Program Files (x86)/Jenkins/jobs/Unit Test On TPA/workspace/bin/Debug/TaxProfileAssistantTests.dll" adapterTypeName="Microsoft.VisualStudio.TestTools.TestTypes.Unit.UnitTestAdapter, Microsoft.VisualStudio.QualityTools.Tips.UnitTest.Adapter, Version=12.0.0.0, Culture=neutral, PublicKeyToken=b03f5f7f11d50a3a" className="TaxProfileAssistantTest.Utils.Tests.AvaTaxProfileAssistantHelperTests, TaxProfileAssistantTests, Version=1.0.0.0, Culture=neutral, PublicKeyToken=null" name="GetValidationErrorMessagesTestForInvalidModel" />
    </UnitTest>
    <UnitTest name="HomepageController_DoConnectionMethodTestWithInvalidAccountInfoParameter" storage="taxprofileassistanttests.dll" id="ef0a5977-5131-859b-ef1c-3facfef0eafe">
      <Execution id="58cb5bb9-207e-4867-bb46-e2b97e1bae79" />
      <TestMethod codeBase="C:/Program Files (x86)/Jenkins/jobs/Unit Test On TPA/workspace/bin/Debug/TaxProfileAssistantTests.dll" adapterTypeName="Microsoft.VisualStudio.TestTools.TestTypes.Unit.UnitTestAdapter, Microsoft.VisualStudio.QualityTools.Tips.UnitTest.Adapter, Version=12.0.0.0, Culture=neutral, PublicKeyToken=b03f5f7f11d50a3a" className="TaxProfileAssistantTest.Controllers.Tests.HomepageControllerTests, TaxProfileAssistantTests, Version=1.0.0.0, Culture=neutral, PublicKeyToken=null" name="HomepageController_DoConnectionMethodTestWithInvalidAccountInfoParameter" />
    </UnitTest>
    <UnitTest name="GetNexusesTestToCheckIfItReturnsNexusMaster" storage="taxprofileassistanttests.dll" id="7f07bc13-c2af-1660-a415-b5cb2abacd4a">
      <Execution id="f7ec5327-c12b-463c-adc7-63b011316244" />
      <TestMethod codeBase="C:/Program Files (x86)/Jenkins/jobs/Unit Test On TPA/workspace/bin/Debug/TaxProfileAssistantTests.dll" adapterTypeName="Microsoft.VisualStudio.TestTools.TestTypes.Unit.UnitTestAdapter, Microsoft.VisualStudio.QualityTools.Tips.UnitTest.Adapter, Version=12.0.0.0, Culture=neutral, PublicKeyToken=b03f5f7f11d50a3a" className="TaxProfileAssistantTest.Utils.Tests.AvaTaxProfileAssistantHelperTests, TaxProfileAssistantTests, Version=1.0.0.0, Culture=neutral, PublicKeyToken=null" name="GetNexusesTestToCheckIfItReturnsNexusMaster" />
    </UnitTest>
    <UnitTest name="HomeController_IndexTestWithXMLOf10000Records" storage="taxprofileassistanttests.dll" id="4b937eab-69e4-209e-d5fa-e4ed6c1d3697">
      <Execution id="34419c98-44b3-45d7-be25-4f4df38ffcc8" />
      <TestMethod codeBase="C:/Program Files (x86)/Jenkins/jobs/Unit Test On TPA/workspace/bin/Debug/TaxProfileAssistantTests.dll" adapterTypeName="Microsoft.VisualStudio.TestTools.TestTypes.Unit.UnitTestAdapter, Microsoft.VisualStudio.QualityTools.Tips.UnitTest.Adapter, Version=12.0.0.0, Culture=neutral, PublicKeyToken=b03f5f7f11d50a3a" className="TaxProfileAssistantTest.Controllers.Tests.HomepageControllerTests, TaxProfileAssistantTests, Version=1.0.0.0, Culture=neutral, PublicKeyToken=null" name="HomeController_IndexTestWithXMLOf10000Records" />
    </UnitTest>
    <UnitTest name="HomeController_IndexTestWithXMLOf1000Records" storage="taxprofileassistanttests.dll" id="61432076-9299-9ebc-e1ee-73dfad40658a">
      <Execution id="f04ee0d0-8d52-435e-bdf0-5a27bde8ca62" />
      <TestMethod codeBase="C:/Program Files (x86)/Jenkins/jobs/Unit Test On TPA/workspace/bin/Debug/TaxProfileAssistantTests.dll" adapterTypeName="Microsoft.VisualStudio.TestTools.TestTypes.Unit.UnitTestAdapter, Microsoft.VisualStudio.QualityTools.Tips.UnitTest.Adapter, Version=12.0.0.0, Culture=neutral, PublicKeyToken=b03f5f7f11d50a3a" className="TaxProfileAssistantTest.Controllers.Tests.HomepageControllerTests, TaxProfileAssistantTests, Version=1.0.0.0, Culture=neutral, PublicKeyToken=null" name="HomeController_IndexTestWithXMLOf1000Records" />
    </UnitTest>
    <UnitTest name="CredentialsControllerDoConnectionTest_ThrowsCorrectErrorMessage" storage="taxprofileassistanttests.dll" id="23e7aaac-d876-7aea-c808-5b4d52dd9924">
      <Execution id="2c00044d-8678-4ba2-a66c-44a8bd9c4d62" />
      <TestMethod codeBase="C:/Program Files (x86)/Jenkins/jobs/Unit Test On TPA/workspace/bin/Debug/TaxProfileAssistantTests.dll" adapterTypeName="Microsoft.VisualStudio.TestTools.TestTypes.Unit.UnitTestAdapter, Microsoft.VisualStudio.QualityTools.Tips.UnitTest.Adapter, Version=12.0.0.0, Culture=neutral, PublicKeyToken=b03f5f7f11d50a3a" className="TaxProfileAssistantTest.Controllers.Tests.CredentialsControllerTests, TaxProfileAssistantTests, Version=1.0.0.0, Culture=neutral, PublicKeyToken=null" name="CredentialsControllerDoConnectionTest_ThrowsCorrectErrorMessage" />
    </UnitTest>
    <UnitTest name="CreateNexusTestToCheckIfResultCodeIsSuccessForUniqueNexus" storage="taxprofileassistanttests.dll" id="b694f7c1-358d-155c-dd9d-24ef9ffaa004">
      <Execution id="7e8760ca-aa41-4de6-864e-51eb0bcd4f43" />
      <TestMethod codeBase="C:/Program Files (x86)/Jenkins/jobs/Unit Test On TPA/workspace/bin/Debug/TaxProfileAssistantTests.dll" adapterTypeName="Microsoft.VisualStudio.TestTools.TestTypes.Unit.UnitTestAdapter, Microsoft.VisualStudio.QualityTools.Tips.UnitTest.Adapter, Version=12.0.0.0, Culture=neutral, PublicKeyToken=b03f5f7f11d50a3a" className="TaxProfileAssistantTest.Utils.Tests.AccountServiceHelperTests, TaxProfileAssistantTests, Version=1.0.0.0, Culture=neutral, PublicKeyToken=null" name="CreateNexusTestToCheckIfResultCodeIsSuccessForUniqueNexus" />
    </UnitTest>
  </TestDefinitions>
  <TestLists>
    <TestList name="Results Not in a List" id="8c84fa94-04c1-424b-9868-57a2d4851a1d" />
    <TestList name="All Loaded Results" id="19431567-8539-422a-85d7-44ee4e166bda" />
  </TestLists>
  <TestEntries>
    <TestEntry testId="7645c007-9f96-3c94-30b3-128c449e4fa7" executionId="e9698d80-0342-4734-ba92-64e8e0a929fe" testListId="8c84fa94-04c1-424b-9868-57a2d4851a1d" />
    <TestEntry testId="a62fdc76-ce77-306e-6875-75045976fc54" executionId="695ca607-ed55-4795-b0e1-adce975ffbfa" testListId="8c84fa94-04c1-424b-9868-57a2d4851a1d" />
    <TestEntry testId="525f651b-5df4-913e-de59-57d318715e0e" executionId="f2345c0e-67e4-40cc-9b2a-905d99867ddb" testListId="8c84fa94-04c1-424b-9868-57a2d4851a1d" />
    <TestEntry testId="edcdc4ac-a5bf-73a6-68c0-eee1b52f429b" executionId="08ad3a16-44b7-478b-ab93-3fc2b9e55a83" testListId="8c84fa94-04c1-424b-9868-57a2d4851a1d" />
    <TestEntry testId="6996301c-62fa-ca10-1af9-f4ff6d404f09" executionId="702d175d-502c-405b-88b7-ed6a4db1c88d" testListId="8c84fa94-04c1-424b-9868-57a2d4851a1d" />
    <TestEntry testId="b8d5336c-bbfa-3045-d45d-ddaaa56daaf4" executionId="4c7e6c5a-7b88-4069-be52-13352e0385c0" testListId="8c84fa94-04c1-424b-9868-57a2d4851a1d" />
    <TestEntry testId="e4a916f1-44d9-7bea-5171-813052769e90" executionId="65871c94-b87f-46a9-a42f-6ca0a5f1e0a3" testListId="8c84fa94-04c1-424b-9868-57a2d4851a1d" />
    <TestEntry testId="23e7aaac-d876-7aea-c808-5b4d52dd9924" executionId="2c00044d-8678-4ba2-a66c-44a8bd9c4d62" testListId="8c84fa94-04c1-424b-9868-57a2d4851a1d" />
    <TestEntry testId="dda1d6b1-665c-7e3c-3b83-9569b5eac58b" executionId="b9f88880-86e8-42b0-bf53-d8f245f3dd3c" testListId="8c84fa94-04c1-424b-9868-57a2d4851a1d" />
    <TestEntry testId="0a3135db-6304-2f92-93f1-2e53f6f241a2" executionId="b3ce34c8-5371-4b03-8a44-60f37c7ba378" testListId="8c84fa94-04c1-424b-9868-57a2d4851a1d" />
    <TestEntry testId="7144f798-c2b3-e319-edb0-24f2a6f88987" executionId="7fff22bd-f4e5-410f-8750-284dd2f4883c" testListId="8c84fa94-04c1-424b-9868-57a2d4851a1d" />
    <TestEntry testId="70bd190d-1a2c-a600-0666-091dc90965ea" executionId="ad24f092-0c25-4283-86ff-f9e802c7b291" testListId="8c84fa94-04c1-424b-9868-57a2d4851a1d" />
    <TestEntry testId="9fa3a964-1974-2634-bc5d-cff8786574e1" executionId="01c99c71-da99-4d78-9878-40b227995f0a" testListId="8c84fa94-04c1-424b-9868-57a2d4851a1d" />
    <TestEntry testId="f9be48aa-113d-e18f-fe49-dfa318f3dc33" executionId="7a18953d-b186-40cd-8441-02c60e3662cb" testListId="8c84fa94-04c1-424b-9868-57a2d4851a1d" />
    <TestEntry testId="425ccb48-5537-6ed7-57af-adf3d39b692d" executionId="116f4e43-9763-4d73-9330-4d40b99cb52f" testListId="8c84fa94-04c1-424b-9868-57a2d4851a1d" />
    <TestEntry testId="4b937eab-69e4-209e-d5fa-e4ed6c1d3697" executionId="34419c98-44b3-45d7-be25-4f4df38ffcc8" testListId="8c84fa94-04c1-424b-9868-57a2d4851a1d" />
    <TestEntry testId="61432076-9299-9ebc-e1ee-73dfad40658a" executionId="f04ee0d0-8d52-435e-bdf0-5a27bde8ca62" testListId="8c84fa94-04c1-424b-9868-57a2d4851a1d" />
    <TestEntry testId="f1026be2-71bf-8626-c44a-0da4901dc095" executionId="3548b383-eec0-4c91-a413-504e02993db2" testListId="8c84fa94-04c1-424b-9868-57a2d4851a1d" />
    <TestEntry testId="0161f55c-aa3d-2914-01fb-d73806252821" executionId="60e4acaf-e304-42c3-a040-1165b32add3d" testListId="8c84fa94-04c1-424b-9868-57a2d4851a1d" />
    <TestEntry testId="8ecdf572-0222-d710-0454-0566cf8c843e" executionId="a4c9a780-de93-4301-8f79-9a5c4812a8bd" testListId="8c84fa94-04c1-424b-9868-57a2d4851a1d" />
    <TestEntry testId="71f5e872-dd63-5dc1-a52c-a549a5cff4b4" executionId="d3d5430b-d970-4ffc-b62a-7056994bfe8c" testListId="8c84fa94-04c1-424b-9868-57a2d4851a1d" />
    <TestEntry testId="a35fa93e-6a52-ae38-9da2-f20dd82f4235" executionId="75c8459f-0f78-4af3-9a5d-7092bbb21ef5" testListId="8c84fa94-04c1-424b-9868-57a2d4851a1d" />
    <TestEntry testId="ec732a20-06e2-42f2-aff2-0401d0bddece" executionId="a7c5f739-b154-45c0-aea9-4d5a6eb2190c" testListId="8c84fa94-04c1-424b-9868-57a2d4851a1d" />
    <TestEntry testId="ef0a5977-5131-859b-ef1c-3facfef0eafe" executionId="58cb5bb9-207e-4867-bb46-e2b97e1bae79" testListId="8c84fa94-04c1-424b-9868-57a2d4851a1d" />
    <TestEntry testId="e673fb06-1d85-1d42-0695-b08d8c74bbcd" executionId="abe9a7f6-3490-47e7-abc1-5856ac313c1a" testListId="8c84fa94-04c1-424b-9868-57a2d4851a1d" />
    <TestEntry testId="6a8832b9-5f47-3714-05f9-77d9e0a3b4fe" executionId="cf90e9d8-ad85-4fff-8c02-90b45d48f2d0" testListId="8c84fa94-04c1-424b-9868-57a2d4851a1d" />
    <TestEntry testId="432f363b-50df-9a58-14ae-060bfd14cd39" executionId="73a6296a-81a1-456c-b1ad-1372e7c2d69a" testListId="8c84fa94-04c1-424b-9868-57a2d4851a1d" />
    <TestEntry testId="e67106d6-12d5-a55e-4ca8-79e86737dfb4" executionId="1e61e098-71bc-4be2-9614-df6086da9e86" testListId="8c84fa94-04c1-424b-9868-57a2d4851a1d" />
    <TestEntry testId="22c60556-7fa9-d487-328f-5164eb9b40d4" executionId="ddd3f2ed-11f8-48f9-a0c4-d4aa028a9cc9" testListId="8c84fa94-04c1-424b-9868-57a2d4851a1d" />
    <TestEntry testId="fa7577ea-6cd0-48a9-d9e0-969588efc499" executionId="2ee4a9d9-fe83-4a2b-84d9-e4177f78db8e" testListId="8c84fa94-04c1-424b-9868-57a2d4851a1d" />
    <TestEntry testId="e91a96f3-3947-7ca6-02dd-a935b456f015" executionId="6959fce5-fea6-4b94-9678-902e84cd3404" testListId="8c84fa94-04c1-424b-9868-57a2d4851a1d" />
    <TestEntry testId="6de0a777-b967-b25e-01f0-4df7c2dccfb1" executionId="9f955ef6-e242-4770-9b50-e91c2e397ecb" testListId="8c84fa94-04c1-424b-9868-57a2d4851a1d" />
    <TestEntry testId="d960c2ef-ecd9-7642-3352-48812e16193f" executionId="82112bd0-01f9-4d81-a837-8239165ebec2" testListId="8c84fa94-04c1-424b-9868-57a2d4851a1d" />
    <TestEntry testId="c98547e9-c8e2-3402-0a77-2b5eee7605a0" executionId="e70443d2-e6b5-4a62-98c4-0d60b601cd9c" testListId="8c84fa94-04c1-424b-9868-57a2d4851a1d" />
    <TestEntry testId="9e803a28-6edf-17d2-9590-06e07f87ce5d" executionId="9fcea795-4681-4b29-8454-4f9cc98e0873" testListId="8c84fa94-04c1-424b-9868-57a2d4851a1d" />
    <TestEntry testId="d081735c-9120-f4ef-3f03-6dd12a8e6ebe" executionId="abdc307a-7434-42fe-8a70-fa40052480c1" testListId="8c84fa94-04c1-424b-9868-57a2d4851a1d" />
    <TestEntry testId="75889669-c265-d283-53a4-f97aef5dff6a" executionId="621e323f-9030-46ca-a4f7-1a559cc4a10a" testListId="8c84fa94-04c1-424b-9868-57a2d4851a1d" />
    <TestEntry testId="f28a5d73-2e3a-2983-da0d-f1517e3c0a19" executionId="2578cb4b-b9c2-4638-877f-592fb6e41d96" testListId="8c84fa94-04c1-424b-9868-57a2d4851a1d" />
    <TestEntry testId="583646d2-0274-0d11-452f-b56a063961f3" executionId="a098f062-5000-4026-911d-f8fbcb4986a9" testListId="8c84fa94-04c1-424b-9868-57a2d4851a1d" />
    <TestEntry testId="b694f7c1-358d-155c-dd9d-24ef9ffaa004" executionId="7e8760ca-aa41-4de6-864e-51eb0bcd4f43" testListId="8c84fa94-04c1-424b-9868-57a2d4851a1d" />
    <TestEntry testId="599dba34-c429-2c5f-4fa2-48664c6a1d11" executionId="d51e2179-bc35-44d5-b58b-ac7cdf43ea48" testListId="8c84fa94-04c1-424b-9868-57a2d4851a1d" />
    <TestEntry testId="e100468c-80b3-45c4-9643-086c9770af97" executionId="77840e07-cb94-48fe-ae4f-75e63d0fdfce" testListId="8c84fa94-04c1-424b-9868-57a2d4851a1d" />
    <TestEntry testId="a94fec92-c93d-c7d0-bb3f-ce755e84c251" executionId="599605b5-d429-4194-9f3d-53b6ea9ba3c3" testListId="8c84fa94-04c1-424b-9868-57a2d4851a1d" />
    <TestEntry testId="a553a5bb-73a4-14ae-fb2e-57421eef54b7" executionId="7e4e0b4e-93b1-4a74-98a9-faebb6419a91" testListId="8c84fa94-04c1-424b-9868-57a2d4851a1d" />
    <TestEntry testId="8f1e9bf1-1c2b-ff70-adae-53380210e0be" executionId="fb42dfe7-8114-493e-bd81-329235a71a18" testListId="8c84fa94-04c1-424b-9868-57a2d4851a1d" />
    <TestEntry testId="8ea8d155-d876-cac3-4b2e-cecb9cd43c96" executionId="43780506-0c49-42aa-a9c1-bfb8e50a64cb" testListId="8c84fa94-04c1-424b-9868-57a2d4851a1d" />
    <TestEntry testId="8b340f55-9bdc-a4e1-c690-80d946ea20ff" executionId="713dc8bb-76a4-41e6-85c3-802ce8aaf031" testListId="8c84fa94-04c1-424b-9868-57a2d4851a1d" />
    <TestEntry testId="d9ca392c-19f5-61c0-af55-02e00b56d7ee" executionId="2aafa911-832b-4d72-811f-d01ce6e0cffc" testListId="8c84fa94-04c1-424b-9868-57a2d4851a1d" />
    <TestEntry testId="65c8ada7-37d2-3a5c-474f-a3ed3aa1ec52" executionId="da7e87c5-3c78-4f66-ab39-a5cd3e3ba796" testListId="8c84fa94-04c1-424b-9868-57a2d4851a1d" />
    <TestEntry testId="f4c466c5-8ba7-bfdb-ac29-998cf73dbea7" executionId="90ad52d7-53c6-41fa-9d26-43b2a299681c" testListId="8c84fa94-04c1-424b-9868-57a2d4851a1d" />
    <TestEntry testId="12a6199e-be53-f401-4d2e-eb16885682b7" executionId="6d5d0936-fb0e-4918-aa77-93ad0d8f0bab" testListId="8c84fa94-04c1-424b-9868-57a2d4851a1d" />
    <TestEntry testId="c2e5988a-f640-fa23-3bc8-cf63437014f9" executionId="1ddd42d8-6597-4894-b178-9c29c8a48d79" testListId="8c84fa94-04c1-424b-9868-57a2d4851a1d" />
    <TestEntry testId="e1982b76-49f9-994d-14c5-78c27b396dd5" executionId="82f0993b-cfb4-4024-a9dd-85d2e85767c6" testListId="8c84fa94-04c1-424b-9868-57a2d4851a1d" />
    <TestEntry testId="df0b6139-dd6a-09f5-16c0-a4f9b3f286c9" executionId="6fa5c046-f47f-4302-b6be-c8625b1df882" testListId="8c84fa94-04c1-424b-9868-57a2d4851a1d" />
    <TestEntry testId="bd7769f6-6efa-8652-d8c2-ea149a16a4e8" executionId="f4061045-6457-4ea3-98e6-0af5c1639ab2" testListId="8c84fa94-04c1-424b-9868-57a2d4851a1d" />
    <TestEntry testId="3089d1a9-6439-c1f9-cb57-6667eb7d6988" executionId="acd09938-737c-47c7-ab06-268e94435b6e" testListId="8c84fa94-04c1-424b-9868-57a2d4851a1d" />
    <TestEntry testId="fa7f414b-4f9e-d36d-c877-57f7c7c302ee" executionId="5e94f9f5-2b8e-45ef-aeff-804f79a5836f" testListId="8c84fa94-04c1-424b-9868-57a2d4851a1d" />
    <TestEntry testId="5b22e0d6-dcba-cde8-d2f8-56a2b3ec511f" executionId="0a5cb849-8685-4c23-8ed0-77692c8dc692" testListId="8c84fa94-04c1-424b-9868-57a2d4851a1d" />
    <TestEntry testId="4eea53d3-ec57-2035-fea2-448a72c8043a" executionId="58127a35-b21f-460f-b6a6-014eec25f200" testListId="8c84fa94-04c1-424b-9868-57a2d4851a1d" />
    <TestEntry testId="80fc4657-0883-3a19-35e1-593fd0b95ca5" executionId="3d49b346-8929-4eb0-b2b8-37488fc0ae61" testListId="8c84fa94-04c1-424b-9868-57a2d4851a1d" />
    <TestEntry testId="71958eb4-50c6-7bbc-d946-4ca02e45bf0e" executionId="645db473-b005-4282-86f0-3d3db2803079" testListId="8c84fa94-04c1-424b-9868-57a2d4851a1d" />
    <TestEntry testId="9d22fa76-56a5-4738-6723-857f776c3a79" executionId="fe9d8111-7e36-43f4-a994-e9fe5f36128e" testListId="8c84fa94-04c1-424b-9868-57a2d4851a1d" />
    <TestEntry testId="0617750f-3a3a-338f-b4f2-b69494016d03" executionId="f36dc953-3909-4fe2-a12a-93fc0cd1b1af" testListId="8c84fa94-04c1-424b-9868-57a2d4851a1d" />
    <TestEntry testId="7f07bc13-c2af-1660-a415-b5cb2abacd4a" executionId="f7ec5327-c12b-463c-adc7-63b011316244" testListId="8c84fa94-04c1-424b-9868-57a2d4851a1d" />
    <TestEntry testId="62abb762-c706-597d-3f90-4d357940b3cf" executionId="e5384721-dbe6-482e-9525-b749b04629ea" testListId="8c84fa94-04c1-424b-9868-57a2d4851a1d" />
    <TestEntry testId="aad6e605-a138-27c1-753b-6d026e5c9918" executionId="a2bcb61f-12ff-46bc-9d80-6b429f485ada" testListId="8c84fa94-04c1-424b-9868-57a2d4851a1d" />
    <TestEntry testId="f0b69de5-f4d3-a76f-4856-6f62d3b4aa24" executionId="c08c56ba-6c68-497d-8abf-8572dc4c6c3c" testListId="8c84fa94-04c1-424b-9868-57a2d4851a1d" />
    <TestEntry testId="e09e091f-da52-c994-dbc8-6db95242c5f2" executionId="2a388ca5-55d2-4bba-a8ba-9263a862d1de" testListId="8c84fa94-04c1-424b-9868-57a2d4851a1d" />
    <TestEntry testId="9a48a573-6ec0-a61c-acd3-8cf24e6c03b2" executionId="dc3cc1b8-0d99-41ad-b2a2-dc260de883c6" testListId="8c84fa94-04c1-424b-9868-57a2d4851a1d" />
    <TestEntry testId="1e2bfcf7-aec8-c3eb-38ca-8d31d182d698" executionId="7659cf1a-a66a-44df-ac19-0209bc84bccf" testListId="8c84fa94-04c1-424b-9868-57a2d4851a1d" />
    <TestEntry testId="f032ab33-aa14-319d-96ff-e7ae1f1e6d87" executionId="a3ffbfdc-58a6-4fa7-90a4-0a76d3b7a442" testListId="8c84fa94-04c1-424b-9868-57a2d4851a1d" />
    <TestEntry testId="49de04a8-3475-e457-fcc7-c5ff8182cb45" executionId="99c504c1-672a-4dca-abba-ede9e380a2c8" testListId="8c84fa94-04c1-424b-9868-57a2d4851a1d" />
    <TestEntry testId="a6723370-278e-4fc7-2458-d5c277a7e5f1" executionId="86db42a7-a093-4fa5-8102-f584f1a91750" testListId="8c84fa94-04c1-424b-9868-57a2d4851a1d" />
    <TestEntry testId="a5000200-e64f-84fe-ff51-32dc13c3b330" executionId="8f903694-5b61-4ec8-9407-aabb6a57ffc9" testListId="8c84fa94-04c1-424b-9868-57a2d4851a1d" />
    <TestEntry testId="4da1d342-ed22-6bd4-ba59-57956846af96" executionId="a3c88f8b-7a16-416f-9e2f-1b0b6695135d" testListId="8c84fa94-04c1-424b-9868-57a2d4851a1d" />
    <TestEntry testId="d80c46ed-2f16-4a22-6344-4902cc815c11" executionId="328c1be0-ff73-4d4a-b5db-4ff1d662472a" testListId="8c84fa94-04c1-424b-9868-57a2d4851a1d" />
    <TestEntry testId="28307220-18de-ec29-b1f7-7c81b794db39" executionId="572c4f3a-2e23-4870-8fa6-279857c7f8f5" testListId="8c84fa94-04c1-424b-9868-57a2d4851a1d" />
  </TestEntries>
  <Results>
    <UnitTestResult executionId="e9698d80-0342-4734-ba92-64e8e0a929fe" testId="7645c007-9f96-3c94-30b3-128c449e4fa7" testName="DecryptTest" computerName="AV-PN-KISHORD" duration="00:00:00.0463103" startTime="2015-04-29T17:13:37.8216100+05:30" endTime="2015-04-29T17:13:38.0732134+05:30" testType="13cdc9d9-ddb5-4fa4-a97d-d965ccfc6d4b" outcome="Failed" testListId="8c84fa94-04c1-424b-9868-57a2d4851a1d" relativeResultsDirectory="e9698d80-0342-4734-ba92-64e8e0a929fe">
      <Output>
        <ErrorInfo>
          <Message>Test method TaxProfileAssistant.Utils.Tests.CryptoGrapherTests.DecryptTest threw exception: 
System.IO.DirectoryNotFoundException: Could not find a part of the path 'C:\Program Files (x86)\Jenkins\jobs\Unit Test On TPA\workspace\bin\Debug\kishor.dudhe_AV-PN-KISHORD 2015-04-29 17_13_37\XMLTestFiles\TPA_500.xml'.</Message>
          <StackTrace>    at System.IO.__Error.WinIOError(Int32 errorCode, String maybeFullPath)
   at System.IO.FileStream.Init(String path, FileMode mode, FileAccess access, Int32 rights, Boolean useRights, FileShare share, Int32 bufferSize, FileOptions options, SECURITY_ATTRIBUTES secAttrs, String msgPath, Boolean bFromProxy, Boolean useLongPath, Boolean checkHost)
   at System.IO.FileStream..ctor(String path, FileMode mode, FileAccess access, FileShare share, Int32 bufferSize)
   at System.Xml.XmlDownloadManager.GetStream(Uri uri, ICredentials credentials, IWebProxy proxy, RequestCachePolicy cachePolicy)
   at System.Xml.XmlUrlResolver.GetEntity(Uri absoluteUri, String role, Type ofObjectToReturn)
   at System.Xml.XmlTextReaderImpl.FinishInitUriString()
   at System.Xml.XmlTextReaderImpl..ctor(String uriStr, XmlReaderSettings settings, XmlParserContext context, XmlResolver uriResolver)
   at System.Xml.XmlReaderSettings.CreateReader(String inputUri, XmlParserContext inputContext)
   at System.Xml.XmlReader.Create(String inputUri, XmlReaderSettings settings, XmlParserContext inputContext)
   at System.Xml.XmlReader.Create(String inputUri)
   at TaxProfileAssistant.Utils.Tests.CryptoGrapherTests.DecryptTest() in d:\other\TaxProfileAssistantTests - Copy\Utils\CryptoGrapherTests.cs:line 34
</StackTrace>
        </ErrorInfo>
      </Output>
    </UnitTestResult>
    <UnitTestResult executionId="695ca607-ed55-4795-b0e1-adce975ffbfa" testId="a62fdc76-ce77-306e-6875-75045976fc54" testName="EncryptTest" computerName="AV-PN-KISHORD" duration="00:00:00.0084788" startTime="2015-04-29T17:13:38.0732134+05:30" endTime="2015-04-29T17:13:38.0888136+05:30" testType="13cdc9d9-ddb5-4fa4-a97d-d965ccfc6d4b" outcome="Passed" testListId="8c84fa94-04c1-424b-9868-57a2d4851a1d" relativeResultsDirectory="695ca607-ed55-4795-b0e1-adce975ffbfa">
    </UnitTestResult>
    <UnitTestResult executionId="f2345c0e-67e4-40cc-9b2a-905d99867ddb" testId="525f651b-5df4-913e-de59-57d318715e0e" testName="AvaSetupReportController_IndexMethod_ReturnsFinishSetupObjectTest" computerName="AV-PN-KISHORD" duration="00:00:00.0194270" startTime="2015-04-29T17:13:38.0888136+05:30" endTime="2015-04-29T17:13:38.1044138+05:30" testType="13cdc9d9-ddb5-4fa4-a97d-d965ccfc6d4b" outcome="Failed" testListId="8c84fa94-04c1-424b-9868-57a2d4851a1d" relativeResultsDirectory="f2345c0e-67e4-40cc-9b2a-905d99867ddb">
      <Output>
        <ErrorInfo>
          <Message>Initialization method TaxProfileAssistantTest.Controllers.Tests.AvaSetupReportControllerTests.InitializeData threw exception. System.IO.DirectoryNotFoundException: System.IO.DirectoryNotFoundException: Could not find a part of the path 'C:\Program Files (x86)\Jenkins\jobs\Unit Test On TPA\workspace\bin\Debug\kishor.dudhe_AV-PN-KISHORD 2015-04-29 17_13_37\XMLTestFiles\TPA_500.xml'..</Message>
          <StackTrace>    at System.IO.__Error.WinIOError(Int32 errorCode, String maybeFullPath)
   at System.IO.FileStream.Init(String path, FileMode mode, FileAccess access, Int32 rights, Boolean useRights, FileShare share, Int32 bufferSize, FileOptions options, SECURITY_ATTRIBUTES secAttrs, String msgPath, Boolean bFromProxy, Boolean useLongPath, Boolean checkHost)
   at System.IO.FileStream..ctor(String path, FileMode mode, FileAccess access, FileShare share, Int32 bufferSize)
   at System.Xml.XmlDownloadManager.GetStream(Uri uri, ICredentials credentials, IWebProxy proxy, RequestCachePolicy cachePolicy)
   at System.Xml.XmlUrlResolver.GetEntity(Uri absoluteUri, String role, Type ofObjectToReturn)
   at System.Xml.XmlTextReaderImpl.FinishInitUriString()
   at System.Xml.XmlTextReaderImpl..ctor(String uriStr, XmlReaderSettings settings, XmlParserContext context, XmlResolver uriResolver)
   at System.Xml.XmlReaderSettings.CreateReader(String inputUri, XmlParserContext inputContext)
   at System.Xml.XmlReader.Create(String inputUri, XmlReaderSettings settings, XmlParserContext inputContext)
   at System.Xml.XmlReader.Create(String inputUri)
   at TaxProfileAssistantTest.Controllers.Tests.AvaSetupReportControllerTests.InitializeData() in d:\other\TaxProfileAssistantTests - Copy\Controllers\AvaSetupReportControllerTests.cs:line 33
</StackTrace>
        </ErrorInfo>
      </Output>
    </UnitTestResult>
    <UnitTestResult executionId="08ad3a16-44b7-478b-ab93-3fc2b9e55a83" testId="edcdc4ac-a5bf-73a6-68c0-eee1b52f429b" testName="AvaSetupReportController_IndexMethod_SetsTheRequiredFieldsToTrue" computerName="AV-PN-KISHORD" duration="00:00:00.0010855" startTime="2015-04-29T17:13:38.1044138+05:30" endTime="2015-04-29T17:13:38.1200140+05:30" testType="13cdc9d9-ddb5-4fa4-a97d-d965ccfc6d4b" outcome="Failed" testListId="8c84fa94-04c1-424b-9868-57a2d4851a1d" relativeResultsDirectory="08ad3a16-44b7-478b-ab93-3fc2b9e55a83">
      <Output>
        <ErrorInfo>
          <Message>Initialization method TaxProfileAssistantTest.Controllers.Tests.AvaSetupReportControllerTests.InitializeData threw exception. System.IO.DirectoryNotFoundException: System.IO.DirectoryNotFoundException: Could not find a part of the path 'C:\Program Files (x86)\Jenkins\jobs\Unit Test On TPA\workspace\bin\Debug\kishor.dudhe_AV-PN-KISHORD 2015-04-29 17_13_37\XMLTestFiles\TPA_500.xml'..</Message>
          <StackTrace>    at System.IO.__Error.WinIOError(Int32 errorCode, String maybeFullPath)
   at System.IO.FileStream.Init(String path, FileMode mode, FileAccess access, Int32 rights, Boolean useRights, FileShare share, Int32 bufferSize, FileOptions options, SECURITY_ATTRIBUTES secAttrs, String msgPath, Boolean bFromProxy, Boolean useLongPath, Boolean checkHost)
   at System.IO.FileStream..ctor(String path, FileMode mode, FileAccess access, FileShare share, Int32 bufferSize)
   at System.Xml.XmlDownloadManager.GetStream(Uri uri, ICredentials credentials, IWebProxy proxy, RequestCachePolicy cachePolicy)
   at System.Xml.XmlUrlResolver.GetEntity(Uri absoluteUri, String role, Type ofObjectToReturn)
   at System.Xml.XmlTextReaderImpl.FinishInitUriString()
   at System.Xml.XmlTextReaderImpl..ctor(String uriStr, XmlReaderSettings settings, XmlParserContext context, XmlResolver uriResolver)
   at System.Xml.XmlReaderSettings.CreateReader(String inputUri, XmlParserContext inputContext)
   at System.Xml.XmlReader.Create(String inputUri, XmlReaderSettings settings, XmlParserContext inputContext)
   at System.Xml.XmlReader.Create(String inputUri)
   at TaxProfileAssistantTest.Controllers.Tests.AvaSetupReportControllerTests.InitializeData() in d:\other\TaxProfileAssistantTests - Copy\Controllers\AvaSetupReportControllerTests.cs:line 33
</StackTrace>
        </ErrorInfo>
      </Output>
    </UnitTestResult>
    <UnitTestResult executionId="702d175d-502c-405b-88b7-ed6a4db1c88d" testId="6996301c-62fa-ca10-1af9-f4ff6d404f09" testName="CreateComapnyController_CreateNewCompanyTestToCheckIfItRedirectsToNexusSetupOnceCompanyIsCreated" computerName="AV-PN-KISHORD" duration="00:00:00.0017248" startTime="2015-04-29T17:13:38.1200140+05:30" endTime="2015-04-29T17:13:38.1200140+05:30" testType="13cdc9d9-ddb5-4fa4-a97d-d965ccfc6d4b" outcome="Failed" testListId="8c84fa94-04c1-424b-9868-57a2d4851a1d" relativeResultsDirectory="702d175d-502c-405b-88b7-ed6a4db1c88d">
      <Output>
        <ErrorInfo>
          <Message>Initialization method TaxProfileAssistantTest.Controllers.Tests.CreateCompanyControllerTests.InitializeData threw exception. System.IO.DirectoryNotFoundException: System.IO.DirectoryNotFoundException: Could not find a part of the path 'C:\Program Files (x86)\Jenkins\jobs\Unit Test On TPA\workspace\bin\Debug\kishor.dudhe_AV-PN-KISHORD 2015-04-29 17_13_37\XMLTestFiles\TPA_500.xml'..</Message>
          <StackTrace>    at System.IO.__Error.WinIOError(Int32 errorCode, String maybeFullPath)
   at System.IO.FileStream.Init(String path, FileMode mode, FileAccess access, Int32 rights, Boolean useRights, FileShare share, Int32 bufferSize, FileOptions options, SECURITY_ATTRIBUTES secAttrs, String msgPath, Boolean bFromProxy, Boolean useLongPath, Boolean checkHost)
   at System.IO.FileStream..ctor(String path, FileMode mode, FileAccess access, FileShare share, Int32 bufferSize)
   at System.Xml.XmlDownloadManager.GetStream(Uri uri, ICredentials credentials, IWebProxy proxy, RequestCachePolicy cachePolicy)
   at System.Xml.XmlUrlResolver.GetEntity(Uri absoluteUri, String role, Type ofObjectToReturn)
   at System.Xml.XmlTextReaderImpl.FinishInitUriString()
   at System.Xml.XmlTextReaderImpl..ctor(String uriStr, XmlReaderSettings settings, XmlParserContext context, XmlResolver uriResolver)
   at System.Xml.XmlReaderSettings.CreateReader(String inputUri, XmlParserContext inputContext)
   at System.Xml.XmlReader.Create(String inputUri, XmlReaderSettings settings, XmlParserContext inputContext)
   at System.Xml.XmlReader.Create(String inputUri)
   at TaxProfileAssistantTest.Controllers.Tests.CreateCompanyControllerTests.InitializeData() in d:\other\TaxProfileAssistantTests - Copy\Controllers\CreateCompanyControllerTests.cs:line 32
</StackTrace>
        </ErrorInfo>
      </Output>
    </UnitTestResult>
    <UnitTestResult executionId="4c7e6c5a-7b88-4069-be52-13352e0385c0" testId="b8d5336c-bbfa-3045-d45d-ddaaa56daaf4" testName="CreateComapnyController_CreateNewCompanyTestToCheckIfItReturnsCreateCompanyIndexViewWhenCompanyIsNotCreated" computerName="AV-PN-KISHORD" duration="00:00:00.0011767" startTime="2015-04-29T17:13:38.1200140+05:30" endTime="2015-04-29T17:13:38.1200140+05:30" testType="13cdc9d9-ddb5-4fa4-a97d-d965ccfc6d4b" outcome="Failed" testListId="8c84fa94-04c1-424b-9868-57a2d4851a1d" relativeResultsDirectory="4c7e6c5a-7b88-4069-be52-13352e0385c0">
      <Output>
        <ErrorInfo>
          <Message>Initialization method TaxProfileAssistantTest.Controllers.Tests.CreateCompanyControllerTests.InitializeData threw exception. System.IO.DirectoryNotFoundException: System.IO.DirectoryNotFoundException: Could not find a part of the path 'C:\Program Files (x86)\Jenkins\jobs\Unit Test On TPA\workspace\bin\Debug\kishor.dudhe_AV-PN-KISHORD 2015-04-29 17_13_37\XMLTestFiles\TPA_500.xml'..</Message>
          <StackTrace>    at System.IO.__Error.WinIOError(Int32 errorCode, String maybeFullPath)
   at System.IO.FileStream.Init(String path, FileMode mode, FileAccess access, Int32 rights, Boolean useRights, FileShare share, Int32 bufferSize, FileOptions options, SECURITY_ATTRIBUTES secAttrs, String msgPath, Boolean bFromProxy, Boolean useLongPath, Boolean checkHost)
   at System.IO.FileStream..ctor(String path, FileMode mode, FileAccess access, FileShare share, Int32 bufferSize)
   at System.Xml.XmlDownloadManager.GetStream(Uri uri, ICredentials credentials, IWebProxy proxy, RequestCachePolicy cachePolicy)
   at System.Xml.XmlUrlResolver.GetEntity(Uri absoluteUri, String role, Type ofObjectToReturn)
   at System.Xml.XmlTextReaderImpl.FinishInitUriString()
   at System.Xml.XmlTextReaderImpl..ctor(String uriStr, XmlReaderSettings settings, XmlParserContext context, XmlResolver uriResolver)
   at System.Xml.XmlReaderSettings.CreateReader(String inputUri, XmlParserContext inputContext)
   at System.Xml.XmlReader.Create(String inputUri, XmlReaderSettings settings, XmlParserContext inputContext)
   at System.Xml.XmlReader.Create(String inputUri)
   at TaxProfileAssistantTest.Controllers.Tests.CreateCompanyControllerTests.InitializeData() in d:\other\TaxProfileAssistantTests - Copy\Controllers\CreateCompanyControllerTests.cs:line 32
</StackTrace>
        </ErrorInfo>
      </Output>
    </UnitTestResult>
    <UnitTestResult executionId="65871c94-b87f-46a9-a42f-6ca0a5f1e0a3" testId="e4a916f1-44d9-7bea-5171-813052769e90" testName="CreateCompanyController_IndexTest_CheckIfItReturnsCompanyObject" computerName="AV-PN-KISHORD" duration="00:00:00.0011058" startTime="2015-04-29T17:13:38.1200140+05:30" endTime="2015-04-29T17:13:38.1356142+05:30" testType="13cdc9d9-ddb5-4fa4-a97d-d965ccfc6d4b" outcome="Failed" testListId="8c84fa94-04c1-424b-9868-57a2d4851a1d" relativeResultsDirectory="65871c94-b87f-46a9-a42f-6ca0a5f1e0a3">
      <Output>
        <ErrorInfo>
          <Message>Initialization method TaxProfileAssistantTest.Controllers.Tests.CreateCompanyControllerTests.InitializeData threw exception. System.IO.DirectoryNotFoundException: System.IO.DirectoryNotFoundException: Could not find a part of the path 'C:\Program Files (x86)\Jenkins\jobs\Unit Test On TPA\workspace\bin\Debug\kishor.dudhe_AV-PN-KISHORD 2015-04-29 17_13_37\XMLTestFiles\TPA_500.xml'..</Message>
          <StackTrace>    at System.IO.__Error.WinIOError(Int32 errorCode, String maybeFullPath)
   at System.IO.FileStream.Init(String path, FileMode mode, FileAccess access, Int32 rights, Boolean useRights, FileShare share, Int32 bufferSize, FileOptions options, SECURITY_ATTRIBUTES secAttrs, String msgPath, Boolean bFromProxy, Boolean useLongPath, Boolean checkHost)
   at System.IO.FileStream..ctor(String path, FileMode mode, FileAccess access, FileShare share, Int32 bufferSize)
   at System.Xml.XmlDownloadManager.GetStream(Uri uri, ICredentials credentials, IWebProxy proxy, RequestCachePolicy cachePolicy)
   at System.Xml.XmlUrlResolver.GetEntity(Uri absoluteUri, String role, Type ofObjectToReturn)
   at System.Xml.XmlTextReaderImpl.FinishInitUriString()
   at System.Xml.XmlTextReaderImpl..ctor(String uriStr, XmlReaderSettings settings, XmlParserContext context, XmlResolver uriResolver)
   at System.Xml.XmlReaderSettings.CreateReader(String inputUri, XmlParserContext inputContext)
   at System.Xml.XmlReader.Create(String inputUri, XmlReaderSettings settings, XmlParserContext inputContext)
   at System.Xml.XmlReader.Create(String inputUri)
   at TaxProfileAssistantTest.Controllers.Tests.CreateCompanyControllerTests.InitializeData() in d:\other\TaxProfileAssistantTests - Copy\Controllers\CreateCompanyControllerTests.cs:line 32
</StackTrace>
        </ErrorInfo>
      </Output>
    </UnitTestResult>
    <UnitTestResult executionId="2c00044d-8678-4ba2-a66c-44a8bd9c4d62" testId="23e7aaac-d876-7aea-c808-5b4d52dd9924" testName="CredentialsControllerDoConnectionTest_ThrowsCorrectErrorMessage" computerName="AV-PN-KISHORD" duration="00:00:00.0015609" startTime="2015-04-29T17:13:38.1356142+05:30" endTime="2015-04-29T17:13:38.1356142+05:30" testType="13cdc9d9-ddb5-4fa4-a97d-d965ccfc6d4b" outcome="Failed" testListId="8c84fa94-04c1-424b-9868-57a2d4851a1d" relativeResultsDirectory="2c00044d-8678-4ba2-a66c-44a8bd9c4d62">
      <Output>
        <ErrorInfo>
          <Message>Initialization method TaxProfileAssistantTest.Controllers.Tests.CredentialsControllerTests.InitializeData threw exception. System.IO.DirectoryNotFoundException: System.IO.DirectoryNotFoundException: Could not find a part of the path 'C:\Program Files (x86)\Jenkins\jobs\Unit Test On TPA\workspace\bin\Debug\kishor.dudhe_AV-PN-KISHORD 2015-04-29 17_13_37\XMLTestFiles\TPA_500.xml'..</Message>
          <StackTrace>    at System.IO.__Error.WinIOError(Int32 errorCode, String maybeFullPath)
   at System.IO.FileStream.Init(String path, FileMode mode, FileAccess access, Int32 rights, Boolean useRights, FileShare share, Int32 bufferSize, FileOptions options, SECURITY_ATTRIBUTES secAttrs, String msgPath, Boolean bFromProxy, Boolean useLongPath, Boolean checkHost)
   at System.IO.FileStream..ctor(String path, FileMode mode, FileAccess access, FileShare share, Int32 bufferSize)
   at System.Xml.XmlDownloadManager.GetStream(Uri uri, ICredentials credentials, IWebProxy proxy, RequestCachePolicy cachePolicy)
   at System.Xml.XmlUrlResolver.GetEntity(Uri absoluteUri, String role, Type ofObjectToReturn)
   at System.Xml.XmlTextReaderImpl.FinishInitUriString()
   at System.Xml.XmlTextReaderImpl..ctor(String uriStr, XmlReaderSettings settings, XmlParserContext context, XmlResolver uriResolver)
   at System.Xml.XmlReaderSettings.CreateReader(String inputUri, XmlParserContext inputContext)
   at System.Xml.XmlReader.Create(String inputUri, XmlReaderSettings settings, XmlParserContext inputContext)
   at System.Xml.XmlReader.Create(String inputUri)
   at TaxProfileAssistantTest.Controllers.Tests.CredentialsControllerTests.InitializeData() in d:\other\TaxProfileAssistantTests - Copy\Controllers\CredentialsControllerTests.cs:line 35
</StackTrace>
        </ErrorInfo>
      </Output>
    </UnitTestResult>
    <UnitTestResult executionId="b9f88880-86e8-42b0-bf53-d8f245f3dd3c" testId="dda1d6b1-665c-7e3c-3b83-9569b5eac58b" testName="CredentialsControllerIndexTest_RedirectstoNexusSetupController" computerName="AV-PN-KISHORD" duration="00:00:00.0011794" startTime="2015-04-29T17:13:38.1356142+05:30" endTime="2015-04-29T17:13:38.1356142+05:30" testType="13cdc9d9-ddb5-4fa4-a97d-d965ccfc6d4b" outcome="Failed" testListId="8c84fa94-04c1-424b-9868-57a2d4851a1d" relativeResultsDirectory="b9f88880-86e8-42b0-bf53-d8f245f3dd3c">
      <Output>
        <ErrorInfo>
          <Message>Initialization method TaxProfileAssistantTest.Controllers.Tests.CredentialsControllerTests.InitializeData threw exception. System.IO.DirectoryNotFoundException: System.IO.DirectoryNotFoundException: Could not find a part of the path 'C:\Program Files (x86)\Jenkins\jobs\Unit Test On TPA\workspace\bin\Debug\kishor.dudhe_AV-PN-KISHORD 2015-04-29 17_13_37\XMLTestFiles\TPA_500.xml'..</Message>
          <StackTrace>    at System.IO.__Error.WinIOError(Int32 errorCode, String maybeFullPath)
   at System.IO.FileStream.Init(String path, FileMode mode, FileAccess access, Int32 rights, Boolean useRights, FileShare share, Int32 bufferSize, FileOptions options, SECURITY_ATTRIBUTES secAttrs, String msgPath, Boolean bFromProxy, Boolean useLongPath, Boolean checkHost)
   at System.IO.FileStream..ctor(String path, FileMode mode, FileAccess access, FileShare share, Int32 bufferSize)
   at System.Xml.XmlDownloadManager.GetStream(Uri uri, ICredentials credentials, IWebProxy proxy, RequestCachePolicy cachePolicy)
   at System.Xml.XmlUrlResolver.GetEntity(Uri absoluteUri, String role, Type ofObjectToReturn)
   at System.Xml.XmlTextReaderImpl.FinishInitUriString()
   at System.Xml.XmlTextReaderImpl..ctor(String uriStr, XmlReaderSettings settings, XmlParserContext context, XmlResolver uriResolver)
   at System.Xml.XmlReaderSettings.CreateReader(String inputUri, XmlParserContext inputContext)
   at System.Xml.XmlReader.Create(String inputUri, XmlReaderSettings settings, XmlParserContext inputContext)
   at System.Xml.XmlReader.Create(String inputUri)
   at TaxProfileAssistantTest.Controllers.Tests.CredentialsControllerTests.InitializeData() in d:\other\TaxProfileAssistantTests - Copy\Controllers\CredentialsControllerTests.cs:line 35
</StackTrace>
        </ErrorInfo>
      </Output>
    </UnitTestResult>
    <UnitTestResult executionId="b3ce34c8-5371-4b03-8a44-60f37c7ba378" testId="0a3135db-6304-2f92-93f1-2e53f6f241a2" testName="CredentialsControllerIndexTest_ReturnsCorrectViewWhenAccountInfoObjectIsNull" computerName="AV-PN-KISHORD" duration="00:00:00.0011550" startTime="2015-04-29T17:13:38.1512144+05:30" endTime="2015-04-29T17:13:38.1512144+05:30" testType="13cdc9d9-ddb5-4fa4-a97d-d965ccfc6d4b" outcome="Failed" testListId="8c84fa94-04c1-424b-9868-57a2d4851a1d" relativeResultsDirectory="b3ce34c8-5371-4b03-8a44-60f37c7ba378">
      <Output>
        <ErrorInfo>
          <Message>Initialization method TaxProfileAssistantTest.Controllers.Tests.CredentialsControllerTests.InitializeData threw exception. System.IO.DirectoryNotFoundException: System.IO.DirectoryNotFoundException: Could not find a part of the path 'C:\Program Files (x86)\Jenkins\jobs\Unit Test On TPA\workspace\bin\Debug\kishor.dudhe_AV-PN-KISHORD 2015-04-29 17_13_37\XMLTestFiles\TPA_500.xml'..</Message>
          <StackTrace>    at System.IO.__Error.WinIOError(Int32 errorCode, String maybeFullPath)
   at System.IO.FileStream.Init(String path, FileMode mode, FileAccess access, Int32 rights, Boolean useRights, FileShare share, Int32 bufferSize, FileOptions options, SECURITY_ATTRIBUTES secAttrs, String msgPath, Boolean bFromProxy, Boolean useLongPath, Boolean checkHost)
   at System.IO.FileStream..ctor(String path, FileMode mode, FileAccess access, FileShare share, Int32 bufferSize)
   at System.Xml.XmlDownloadManager.GetStream(Uri uri, ICredentials credentials, IWebProxy proxy, RequestCachePolicy cachePolicy)
   at System.Xml.XmlUrlResolver.GetEntity(Uri absoluteUri, String role, Type ofObjectToReturn)
   at System.Xml.XmlTextReaderImpl.FinishInitUriString()
   at System.Xml.XmlTextReaderImpl..ctor(String uriStr, XmlReaderSettings settings, XmlParserContext context, XmlResolver uriResolver)
   at System.Xml.XmlReaderSettings.CreateReader(String inputUri, XmlParserContext inputContext)
   at System.Xml.XmlReader.Create(String inputUri, XmlReaderSettings settings, XmlParserContext inputContext)
   at System.Xml.XmlReader.Create(String inputUri)
   at TaxProfileAssistantTest.Controllers.Tests.CredentialsControllerTests.InitializeData() in d:\other\TaxProfileAssistantTests - Copy\Controllers\CredentialsControllerTests.cs:line 35
</StackTrace>
        </ErrorInfo>
      </Output>
    </UnitTestResult>
    <UnitTestResult executionId="7fff22bd-f4e5-410f-8750-284dd2f4883c" testId="7144f798-c2b3-e319-edb0-24f2a6f88987" testName="CredentialsControllerIndexTest_ReturnsRedirectToRouteResult" computerName="AV-PN-KISHORD" duration="00:00:00.0010674" startTime="2015-04-29T17:13:38.1512144+05:30" endTime="2015-04-29T17:13:38.1512144+05:30" testType="13cdc9d9-ddb5-4fa4-a97d-d965ccfc6d4b" outcome="Failed" testListId="8c84fa94-04c1-424b-9868-57a2d4851a1d" relativeResultsDirectory="7fff22bd-f4e5-410f-8750-284dd2f4883c">
      <Output>
        <ErrorInfo>
          <Message>Initialization method TaxProfileAssistantTest.Controllers.Tests.CredentialsControllerTests.InitializeData threw exception. System.IO.DirectoryNotFoundException: System.IO.DirectoryNotFoundException: Could not find a part of the path 'C:\Program Files (x86)\Jenkins\jobs\Unit Test On TPA\workspace\bin\Debug\kishor.dudhe_AV-PN-KISHORD 2015-04-29 17_13_37\XMLTestFiles\TPA_500.xml'..</Message>
          <StackTrace>    at System.IO.__Error.WinIOError(Int32 errorCode, String maybeFullPath)
   at System.IO.FileStream.Init(String path, FileMode mode, FileAccess access, Int32 rights, Boolean useRights, FileShare share, Int32 bufferSize, FileOptions options, SECURITY_ATTRIBUTES secAttrs, String msgPath, Boolean bFromProxy, Boolean useLongPath, Boolean checkHost)
   at System.IO.FileStream..ctor(String path, FileMode mode, FileAccess access, FileShare share, Int32 bufferSize)
   at System.Xml.XmlDownloadManager.GetStream(Uri uri, ICredentials credentials, IWebProxy proxy, RequestCachePolicy cachePolicy)
   at System.Xml.XmlUrlResolver.GetEntity(Uri absoluteUri, String role, Type ofObjectToReturn)
   at System.Xml.XmlTextReaderImpl.FinishInitUriString()
   at System.Xml.XmlTextReaderImpl..ctor(String uriStr, XmlReaderSettings settings, XmlParserContext context, XmlResolver uriResolver)
   at System.Xml.XmlReaderSettings.CreateReader(String inputUri, XmlParserContext inputContext)
   at System.Xml.XmlReader.Create(String inputUri, XmlReaderSettings settings, XmlParserContext inputContext)
   at System.Xml.XmlReader.Create(String inputUri)
   at TaxProfileAssistantTest.Controllers.Tests.CredentialsControllerTests.InitializeData() in d:\other\TaxProfileAssistantTests - Copy\Controllers\CredentialsControllerTests.cs:line 35
</StackTrace>
        </ErrorInfo>
      </Output>
    </UnitTestResult>
    <UnitTestResult executionId="ad24f092-0c25-4283-86ff-f9e802c7b291" testId="70bd190d-1a2c-a600-0666-091dc90965ea" testName="DoConnectionTestToCheckIfItReturnsTheCreateCompanyString" computerName="AV-PN-KISHORD" duration="00:00:00.0011131" startTime="2015-04-29T17:13:38.1512144+05:30" endTime="2015-04-29T17:13:38.1512144+05:30" testType="13cdc9d9-ddb5-4fa4-a97d-d965ccfc6d4b" outcome="Failed" testListId="8c84fa94-04c1-424b-9868-57a2d4851a1d" relativeResultsDirectory="ad24f092-0c25-4283-86ff-f9e802c7b291">
      <Output>
        <ErrorInfo>
          <Message>Initialization method TaxProfileAssistantTest.Controllers.Tests.CredentialsControllerTests.InitializeData threw exception. System.IO.DirectoryNotFoundException: System.IO.DirectoryNotFoundException: Could not find a part of the path 'C:\Program Files (x86)\Jenkins\jobs\Unit Test On TPA\workspace\bin\Debug\kishor.dudhe_AV-PN-KISHORD 2015-04-29 17_13_37\XMLTestFiles\TPA_500.xml'..</Message>
          <StackTrace>    at System.IO.__Error.WinIOError(Int32 errorCode, String maybeFullPath)
   at System.IO.FileStream.Init(String path, FileMode mode, FileAccess access, Int32 rights, Boolean useRights, FileShare share, Int32 bufferSize, FileOptions options, SECURITY_ATTRIBUTES secAttrs, String msgPath, Boolean bFromProxy, Boolean useLongPath, Boolean checkHost)
   at System.IO.FileStream..ctor(String path, FileMode mode, FileAccess access, FileShare share, Int32 bufferSize)
   at System.Xml.XmlDownloadManager.GetStream(Uri uri, ICredentials credentials, IWebProxy proxy, RequestCachePolicy cachePolicy)
   at System.Xml.XmlUrlResolver.GetEntity(Uri absoluteUri, String role, Type ofObjectToReturn)
   at System.Xml.XmlTextReaderImpl.FinishInitUriString()
   at System.Xml.XmlTextReaderImpl..ctor(String uriStr, XmlReaderSettings settings, XmlParserContext context, XmlResolver uriResolver)
   at System.Xml.XmlReaderSettings.CreateReader(String inputUri, XmlParserContext inputContext)
   at System.Xml.XmlReader.Create(String inputUri, XmlReaderSettings settings, XmlParserContext inputContext)
   at System.Xml.XmlReader.Create(String inputUri)
   at TaxProfileAssistantTest.Controllers.Tests.CredentialsControllerTests.InitializeData() in d:\other\TaxProfileAssistantTests - Copy\Controllers\CredentialsControllerTests.cs:line 35
</StackTrace>
        </ErrorInfo>
      </Output>
    </UnitTestResult>
    <UnitTestResult executionId="01c99c71-da99-4d78-9878-40b227995f0a" testId="9fa3a964-1974-2634-bc5d-cff8786574e1" testName="DoConnectionTestToCheckIfItReturnsTheNexusSetupString" computerName="AV-PN-KISHORD" duration="00:00:00.0011679" startTime="2015-04-29T17:13:38.1668146+05:30" endTime="2015-04-29T17:13:38.1668146+05:30" testType="13cdc9d9-ddb5-4fa4-a97d-d965ccfc6d4b" outcome="Failed" testListId="8c84fa94-04c1-424b-9868-57a2d4851a1d" relativeResultsDirectory="01c99c71-da99-4d78-9878-40b227995f0a">
      <Output>
        <ErrorInfo>
          <Message>Initialization method TaxProfileAssistantTest.Controllers.Tests.CredentialsControllerTests.InitializeData threw exception. System.IO.DirectoryNotFoundException: System.IO.DirectoryNotFoundException: Could not find a part of the path 'C:\Program Files (x86)\Jenkins\jobs\Unit Test On TPA\workspace\bin\Debug\kishor.dudhe_AV-PN-KISHORD 2015-04-29 17_13_37\XMLTestFiles\TPA_500.xml'..</Message>
          <StackTrace>    at System.IO.__Error.WinIOError(Int32 errorCode, String maybeFullPath)
   at System.IO.FileStream.Init(String path, FileMode mode, FileAccess access, Int32 rights, Boolean useRights, FileShare share, Int32 bufferSize, FileOptions options, SECURITY_ATTRIBUTES secAttrs, String msgPath, Boolean bFromProxy, Boolean useLongPath, Boolean checkHost)
   at System.IO.FileStream..ctor(String path, FileMode mode, FileAccess access, FileShare share, Int32 bufferSize)
   at System.Xml.XmlDownloadManager.GetStream(Uri uri, ICredentials credentials, IWebProxy proxy, RequestCachePolicy cachePolicy)
   at System.Xml.XmlUrlResolver.GetEntity(Uri absoluteUri, String role, Type ofObjectToReturn)
   at System.Xml.XmlTextReaderImpl.FinishInitUriString()
   at System.Xml.XmlTextReaderImpl..ctor(String uriStr, XmlReaderSettings settings, XmlParserContext context, XmlResolver uriResolver)
   at System.Xml.XmlReaderSettings.CreateReader(String inputUri, XmlParserContext inputContext)
   at System.Xml.XmlReader.Create(String inputUri, XmlReaderSettings settings, XmlParserContext inputContext)
   at System.Xml.XmlReader.Create(String inputUri)
   at TaxProfileAssistantTest.Controllers.Tests.CredentialsControllerTests.InitializeData() in d:\other\TaxProfileAssistantTests - Copy\Controllers\CredentialsControllerTests.cs:line 35
</StackTrace>
        </ErrorInfo>
      </Output>
    </UnitTestResult>
    <UnitTestResult executionId="7a18953d-b186-40cd-8441-02c60e3662cb" testId="f9be48aa-113d-e18f-fe49-dfa318f3dc33" testName="ExistingCompanyController_CompanySelected_Returns_RedirectToAction" computerName="AV-PN-KISHORD" duration="00:00:00.0009981" startTime="2015-04-29T17:13:38.1668146+05:30" endTime="2015-04-29T17:13:38.1668146+05:30" testType="13cdc9d9-ddb5-4fa4-a97d-d965ccfc6d4b" outcome="Passed" testListId="8c84fa94-04c1-424b-9868-57a2d4851a1d" relativeResultsDirectory="7a18953d-b186-40cd-8441-02c60e3662cb">
    </UnitTestResult>
    <UnitTestResult executionId="116f4e43-9763-4d73-9330-4d40b99cb52f" testId="425ccb48-5537-6ed7-57af-adf3d39b692d" testName="ExistingCompanyController_IndexTest_CheckIfItReturnsCorrectView" computerName="AV-PN-KISHORD" duration="00:00:00.0018327" startTime="2015-04-29T17:13:38.1668146+05:30" endTime="2015-04-29T17:13:38.1678147+05:30" testType="13cdc9d9-ddb5-4fa4-a97d-d965ccfc6d4b" outcome="Failed" testListId="8c84fa94-04c1-424b-9868-57a2d4851a1d" relativeResultsDirectory="116f4e43-9763-4d73-9330-4d40b99cb52f">
      <Output>
        <ErrorInfo>
          <Message>Test method TaxProfileAssistantTest.Controllers.Tests.ExistingCompanyControllerTests.ExistingCompanyController_IndexTest_CheckIfItReturnsCorrectView threw exception: 
System.IO.DirectoryNotFoundException: Could not find a part of the path 'C:\Program Files (x86)\Jenkins\jobs\Unit Test On TPA\workspace\bin\Debug\kishor.dudhe_AV-PN-KISHORD 2015-04-29 17_13_37\XMLTestFiles\TPA_500.xml'.</Message>
          <StackTrace>    at System.IO.__Error.WinIOError(Int32 errorCode, String maybeFullPath)
   at System.IO.FileStream.Init(String path, FileMode mode, FileAccess access, Int32 rights, Boolean useRights, FileShare share, Int32 bufferSize, FileOptions options, SECURITY_ATTRIBUTES secAttrs, String msgPath, Boolean bFromProxy, Boolean useLongPath, Boolean checkHost)
   at System.IO.FileStream..ctor(String path, FileMode mode, FileAccess access, FileShare share, Int32 bufferSize)
   at System.Xml.XmlDownloadManager.GetStream(Uri uri, ICredentials credentials, IWebProxy proxy, RequestCachePolicy cachePolicy)
   at System.Xml.XmlUrlResolver.GetEntity(Uri absoluteUri, String role, Type ofObjectToReturn)
   at System.Xml.XmlTextReaderImpl.FinishInitUriString()
   at System.Xml.XmlTextReaderImpl..ctor(String uriStr, XmlReaderSettings settings, XmlParserContext context, XmlResolver uriResolver)
   at System.Xml.XmlReaderSettings.CreateReader(String inputUri, XmlParserContext inputContext)
   at System.Xml.XmlReader.Create(String inputUri, XmlReaderSettings settings, XmlParserContext inputContext)
   at System.Xml.XmlReader.Create(String inputUri)
   at TaxProfileAssistantTest.Controllers.Tests.ExistingCompanyControllerTests.ExistingCompanyController_IndexTest_CheckIfItReturnsCorrectView() in d:\other\TaxProfileAssistantTests - Copy\Controllers\ExistingCompanyControllerTests.cs:line 28
</StackTrace>
        </ErrorInfo>
      </Output>
    </UnitTestResult>
    <UnitTestResult executionId="34419c98-44b3-45d7-be25-4f4df38ffcc8" testId="4b937eab-69e4-209e-d5fa-e4ed6c1d3697" testName="HomeController_IndexTestWithXMLOf10000Records" computerName="AV-PN-KISHORD" duration="00:00:00.0016368" startTime="2015-04-29T17:13:38.1678147+05:30" endTime="2015-04-29T17:13:38.1678147+05:30" testType="13cdc9d9-ddb5-4fa4-a97d-d965ccfc6d4b" outcome="Failed" testListId="8c84fa94-04c1-424b-9868-57a2d4851a1d" relativeResultsDirectory="34419c98-44b3-45d7-be25-4f4df38ffcc8">
      <Output>
        <ErrorInfo>
          <Message>Initialization method TaxProfileAssistantTest.Controllers.Tests.HomepageControllerTests.InitializeData threw exception. System.IO.DirectoryNotFoundException: System.IO.DirectoryNotFoundException: Could not find a part of the path 'C:\Program Files (x86)\Jenkins\jobs\Unit Test On TPA\workspace\bin\Debug\kishor.dudhe_AV-PN-KISHORD 2015-04-29 17_13_37\XMLTestFiles\TPA_500.xml'..</Message>
          <StackTrace>    at System.IO.__Error.WinIOError(Int32 errorCode, String maybeFullPath)
   at System.IO.FileStream.Init(String path, FileMode mode, FileAccess access, Int32 rights, Boolean useRights, FileShare share, Int32 bufferSize, FileOptions options, SECURITY_ATTRIBUTES secAttrs, String msgPath, Boolean bFromProxy, Boolean useLongPath, Boolean checkHost)
   at System.IO.FileStream..ctor(String path, FileMode mode, FileAccess access, FileShare share, Int32 bufferSize)
   at System.Xml.XmlDownloadManager.GetStream(Uri uri, ICredentials credentials, IWebProxy proxy, RequestCachePolicy cachePolicy)
   at System.Xml.XmlUrlResolver.GetEntity(Uri absoluteUri, String role, Type ofObjectToReturn)
   at System.Xml.XmlTextReaderImpl.FinishInitUriString()
   at System.Xml.XmlTextReaderImpl..ctor(String uriStr, XmlReaderSettings settings, XmlParserContext context, XmlResolver uriResolver)
   at System.Xml.XmlReaderSettings.CreateReader(String inputUri, XmlParserContext inputContext)
   at System.Xml.XmlReader.Create(String inputUri, XmlReaderSettings settings, XmlParserContext inputContext)
   at System.Xml.XmlReader.Create(String inputUri)
   at TaxProfileAssistantTest.Controllers.Tests.HomepageControllerTests.InitializeData() in d:\other\TaxProfileAssistantTests - Copy\Controllers\HomepageControllerTests.cs:line 44
</StackTrace>
        </ErrorInfo>
      </Output>
    </UnitTestResult>
    <UnitTestResult executionId="f04ee0d0-8d52-435e-bdf0-5a27bde8ca62" testId="61432076-9299-9ebc-e1ee-73dfad40658a" testName="HomeController_IndexTestWithXMLOf1000Records" computerName="AV-PN-KISHORD" duration="00:00:00.0011668" startTime="2015-04-29T17:13:38.1678147+05:30" endTime="2015-04-29T17:13:38.1678147+05:30" testType="13cdc9d9-ddb5-4fa4-a97d-d965ccfc6d4b" outcome="Failed" testListId="8c84fa94-04c1-424b-9868-57a2d4851a1d" relativeResultsDirectory="f04ee0d0-8d52-435e-bdf0-5a27bde8ca62">
      <Output>
        <ErrorInfo>
          <Message>Initialization method TaxProfileAssistantTest.Controllers.Tests.HomepageControllerTests.InitializeData threw exception. System.IO.DirectoryNotFoundException: System.IO.DirectoryNotFoundException: Could not find a part of the path 'C:\Program Files (x86)\Jenkins\jobs\Unit Test On TPA\workspace\bin\Debug\kishor.dudhe_AV-PN-KISHORD 2015-04-29 17_13_37\XMLTestFiles\TPA_500.xml'..</Message>
          <StackTrace>    at System.IO.__Error.WinIOError(Int32 errorCode, String maybeFullPath)
   at System.IO.FileStream.Init(String path, FileMode mode, FileAccess access, Int32 rights, Boolean useRights, FileShare share, Int32 bufferSize, FileOptions options, SECURITY_ATTRIBUTES secAttrs, String msgPath, Boolean bFromProxy, Boolean useLongPath, Boolean checkHost)
   at System.IO.FileStream..ctor(String path, FileMode mode, FileAccess access, FileShare share, Int32 bufferSize)
   at System.Xml.XmlDownloadManager.GetStream(Uri uri, ICredentials credentials, IWebProxy proxy, RequestCachePolicy cachePolicy)
   at System.Xml.XmlUrlResolver.GetEntity(Uri absoluteUri, String role, Type ofObjectToReturn)
   at System.Xml.XmlTextReaderImpl.FinishInitUriString()
   at System.Xml.XmlTextReaderImpl..ctor(String uriStr, XmlReaderSettings settings, XmlParserContext context, XmlResolver uriResolver)
   at System.Xml.XmlReaderSettings.CreateReader(String inputUri, XmlParserContext inputContext)
   at System.Xml.XmlReader.Create(String inputUri, XmlReaderSettings settings, XmlParserContext inputContext)
   at System.Xml.XmlReader.Create(String inputUri)
   at TaxProfileAssistantTest.Controllers.Tests.HomepageControllerTests.InitializeData() in d:\other\TaxProfileAssistantTests - Copy\Controllers\HomepageControllerTests.cs:line 44
</StackTrace>
        </ErrorInfo>
      </Output>
    </UnitTestResult>
    <UnitTestResult executionId="3548b383-eec0-4c91-a413-504e02993db2" testId="f1026be2-71bf-8626-c44a-0da4901dc095" testName="HomeController_IndexTestWithXMLOf2000Records" computerName="AV-PN-KISHORD" duration="00:00:00.0013374" startTime="2015-04-29T17:13:38.1678147+05:30" endTime="2015-04-29T17:13:38.1698149+05:30" testType="13cdc9d9-ddb5-4fa4-a97d-d965ccfc6d4b" outcome="Failed" testListId="8c84fa94-04c1-424b-9868-57a2d4851a1d" relativeResultsDirectory="3548b383-eec0-4c91-a413-504e02993db2">
      <Output>
        <ErrorInfo>
          <Message>Initialization method TaxProfileAssistantTest.Controllers.Tests.HomepageControllerTests.InitializeData threw exception. System.IO.DirectoryNotFoundException: System.IO.DirectoryNotFoundException: Could not find a part of the path 'C:\Program Files (x86)\Jenkins\jobs\Unit Test On TPA\workspace\bin\Debug\kishor.dudhe_AV-PN-KISHORD 2015-04-29 17_13_37\XMLTestFiles\TPA_500.xml'..</Message>
          <StackTrace>    at System.IO.__Error.WinIOError(Int32 errorCode, String maybeFullPath)
   at System.IO.FileStream.Init(String path, FileMode mode, FileAccess access, Int32 rights, Boolean useRights, FileShare share, Int32 bufferSize, FileOptions options, SECURITY_ATTRIBUTES secAttrs, String msgPath, Boolean bFromProxy, Boolean useLongPath, Boolean checkHost)
   at System.IO.FileStream..ctor(String path, FileMode mode, FileAccess access, FileShare share, Int32 bufferSize)
   at System.Xml.XmlDownloadManager.GetStream(Uri uri, ICredentials credentials, IWebProxy proxy, RequestCachePolicy cachePolicy)
   at System.Xml.XmlUrlResolver.GetEntity(Uri absoluteUri, String role, Type ofObjectToReturn)
   at System.Xml.XmlTextReaderImpl.FinishInitUriString()
   at System.Xml.XmlTextReaderImpl..ctor(String uriStr, XmlReaderSettings settings, XmlParserContext context, XmlResolver uriResolver)
   at System.Xml.XmlReaderSettings.CreateReader(String inputUri, XmlParserContext inputContext)
   at System.Xml.XmlReader.Create(String inputUri, XmlReaderSettings settings, XmlParserContext inputContext)
   at System.Xml.XmlReader.Create(String inputUri)
   at TaxProfileAssistantTest.Controllers.Tests.HomepageControllerTests.InitializeData() in d:\other\TaxProfileAssistantTests - Copy\Controllers\HomepageControllerTests.cs:line 44
</StackTrace>
        </ErrorInfo>
      </Output>
    </UnitTestResult>
    <UnitTestResult executionId="60e4acaf-e304-42c3-a040-1165b32add3d" testId="0161f55c-aa3d-2914-01fb-d73806252821" testName="HomepageController_DoConnectionMethod_ThrowsExceptionTest" computerName="AV-PN-KISHORD" duration="00:00:00.0012500" startTime="2015-04-29T17:13:38.1748154+05:30" endTime="2015-04-29T17:13:38.1778157+05:30" testType="13cdc9d9-ddb5-4fa4-a97d-d965ccfc6d4b" outcome="Failed" testListId="8c84fa94-04c1-424b-9868-57a2d4851a1d" relativeResultsDirectory="60e4acaf-e304-42c3-a040-1165b32add3d">
      <Output>
        <ErrorInfo>
          <Message>Initialization method TaxProfileAssistantTest.Controllers.Tests.HomepageControllerTests.InitializeData threw exception. System.IO.DirectoryNotFoundException: System.IO.DirectoryNotFoundException: Could not find a part of the path 'C:\Program Files (x86)\Jenkins\jobs\Unit Test On TPA\workspace\bin\Debug\kishor.dudhe_AV-PN-KISHORD 2015-04-29 17_13_37\XMLTestFiles\TPA_500.xml'..</Message>
          <StackTrace>    at System.IO.__Error.WinIOError(Int32 errorCode, String maybeFullPath)
   at System.IO.FileStream.Init(String path, FileMode mode, FileAccess access, Int32 rights, Boolean useRights, FileShare share, Int32 bufferSize, FileOptions options, SECURITY_ATTRIBUTES secAttrs, String msgPath, Boolean bFromProxy, Boolean useLongPath, Boolean checkHost)
   at System.IO.FileStream..ctor(String path, FileMode mode, FileAccess access, FileShare share, Int32 bufferSize)
   at System.Xml.XmlDownloadManager.GetStream(Uri uri, ICredentials credentials, IWebProxy proxy, RequestCachePolicy cachePolicy)
   at System.Xml.XmlUrlResolver.GetEntity(Uri absoluteUri, String role, Type ofObjectToReturn)
   at System.Xml.XmlTextReaderImpl.FinishInitUriString()
   at System.Xml.XmlTextReaderImpl..ctor(String uriStr, XmlReaderSettings settings, XmlParserContext context, XmlResolver uriResolver)
   at System.Xml.XmlReaderSettings.CreateReader(String inputUri, XmlParserContext inputContext)
   at System.Xml.XmlReader.Create(String inputUri, XmlReaderSettings settings, XmlParserContext inputContext)
   at System.Xml.XmlReader.Create(String inputUri)
   at TaxProfileAssistantTest.Controllers.Tests.HomepageControllerTests.InitializeData() in d:\other\TaxProfileAssistantTests - Copy\Controllers\HomepageControllerTests.cs:line 44
</StackTrace>
        </ErrorInfo>
      </Output>
    </UnitTestResult>
    <UnitTestResult executionId="a4c9a780-de93-4301-8f79-9a5c4812a8bd" testId="8ecdf572-0222-d710-0454-0566cf8c843e" testName="HomepageController_DoConnectionMethodTest_With_Wrong_OR_Empty_LicenseKey" computerName="AV-PN-KISHORD" duration="00:00:00.0013131" startTime="2015-04-29T17:13:38.1808160+05:30" endTime="2015-04-29T17:13:38.1838163+05:30" testType="13cdc9d9-ddb5-4fa4-a97d-d965ccfc6d4b" outcome="Failed" testListId="8c84fa94-04c1-424b-9868-57a2d4851a1d" relativeResultsDirectory="a4c9a780-de93-4301-8f79-9a5c4812a8bd">
      <Output>
        <ErrorInfo>
          <Message>Initialization method TaxProfileAssistantTest.Controllers.Tests.HomepageControllerTests.InitializeData threw exception. System.IO.DirectoryNotFoundException: System.IO.DirectoryNotFoundException: Could not find a part of the path 'C:\Program Files (x86)\Jenkins\jobs\Unit Test On TPA\workspace\bin\Debug\kishor.dudhe_AV-PN-KISHORD 2015-04-29 17_13_37\XMLTestFiles\TPA_500.xml'..</Message>
          <StackTrace>    at System.IO.__Error.WinIOError(Int32 errorCode, String maybeFullPath)
   at System.IO.FileStream.Init(String path, FileMode mode, FileAccess access, Int32 rights, Boolean useRights, FileShare share, Int32 bufferSize, FileOptions options, SECURITY_ATTRIBUTES secAttrs, String msgPath, Boolean bFromProxy, Boolean useLongPath, Boolean checkHost)
   at System.IO.FileStream..ctor(String path, FileMode mode, FileAccess access, FileShare share, Int32 bufferSize)
   at System.Xml.XmlDownloadManager.GetStream(Uri uri, ICredentials credentials, IWebProxy proxy, RequestCachePolicy cachePolicy)
   at System.Xml.XmlUrlResolver.GetEntity(Uri absoluteUri, String role, Type ofObjectToReturn)
   at System.Xml.XmlTextReaderImpl.FinishInitUriString()
   at System.Xml.XmlTextReaderImpl..ctor(String uriStr, XmlReaderSettings settings, XmlParserContext context, XmlResolver uriResolver)
   at System.Xml.XmlReaderSettings.CreateReader(String inputUri, XmlParserContext inputContext)
   at System.Xml.XmlReader.Create(String inputUri, XmlReaderSettings settings, XmlParserContext inputContext)
   at System.Xml.XmlReader.Create(String inputUri)
   at TaxProfileAssistantTest.Controllers.Tests.HomepageControllerTests.InitializeData() in d:\other\TaxProfileAssistantTests - Copy\Controllers\HomepageControllerTests.cs:line 44
</StackTrace>
        </ErrorInfo>
      </Output>
    </UnitTestResult>
    <UnitTestResult executionId="d3d5430b-d970-4ffc-b62a-7056994bfe8c" testId="71f5e872-dd63-5dc1-a52c-a549a5cff4b4" testName="HomepageController_DoConnectionMethodTest_Without_WebserviceURL" computerName="AV-PN-KISHORD" duration="00:00:00.0015978" startTime="2015-04-29T17:13:38.1878167+05:30" endTime="2015-04-29T17:13:38.1908170+05:30" testType="13cdc9d9-ddb5-4fa4-a97d-d965ccfc6d4b" outcome="Failed" testListId="8c84fa94-04c1-424b-9868-57a2d4851a1d" relativeResultsDirectory="d3d5430b-d970-4ffc-b62a-7056994bfe8c">
      <Output>
        <ErrorInfo>
          <Message>Initialization method TaxProfileAssistantTest.Controllers.Tests.HomepageControllerTests.InitializeData threw exception. System.IO.DirectoryNotFoundException: System.IO.DirectoryNotFoundException: Could not find a part of the path 'C:\Program Files (x86)\Jenkins\jobs\Unit Test On TPA\workspace\bin\Debug\kishor.dudhe_AV-PN-KISHORD 2015-04-29 17_13_37\XMLTestFiles\TPA_500.xml'..</Message>
          <StackTrace>    at System.IO.__Error.WinIOError(Int32 errorCode, String maybeFullPath)
   at System.IO.FileStream.Init(String path, FileMode mode, FileAccess access, Int32 rights, Boolean useRights, FileShare share, Int32 bufferSize, FileOptions options, SECURITY_ATTRIBUTES secAttrs, String msgPath, Boolean bFromProxy, Boolean useLongPath, Boolean checkHost)
   at System.IO.FileStream..ctor(String path, FileMode mode, FileAccess access, FileShare share, Int32 bufferSize)
   at System.Xml.XmlDownloadManager.GetStream(Uri uri, ICredentials credentials, IWebProxy proxy, RequestCachePolicy cachePolicy)
   at System.Xml.XmlUrlResolver.GetEntity(Uri absoluteUri, String role, Type ofObjectToReturn)
   at System.Xml.XmlTextReaderImpl.FinishInitUriString()
   at System.Xml.XmlTextReaderImpl..ctor(String uriStr, XmlReaderSettings settings, XmlParserContext context, XmlResolver uriResolver)
   at System.Xml.XmlReaderSettings.CreateReader(String inputUri, XmlParserContext inputContext)
   at System.Xml.XmlReader.Create(String inputUri, XmlReaderSettings settings, XmlParserContext inputContext)
   at System.Xml.XmlReader.Create(String inputUri)
   at TaxProfileAssistantTest.Controllers.Tests.HomepageControllerTests.InitializeData() in d:\other\TaxProfileAssistantTests - Copy\Controllers\HomepageControllerTests.cs:line 44
</StackTrace>
        </ErrorInfo>
      </Output>
    </UnitTestResult>
    <UnitTestResult executionId="75c8459f-0f78-4af3-9a5d-7092bbb21ef5" testId="a35fa93e-6a52-ae38-9da2-f20dd82f4235" testName="HomepageController_DoConnectionMethodTest_WithWrongAccountPassword" computerName="AV-PN-KISHORD" duration="00:00:00.0015137" startTime="2015-04-29T17:13:38.1958175+05:30" endTime="2015-04-29T17:13:38.1998179+05:30" testType="13cdc9d9-ddb5-4fa4-a97d-d965ccfc6d4b" outcome="Failed" testListId="8c84fa94-04c1-424b-9868-57a2d4851a1d" relativeResultsDirectory="75c8459f-0f78-4af3-9a5d-7092bbb21ef5">
      <Output>
        <ErrorInfo>
          <Message>Initialization method TaxProfileAssistantTest.Controllers.Tests.HomepageControllerTests.InitializeData threw exception. System.IO.DirectoryNotFoundException: System.IO.DirectoryNotFoundException: Could not find a part of the path 'C:\Program Files (x86)\Jenkins\jobs\Unit Test On TPA\workspace\bin\Debug\kishor.dudhe_AV-PN-KISHORD 2015-04-29 17_13_37\XMLTestFiles\TPA_500.xml'..</Message>
          <StackTrace>    at System.IO.__Error.WinIOError(Int32 errorCode, String maybeFullPath)
   at System.IO.FileStream.Init(String path, FileMode mode, FileAccess access, Int32 rights, Boolean useRights, FileShare share, Int32 bufferSize, FileOptions options, SECURITY_ATTRIBUTES secAttrs, String msgPath, Boolean bFromProxy, Boolean useLongPath, Boolean checkHost)
   at System.IO.FileStream..ctor(String path, FileMode mode, FileAccess access, FileShare share, Int32 bufferSize)
   at System.Xml.XmlDownloadManager.GetStream(Uri uri, ICredentials credentials, IWebProxy proxy, RequestCachePolicy cachePolicy)
   at System.Xml.XmlUrlResolver.GetEntity(Uri absoluteUri, String role, Type ofObjectToReturn)
   at System.Xml.XmlTextReaderImpl.FinishInitUriString()
   at System.Xml.XmlTextReaderImpl..ctor(String uriStr, XmlReaderSettings settings, XmlParserContext context, XmlResolver uriResolver)
   at System.Xml.XmlReaderSettings.CreateReader(String inputUri, XmlParserContext inputContext)
   at System.Xml.XmlReader.Create(String inputUri, XmlReaderSettings settings, XmlParserContext inputContext)
   at System.Xml.XmlReader.Create(String inputUri)
   at TaxProfileAssistantTest.Controllers.Tests.HomepageControllerTests.InitializeData() in d:\other\TaxProfileAssistantTests - Copy\Controllers\HomepageControllerTests.cs:line 44
</StackTrace>
        </ErrorInfo>
      </Output>
    </UnitTestResult>
    <UnitTestResult executionId="a7c5f739-b154-45c0-aea9-4d5a6eb2190c" testId="ec732a20-06e2-42f2-aff2-0401d0bddece" testName="HomepageController_DoConnectionMethodTestWithAllParameters" computerName="AV-PN-KISHORD" duration="00:00:00.0011395" startTime="2015-04-29T17:13:38.2028182+05:30" endTime="2015-04-29T17:13:38.2194185+05:30" testType="13cdc9d9-ddb5-4fa4-a97d-d965ccfc6d4b" outcome="Failed" testListId="8c84fa94-04c1-424b-9868-57a2d4851a1d" relativeResultsDirectory="a7c5f739-b154-45c0-aea9-4d5a6eb2190c">
      <Output>
        <ErrorInfo>
          <Message>Initialization method TaxProfileAssistantTest.Controllers.Tests.HomepageControllerTests.InitializeData threw exception. System.IO.DirectoryNotFoundException: System.IO.DirectoryNotFoundException: Could not find a part of the path 'C:\Program Files (x86)\Jenkins\jobs\Unit Test On TPA\workspace\bin\Debug\kishor.dudhe_AV-PN-KISHORD 2015-04-29 17_13_37\XMLTestFiles\TPA_500.xml'..</Message>
          <StackTrace>    at System.IO.__Error.WinIOError(Int32 errorCode, String maybeFullPath)
   at System.IO.FileStream.Init(String path, FileMode mode, FileAccess access, Int32 rights, Boolean useRights, FileShare share, Int32 bufferSize, FileOptions options, SECURITY_ATTRIBUTES secAttrs, String msgPath, Boolean bFromProxy, Boolean useLongPath, Boolean checkHost)
   at System.IO.FileStream..ctor(String path, FileMode mode, FileAccess access, FileShare share, Int32 bufferSize)
   at System.Xml.XmlDownloadManager.GetStream(Uri uri, ICredentials credentials, IWebProxy proxy, RequestCachePolicy cachePolicy)
   at System.Xml.XmlUrlResolver.GetEntity(Uri absoluteUri, String role, Type ofObjectToReturn)
   at System.Xml.XmlTextReaderImpl.FinishInitUriString()
   at System.Xml.XmlTextReaderImpl..ctor(String uriStr, XmlReaderSettings settings, XmlParserContext context, XmlResolver uriResolver)
   at System.Xml.XmlReaderSettings.CreateReader(String inputUri, XmlParserContext inputContext)
   at System.Xml.XmlReader.Create(String inputUri, XmlReaderSettings settings, XmlParserContext inputContext)
   at System.Xml.XmlReader.Create(String inputUri)
   at TaxProfileAssistantTest.Controllers.Tests.HomepageControllerTests.InitializeData() in d:\other\TaxProfileAssistantTests - Copy\Controllers\HomepageControllerTests.cs:line 44
</StackTrace>
        </ErrorInfo>
      </Output>
    </UnitTestResult>
    <UnitTestResult executionId="58cb5bb9-207e-4867-bb46-e2b97e1bae79" testId="ef0a5977-5131-859b-ef1c-3facfef0eafe" testName="HomepageController_DoConnectionMethodTestWithInvalidAccountInfoParameter" computerName="AV-PN-KISHORD" duration="00:00:00.0012002" startTime="2015-04-29T17:13:38.2350187+05:30" endTime="2015-04-29T17:13:38.2350187+05:30" testType="13cdc9d9-ddb5-4fa4-a97d-d965ccfc6d4b" outcome="Failed" testListId="8c84fa94-04c1-424b-9868-57a2d4851a1d" relativeResultsDirectory="58cb5bb9-207e-4867-bb46-e2b97e1bae79">
      <Output>
        <ErrorInfo>
          <Message>Initialization method TaxProfileAssistantTest.Controllers.Tests.HomepageControllerTests.InitializeData threw exception. System.IO.DirectoryNotFoundException: System.IO.DirectoryNotFoundException: Could not find a part of the path 'C:\Program Files (x86)\Jenkins\jobs\Unit Test On TPA\workspace\bin\Debug\kishor.dudhe_AV-PN-KISHORD 2015-04-29 17_13_37\XMLTestFiles\TPA_500.xml'..</Message>
          <StackTrace>    at System.IO.__Error.WinIOError(Int32 errorCode, String maybeFullPath)
   at System.IO.FileStream.Init(String path, FileMode mode, FileAccess access, Int32 rights, Boolean useRights, FileShare share, Int32 bufferSize, FileOptions options, SECURITY_ATTRIBUTES secAttrs, String msgPath, Boolean bFromProxy, Boolean useLongPath, Boolean checkHost)
   at System.IO.FileStream..ctor(String path, FileMode mode, FileAccess access, FileShare share, Int32 bufferSize)
   at System.Xml.XmlDownloadManager.GetStream(Uri uri, ICredentials credentials, IWebProxy proxy, RequestCachePolicy cachePolicy)
   at System.Xml.XmlUrlResolver.GetEntity(Uri absoluteUri, String role, Type ofObjectToReturn)
   at System.Xml.XmlTextReaderImpl.FinishInitUriString()
   at System.Xml.XmlTextReaderImpl..ctor(String uriStr, XmlReaderSettings settings, XmlParserContext context, XmlResolver uriResolver)
   at System.Xml.XmlReaderSettings.CreateReader(String inputUri, XmlParserContext inputContext)
   at System.Xml.XmlReader.Create(String inputUri, XmlReaderSettings settings, XmlParserContext inputContext)
   at System.Xml.XmlReader.Create(String inputUri)
   at TaxProfileAssistantTest.Controllers.Tests.HomepageControllerTests.InitializeData() in d:\other\TaxProfileAssistantTests - Copy\Controllers\HomepageControllerTests.cs:line 44
</StackTrace>
        </ErrorInfo>
      </Output>
    </UnitTestResult>
    <UnitTestResult executionId="abe9a7f6-3490-47e7-abc1-5856ac313c1a" testId="e673fb06-1d85-1d42-0695-b08d8c74bbcd" testName="HomepageController_DoConnectionMethodTestWithInvalidUsernameParameter" computerName="AV-PN-KISHORD" duration="00:00:00.0011081" startTime="2015-04-29T17:13:38.2350187+05:30" endTime="2015-04-29T17:13:38.2350187+05:30" testType="13cdc9d9-ddb5-4fa4-a97d-d965ccfc6d4b" outcome="Failed" testListId="8c84fa94-04c1-424b-9868-57a2d4851a1d" relativeResultsDirectory="abe9a7f6-3490-47e7-abc1-5856ac313c1a">
      <Output>
        <ErrorInfo>
          <Message>Initialization method TaxProfileAssistantTest.Controllers.Tests.HomepageControllerTests.InitializeData threw exception. System.IO.DirectoryNotFoundException: System.IO.DirectoryNotFoundException: Could not find a part of the path 'C:\Program Files (x86)\Jenkins\jobs\Unit Test On TPA\workspace\bin\Debug\kishor.dudhe_AV-PN-KISHORD 2015-04-29 17_13_37\XMLTestFiles\TPA_500.xml'..</Message>
          <StackTrace>    at System.IO.__Error.WinIOError(Int32 errorCode, String maybeFullPath)
   at System.IO.FileStream.Init(String path, FileMode mode, FileAccess access, Int32 rights, Boolean useRights, FileShare share, Int32 bufferSize, FileOptions options, SECURITY_ATTRIBUTES secAttrs, String msgPath, Boolean bFromProxy, Boolean useLongPath, Boolean checkHost)
   at System.IO.FileStream..ctor(String path, FileMode mode, FileAccess access, FileShare share, Int32 bufferSize)
   at System.Xml.XmlDownloadManager.GetStream(Uri uri, ICredentials credentials, IWebProxy proxy, RequestCachePolicy cachePolicy)
   at System.Xml.XmlUrlResolver.GetEntity(Uri absoluteUri, String role, Type ofObjectToReturn)
   at System.Xml.XmlTextReaderImpl.FinishInitUriString()
   at System.Xml.XmlTextReaderImpl..ctor(String uriStr, XmlReaderSettings settings, XmlParserContext context, XmlResolver uriResolver)
   at System.Xml.XmlReaderSettings.CreateReader(String inputUri, XmlParserContext inputContext)
   at System.Xml.XmlReader.Create(String inputUri, XmlReaderSettings settings, XmlParserContext inputContext)
   at System.Xml.XmlReader.Create(String inputUri)
   at TaxProfileAssistantTest.Controllers.Tests.HomepageControllerTests.InitializeData() in d:\other\TaxProfileAssistantTests - Copy\Controllers\HomepageControllerTests.cs:line 44
</StackTrace>
        </ErrorInfo>
      </Output>
    </UnitTestResult>
    <UnitTestResult executionId="cf90e9d8-ad85-4fff-8c02-90b45d48f2d0" testId="6a8832b9-5f47-3714-05f9-77d9e0a3b4fe" testName="HomepageController_Index_Return_Empty_View_Test" computerName="AV-PN-KISHORD" duration="00:00:00.0011606" startTime="2015-04-29T17:13:38.2350187+05:30" endTime="2015-04-29T17:13:38.2350187+05:30" testType="13cdc9d9-ddb5-4fa4-a97d-d965ccfc6d4b" outcome="Failed" testListId="8c84fa94-04c1-424b-9868-57a2d4851a1d" relativeResultsDirectory="cf90e9d8-ad85-4fff-8c02-90b45d48f2d0">
      <Output>
        <ErrorInfo>
          <Message>Initialization method TaxProfileAssistantTest.Controllers.Tests.HomepageControllerTests.InitializeData threw exception. System.IO.DirectoryNotFoundException: System.IO.DirectoryNotFoundException: Could not find a part of the path 'C:\Program Files (x86)\Jenkins\jobs\Unit Test On TPA\workspace\bin\Debug\kishor.dudhe_AV-PN-KISHORD 2015-04-29 17_13_37\XMLTestFiles\TPA_500.xml'..</Message>
          <StackTrace>    at System.IO.__Error.WinIOError(Int32 errorCode, String maybeFullPath)
   at System.IO.FileStream.Init(String path, FileMode mode, FileAccess access, Int32 rights, Boolean useRights, FileShare share, Int32 bufferSize, FileOptions options, SECURITY_ATTRIBUTES secAttrs, String msgPath, Boolean bFromProxy, Boolean useLongPath, Boolean checkHost)
   at System.IO.FileStream..ctor(String path, FileMode mode, FileAccess access, FileShare share, Int32 bufferSize)
   at System.Xml.XmlDownloadManager.GetStream(Uri uri, ICredentials credentials, IWebProxy proxy, RequestCachePolicy cachePolicy)
   at System.Xml.XmlUrlResolver.GetEntity(Uri absoluteUri, String role, Type ofObjectToReturn)
   at System.Xml.XmlTextReaderImpl.FinishInitUriString()
   at System.Xml.XmlTextReaderImpl..ctor(String uriStr, XmlReaderSettings settings, XmlParserContext context, XmlResolver uriResolver)
   at System.Xml.XmlReaderSettings.CreateReader(String inputUri, XmlParserContext inputContext)
   at System.Xml.XmlReader.Create(String inputUri, XmlReaderSettings settings, XmlParserContext inputContext)
   at System.Xml.XmlReader.Create(String inputUri)
   at TaxProfileAssistantTest.Controllers.Tests.HomepageControllerTests.InitializeData() in d:\other\TaxProfileAssistantTests - Copy\Controllers\HomepageControllerTests.cs:line 44
</StackTrace>
        </ErrorInfo>
      </Output>
    </UnitTestResult>
    <UnitTestResult executionId="73a6296a-81a1-456c-b1ad-1372e7c2d69a" testId="432f363b-50df-9a58-14ae-060bfd14cd39" testName="HomepageController_Index_Test_With_ValidID" computerName="AV-PN-KISHORD" duration="00:00:00.0013107" startTime="2015-04-29T17:13:38.2506189+05:30" endTime="2015-04-29T17:13:38.2506189+05:30" testType="13cdc9d9-ddb5-4fa4-a97d-d965ccfc6d4b" outcome="Failed" testListId="8c84fa94-04c1-424b-9868-57a2d4851a1d" relativeResultsDirectory="73a6296a-81a1-456c-b1ad-1372e7c2d69a">
      <Output>
        <ErrorInfo>
          <Message>Initialization method TaxProfileAssistantTest.Controllers.Tests.HomepageControllerTests.InitializeData threw exception. System.IO.DirectoryNotFoundException: System.IO.DirectoryNotFoundException: Could not find a part of the path 'C:\Program Files (x86)\Jenkins\jobs\Unit Test On TPA\workspace\bin\Debug\kishor.dudhe_AV-PN-KISHORD 2015-04-29 17_13_37\XMLTestFiles\TPA_500.xml'..</Message>
          <StackTrace>    at System.IO.__Error.WinIOError(Int32 errorCode, String maybeFullPath)
   at System.IO.FileStream.Init(String path, FileMode mode, FileAccess access, Int32 rights, Boolean useRights, FileShare share, Int32 bufferSize, FileOptions options, SECURITY_ATTRIBUTES secAttrs, String msgPath, Boolean bFromProxy, Boolean useLongPath, Boolean checkHost)
   at System.IO.FileStream..ctor(String path, FileMode mode, FileAccess access, FileShare share, Int32 bufferSize)
   at System.Xml.XmlDownloadManager.GetStream(Uri uri, ICredentials credentials, IWebProxy proxy, RequestCachePolicy cachePolicy)
   at System.Xml.XmlUrlResolver.GetEntity(Uri absoluteUri, String role, Type ofObjectToReturn)
   at System.Xml.XmlTextReaderImpl.FinishInitUriString()
   at System.Xml.XmlTextReaderImpl..ctor(String uriStr, XmlReaderSettings settings, XmlParserContext context, XmlResolver uriResolver)
   at System.Xml.XmlReaderSettings.CreateReader(String inputUri, XmlParserContext inputContext)
   at System.Xml.XmlReader.Create(String inputUri, XmlReaderSettings settings, XmlParserContext inputContext)
   at System.Xml.XmlReader.Create(String inputUri)
   at TaxProfileAssistantTest.Controllers.Tests.HomepageControllerTests.InitializeData() in d:\other\TaxProfileAssistantTests - Copy\Controllers\HomepageControllerTests.cs:line 44
</StackTrace>
        </ErrorInfo>
      </Output>
    </UnitTestResult>
    <UnitTestResult executionId="1e61e098-71bc-4be2-9614-df6086da9e86" testId="e67106d6-12d5-a55e-4ca8-79e86737dfb4" testName="HomepageController_IndexTest_CheckIfCorrectModelTypeIsReturned" computerName="AV-PN-KISHORD" duration="00:00:00.0016788" startTime="2015-04-29T17:13:38.2506189+05:30" endTime="2015-04-29T17:13:38.2506189+05:30" testType="13cdc9d9-ddb5-4fa4-a97d-d965ccfc6d4b" outcome="Failed" testListId="8c84fa94-04c1-424b-9868-57a2d4851a1d" relativeResultsDirectory="1e61e098-71bc-4be2-9614-df6086da9e86">
      <Output>
        <ErrorInfo>
          <Message>Initialization method TaxProfileAssistantTest.Controllers.Tests.HomepageControllerTests.InitializeData threw exception. System.IO.DirectoryNotFoundException: System.IO.DirectoryNotFoundException: Could not find a part of the path 'C:\Program Files (x86)\Jenkins\jobs\Unit Test On TPA\workspace\bin\Debug\kishor.dudhe_AV-PN-KISHORD 2015-04-29 17_13_37\XMLTestFiles\TPA_500.xml'..</Message>
          <StackTrace>    at System.IO.__Error.WinIOError(Int32 errorCode, String maybeFullPath)
   at System.IO.FileStream.Init(String path, FileMode mode, FileAccess access, Int32 rights, Boolean useRights, FileShare share, Int32 bufferSize, FileOptions options, SECURITY_ATTRIBUTES secAttrs, String msgPath, Boolean bFromProxy, Boolean useLongPath, Boolean checkHost)
   at System.IO.FileStream..ctor(String path, FileMode mode, FileAccess access, FileShare share, Int32 bufferSize)
   at System.Xml.XmlDownloadManager.GetStream(Uri uri, ICredentials credentials, IWebProxy proxy, RequestCachePolicy cachePolicy)
   at System.Xml.XmlUrlResolver.GetEntity(Uri absoluteUri, String role, Type ofObjectToReturn)
   at System.Xml.XmlTextReaderImpl.FinishInitUriString()
   at System.Xml.XmlTextReaderImpl..ctor(String uriStr, XmlReaderSettings settings, XmlParserContext context, XmlResolver uriResolver)
   at System.Xml.XmlReaderSettings.CreateReader(String inputUri, XmlParserContext inputContext)
   at System.Xml.XmlReader.Create(String inputUri, XmlReaderSettings settings, XmlParserContext inputContext)
   at System.Xml.XmlReader.Create(String inputUri)
   at TaxProfileAssistantTest.Controllers.Tests.HomepageControllerTests.InitializeData() in d:\other\TaxProfileAssistantTests - Copy\Controllers\HomepageControllerTests.cs:line 44
</StackTrace>
        </ErrorInfo>
      </Output>
    </UnitTestResult>
    <UnitTestResult executionId="ddd3f2ed-11f8-48f9-a0c4-d4aa028a9cc9" testId="22c60556-7fa9-d487-328f-5164eb9b40d4" testName="NexusSetupController_GetNexusList_ReturnsListOfNexusMasterTest" computerName="AV-PN-KISHORD" duration="00:00:00.0027330" startTime="2015-04-29T17:13:38.2506189+05:30" endTime="2015-04-29T17:13:38.2662191+05:30" testType="13cdc9d9-ddb5-4fa4-a97d-d965ccfc6d4b" outcome="Failed" testListId="8c84fa94-04c1-424b-9868-57a2d4851a1d" relativeResultsDirectory="ddd3f2ed-11f8-48f9-a0c4-d4aa028a9cc9">
      <Output>
        <ErrorInfo>
          <Message>Initialization method TaxProfileAssistantTest.Controllers.Tests.NexusSetupControllerTests.InitializeData threw exception. System.IO.DirectoryNotFoundException: System.IO.DirectoryNotFoundException: Could not find a part of the path 'C:\Program Files (x86)\Jenkins\jobs\Unit Test On TPA\workspace\bin\Debug\kishor.dudhe_AV-PN-KISHORD 2015-04-29 17_13_37\XMLTestFiles\TPA_500.xml'..</Message>
          <StackTrace>    at System.IO.__Error.WinIOError(Int32 errorCode, String maybeFullPath)
   at System.IO.FileStream.Init(String path, FileMode mode, FileAccess access, Int32 rights, Boolean useRights, FileShare share, Int32 bufferSize, FileOptions options, SECURITY_ATTRIBUTES secAttrs, String msgPath, Boolean bFromProxy, Boolean useLongPath, Boolean checkHost)
   at System.IO.FileStream..ctor(String path, FileMode mode, FileAccess access, FileShare share, Int32 bufferSize)
   at System.Xml.XmlDownloadManager.GetStream(Uri uri, ICredentials credentials, IWebProxy proxy, RequestCachePolicy cachePolicy)
   at System.Xml.XmlUrlResolver.GetEntity(Uri absoluteUri, String role, Type ofObjectToReturn)
   at System.Xml.XmlTextReaderImpl.FinishInitUriString()
   at System.Xml.XmlTextReaderImpl..ctor(String uriStr, XmlReaderSettings settings, XmlParserContext context, XmlResolver uriResolver)
   at System.Xml.XmlReaderSettings.CreateReader(String inputUri, XmlParserContext inputContext)
   at System.Xml.XmlReader.Create(String inputUri, XmlReaderSettings settings, XmlParserContext inputContext)
   at System.Xml.XmlReader.Create(String inputUri)
   at TaxProfileAssistantTest.Controllers.Tests.NexusSetupControllerTests.InitializeData() in d:\other\TaxProfileAssistantTests - Copy\Controllers\NexusSetupControllerTests.cs:line 33
</StackTrace>
        </ErrorInfo>
      </Output>
    </UnitTestResult>
    <UnitTestResult executionId="2ee4a9d9-fe83-4a2b-84d9-e4177f78db8e" testId="fa7577ea-6cd0-48a9-d9e0-969588efc499" testName="NexusSetupController_IndexMethod_ReturnsNexusListThroughViewTest" computerName="AV-PN-KISHORD" duration="00:00:00.0019195" startTime="2015-04-29T17:13:38.2662191+05:30" endTime="2015-04-29T17:13:38.2662191+05:30" testType="13cdc9d9-ddb5-4fa4-a97d-d965ccfc6d4b" outcome="Failed" testListId="8c84fa94-04c1-424b-9868-57a2d4851a1d" relativeResultsDirectory="2ee4a9d9-fe83-4a2b-84d9-e4177f78db8e">
      <Output>
        <ErrorInfo>
          <Message>Initialization method TaxProfileAssistantTest.Controllers.Tests.NexusSetupControllerTests.InitializeData threw exception. System.IO.DirectoryNotFoundException: System.IO.DirectoryNotFoundException: Could not find a part of the path 'C:\Program Files (x86)\Jenkins\jobs\Unit Test On TPA\workspace\bin\Debug\kishor.dudhe_AV-PN-KISHORD 2015-04-29 17_13_37\XMLTestFiles\TPA_500.xml'..</Message>
          <StackTrace>    at System.IO.__Error.WinIOError(Int32 errorCode, String maybeFullPath)
   at System.IO.FileStream.Init(String path, FileMode mode, FileAccess access, Int32 rights, Boolean useRights, FileShare share, Int32 bufferSize, FileOptions options, SECURITY_ATTRIBUTES secAttrs, String msgPath, Boolean bFromProxy, Boolean useLongPath, Boolean checkHost)
   at System.IO.FileStream..ctor(String path, FileMode mode, FileAccess access, FileShare share, Int32 bufferSize)
   at System.Xml.XmlDownloadManager.GetStream(Uri uri, ICredentials credentials, IWebProxy proxy, RequestCachePolicy cachePolicy)
   at System.Xml.XmlUrlResolver.GetEntity(Uri absoluteUri, String role, Type ofObjectToReturn)
   at System.Xml.XmlTextReaderImpl.FinishInitUriString()
   at System.Xml.XmlTextReaderImpl..ctor(String uriStr, XmlReaderSettings settings, XmlParserContext context, XmlResolver uriResolver)
   at System.Xml.XmlReaderSettings.CreateReader(String inputUri, XmlParserContext inputContext)
   at System.Xml.XmlReader.Create(String inputUri, XmlReaderSettings settings, XmlParserContext inputContext)
   at System.Xml.XmlReader.Create(String inputUri)
   at TaxProfileAssistantTest.Controllers.Tests.NexusSetupControllerTests.InitializeData() in d:\other\TaxProfileAssistantTests - Copy\Controllers\NexusSetupControllerTests.cs:line 33
</StackTrace>
        </ErrorInfo>
      </Output>
    </UnitTestResult>
    <UnitTestResult executionId="6959fce5-fea6-4b94-9678-902e84cd3404" testId="e91a96f3-3947-7ca6-02dd-a935b456f015" testName="PostMethod_ReturnURL_Test" computerName="AV-PN-KISHORD" duration="00:00:00.0018767" startTime="2015-04-29T17:13:38.2818193+05:30" endTime="2015-04-29T17:13:38.2818193+05:30" testType="13cdc9d9-ddb5-4fa4-a97d-d965ccfc6d4b" outcome="Failed" testListId="8c84fa94-04c1-424b-9868-57a2d4851a1d" relativeResultsDirectory="6959fce5-fea6-4b94-9678-902e84cd3404">
      <Output>
        <ErrorInfo>
          <Message>Test method TaxProfileAssistantTest.Controllers.Tests.TaxProfileAssistantControllerTests.PostMethod_ReturnURL_Test threw exception: 
System.IO.DirectoryNotFoundException: Could not find a part of the path 'C:\Program Files (x86)\Jenkins\jobs\Unit Test On TPA\workspace\bin\Debug\kishor.dudhe_AV-PN-KISHORD 2015-04-29 17_13_37\XMLTestFiles\TPA_500.xml'.</Message>
          <StackTrace>    at System.IO.__Error.WinIOError(Int32 errorCode, String maybeFullPath)
   at System.IO.FileStream.Init(String path, FileMode mode, FileAccess access, Int32 rights, Boolean useRights, FileShare share, Int32 bufferSize, FileOptions options, SECURITY_ATTRIBUTES secAttrs, String msgPath, Boolean bFromProxy, Boolean useLongPath, Boolean checkHost)
   at System.IO.FileStream..ctor(String path, FileMode mode, FileAccess access, FileShare share, Int32 bufferSize)
   at System.Xml.XmlDownloadManager.GetStream(Uri uri, ICredentials credentials, IWebProxy proxy, RequestCachePolicy cachePolicy)
   at System.Xml.XmlUrlResolver.GetEntity(Uri absoluteUri, String role, Type ofObjectToReturn)
   at System.Xml.XmlTextReaderImpl.FinishInitUriString()
   at System.Xml.XmlTextReaderImpl..ctor(String uriStr, XmlReaderSettings settings, XmlParserContext context, XmlResolver uriResolver)
   at System.Xml.XmlReaderSettings.CreateReader(String inputUri, XmlParserContext inputContext)
   at System.Xml.XmlReader.Create(String inputUri, XmlReaderSettings settings, XmlParserContext inputContext)
   at System.Xml.XmlReader.Create(String inputUri)
   at TaxProfileAssistantTest.Controllers.Tests.TaxProfileAssistantControllerTests.PostMethod_ReturnURL_Test() in d:\other\TaxProfileAssistantTests - Copy\Controllers\TaxProfileAssistantControllerTests.cs:line 27
</StackTrace>
        </ErrorInfo>
      </Output>
    </UnitTestResult>
    <UnitTestResult executionId="9f955ef6-e242-4770-9b50-e91c2e397ecb" testId="6de0a777-b967-b25e-01f0-4df7c2dccfb1" testName="TaxProfileAssistantController_Post_XML_Load_TestFor10000Records" computerName="AV-PN-KISHORD" duration="00:00:00.0014169" startTime="2015-04-29T17:13:38.2818193+05:30" endTime="2015-04-29T17:13:38.2818193+05:30" testType="13cdc9d9-ddb5-4fa4-a97d-d965ccfc6d4b" outcome="Failed" testListId="8c84fa94-04c1-424b-9868-57a2d4851a1d" relativeResultsDirectory="9f955ef6-e242-4770-9b50-e91c2e397ecb">
      <Output>
        <ErrorInfo>
          <Message>Test method TaxProfileAssistantTest.Controllers.Tests.TaxProfileAssistantControllerTests.TaxProfileAssistantController_Post_XML_Load_TestFor10000Records threw exception: 
System.IO.DirectoryNotFoundException: Could not find a part of the path 'C:\Program Files (x86)\Jenkins\jobs\Unit Test On TPA\workspace\bin\Debug\kishor.dudhe_AV-PN-KISHORD 2015-04-29 17_13_37\XMLTestFiles\TPA_10000.xml'.</Message>
          <StackTrace>    at System.IO.__Error.WinIOError(Int32 errorCode, String maybeFullPath)
   at System.IO.FileStream.Init(String path, FileMode mode, FileAccess access, Int32 rights, Boolean useRights, FileShare share, Int32 bufferSize, FileOptions options, SECURITY_ATTRIBUTES secAttrs, String msgPath, Boolean bFromProxy, Boolean useLongPath, Boolean checkHost)
   at System.IO.FileStream..ctor(String path, FileMode mode, FileAccess access, FileShare share, Int32 bufferSize)
   at System.Xml.XmlDownloadManager.GetStream(Uri uri, ICredentials credentials, IWebProxy proxy, RequestCachePolicy cachePolicy)
   at System.Xml.XmlUrlResolver.GetEntity(Uri absoluteUri, String role, Type ofObjectToReturn)
   at System.Xml.XmlTextReaderImpl.FinishInitUriString()
   at System.Xml.XmlTextReaderImpl..ctor(String uriStr, XmlReaderSettings settings, XmlParserContext context, XmlResolver uriResolver)
   at System.Xml.XmlReaderSettings.CreateReader(String inputUri, XmlParserContext inputContext)
   at System.Xml.XmlReader.Create(String inputUri, XmlReaderSettings settings, XmlParserContext inputContext)
   at System.Xml.XmlReader.Create(String inputUri)
   at TaxProfileAssistantTest.Controllers.Tests.TaxProfileAssistantControllerTests.TaxProfileAssistantController_Post_XML_Load_TestFor10000Records() in d:\other\TaxProfileAssistantTests - Copy\Controllers\TaxProfileAssistantControllerTests.cs:line 48
</StackTrace>
        </ErrorInfo>
      </Output>
    </UnitTestResult>
    <UnitTestResult executionId="82112bd0-01f9-4d81-a837-8239165ebec2" testId="d960c2ef-ecd9-7642-3352-48812e16193f" testName="GetThreadProcessStatus_ToCheckIfItSetsTheThreadStatusToFalseWithInvalidThreadNameParameter" computerName="AV-PN-KISHORD" duration="00:00:00.0017732" startTime="2015-04-29T17:13:38.2818193+05:30" endTime="2015-04-29T17:13:38.2974195+05:30" testType="13cdc9d9-ddb5-4fa4-a97d-d965ccfc6d4b" outcome="Failed" testListId="8c84fa94-04c1-424b-9868-57a2d4851a1d" relativeResultsDirectory="82112bd0-01f9-4d81-a837-8239165ebec2">
      <Output>
        <ErrorInfo>
          <Message>Test method TaxProfileAssistantTest.Controllers.Tests.ThreadProcessControllerTests.GetThreadProcessStatus_ToCheckIfItSetsTheThreadStatusToFalseWithInvalidThreadNameParameter threw exception: 
System.IO.DirectoryNotFoundException: Could not find a part of the path 'C:\Program Files (x86)\Jenkins\jobs\Unit Test On TPA\workspace\bin\Debug\kishor.dudhe_AV-PN-KISHORD 2015-04-29 17_13_37\XMLTestFiles\TPA_500.xml'.</Message>
          <StackTrace>    at System.IO.__Error.WinIOError(Int32 errorCode, String maybeFullPath)
   at System.IO.FileStream.Init(String path, FileMode mode, FileAccess access, Int32 rights, Boolean useRights, FileShare share, Int32 bufferSize, FileOptions options, SECURITY_ATTRIBUTES secAttrs, String msgPath, Boolean bFromProxy, Boolean useLongPath, Boolean checkHost)
   at System.IO.FileStream..ctor(String path, FileMode mode, FileAccess access, FileShare share, Int32 bufferSize)
   at System.Xml.XmlDownloadManager.GetStream(Uri uri, ICredentials credentials, IWebProxy proxy, RequestCachePolicy cachePolicy)
   at System.Xml.XmlUrlResolver.GetEntity(Uri absoluteUri, String role, Type ofObjectToReturn)
   at System.Xml.XmlTextReaderImpl.FinishInitUriString()
   at System.Xml.XmlTextReaderImpl..ctor(String uriStr, XmlReaderSettings settings, XmlParserContext context, XmlResolver uriResolver)
   at System.Xml.XmlReaderSettings.CreateReader(String inputUri, XmlParserContext inputContext)
   at System.Xml.XmlReader.Create(String inputUri, XmlReaderSettings settings, XmlParserContext inputContext)
   at System.Xml.XmlReader.Create(String inputUri)
   at TaxProfileAssistantTest.Controllers.Tests.ThreadProcessControllerTests.GetThreadProcessStatus_ToCheckIfItSetsTheThreadStatusToFalseWithInvalidThreadNameParameter() in d:\other\TaxProfileAssistantTests - Copy\Controllers\ThreadProcessControllerTests.cs:line 90
</StackTrace>
        </ErrorInfo>
      </Output>
    </UnitTestResult>
    <UnitTestResult executionId="e70443d2-e6b5-4a62-98c4-0d60b601cd9c" testId="c98547e9-c8e2-3402-0a77-2b5eee7605a0" testName="ThreadProcessControllerGetThreadProcessStatus_ToCheckIfItSetsTheThreadStatusToFalse" computerName="AV-PN-KISHORD" duration="00:00:00.0016225" startTime="2015-04-29T17:13:38.2974195+05:30" endTime="2015-04-29T17:13:38.2974195+05:30" testType="13cdc9d9-ddb5-4fa4-a97d-d965ccfc6d4b" outcome="Failed" testListId="8c84fa94-04c1-424b-9868-57a2d4851a1d" relativeResultsDirectory="e70443d2-e6b5-4a62-98c4-0d60b601cd9c">
      <Output>
        <ErrorInfo>
          <Message>Test method TaxProfileAssistantTest.Controllers.Tests.ThreadProcessControllerTests.ThreadProcessControllerGetThreadProcessStatus_ToCheckIfItSetsTheThreadStatusToFalse threw exception: 
System.IO.DirectoryNotFoundException: Could not find a part of the path 'C:\Program Files (x86)\Jenkins\jobs\Unit Test On TPA\workspace\bin\Debug\kishor.dudhe_AV-PN-KISHORD 2015-04-29 17_13_37\XMLTestFiles\TPA_500.xml'.</Message>
          <StackTrace>    at System.IO.__Error.WinIOError(Int32 errorCode, String maybeFullPath)
   at System.IO.FileStream.Init(String path, FileMode mode, FileAccess access, Int32 rights, Boolean useRights, FileShare share, Int32 bufferSize, FileOptions options, SECURITY_ATTRIBUTES secAttrs, String msgPath, Boolean bFromProxy, Boolean useLongPath, Boolean checkHost)
   at System.IO.FileStream..ctor(String path, FileMode mode, FileAccess access, FileShare share, Int32 bufferSize)
   at System.Xml.XmlDownloadManager.GetStream(Uri uri, ICredentials credentials, IWebProxy proxy, RequestCachePolicy cachePolicy)
   at System.Xml.XmlUrlResolver.GetEntity(Uri absoluteUri, String role, Type ofObjectToReturn)
   at System.Xml.XmlTextReaderImpl.FinishInitUriString()
   at System.Xml.XmlTextReaderImpl..ctor(String uriStr, XmlReaderSettings settings, XmlParserContext context, XmlResolver uriResolver)
   at System.Xml.XmlReaderSettings.CreateReader(String inputUri, XmlParserContext inputContext)
   at System.Xml.XmlReader.Create(String inputUri, XmlReaderSettings settings, XmlParserContext inputContext)
   at System.Xml.XmlReader.Create(String inputUri)
   at TaxProfileAssistantTest.Controllers.Tests.ThreadProcessControllerTests.ThreadProcessControllerGetThreadProcessStatus_ToCheckIfItSetsTheThreadStatusToFalse() in d:\other\TaxProfileAssistantTests - Copy\Controllers\ThreadProcessControllerTests.cs:line 61
</StackTrace>
        </ErrorInfo>
      </Output>
    </UnitTestResult>
    <UnitTestResult executionId="9fcea795-4681-4b29-8454-4f9cc98e0873" testId="9e803a28-6edf-17d2-9590-06e07f87ce5d" testName="ThreadProcessControllerGetThreadProcessStatus_ToCheckIfItSetsTheThreadStatusToTrue" computerName="AV-PN-KISHORD" duration="00:00:00.0014225" startTime="2015-04-29T17:13:38.2974195+05:30" endTime="2015-04-29T17:13:38.2974195+05:30" testType="13cdc9d9-ddb5-4fa4-a97d-d965ccfc6d4b" outcome="Failed" testListId="8c84fa94-04c1-424b-9868-57a2d4851a1d" relativeResultsDirectory="9fcea795-4681-4b29-8454-4f9cc98e0873">
      <Output>
        <ErrorInfo>
          <Message>Test method TaxProfileAssistantTest.Controllers.Tests.ThreadProcessControllerTests.ThreadProcessControllerGetThreadProcessStatus_ToCheckIfItSetsTheThreadStatusToTrue threw exception: 
System.IO.DirectoryNotFoundException: Could not find a part of the path 'C:\Program Files (x86)\Jenkins\jobs\Unit Test On TPA\workspace\bin\Debug\kishor.dudhe_AV-PN-KISHORD 2015-04-29 17_13_37\XMLTestFiles\TPA_500.xml'.</Message>
          <StackTrace>    at System.IO.__Error.WinIOError(Int32 errorCode, String maybeFullPath)
   at System.IO.FileStream.Init(String path, FileMode mode, FileAccess access, Int32 rights, Boolean useRights, FileShare share, Int32 bufferSize, FileOptions options, SECURITY_ATTRIBUTES secAttrs, String msgPath, Boolean bFromProxy, Boolean useLongPath, Boolean checkHost)
   at System.IO.FileStream..ctor(String path, FileMode mode, FileAccess access, FileShare share, Int32 bufferSize)
   at System.Xml.XmlDownloadManager.GetStream(Uri uri, ICredentials credentials, IWebProxy proxy, RequestCachePolicy cachePolicy)
   at System.Xml.XmlUrlResolver.GetEntity(Uri absoluteUri, String role, Type ofObjectToReturn)
   at System.Xml.XmlTextReaderImpl.FinishInitUriString()
   at System.Xml.XmlTextReaderImpl..ctor(String uriStr, XmlReaderSettings settings, XmlParserContext context, XmlResolver uriResolver)
   at System.Xml.XmlReaderSettings.CreateReader(String inputUri, XmlParserContext inputContext)
   at System.Xml.XmlReader.Create(String inputUri, XmlReaderSettings settings, XmlParserContext inputContext)
   at System.Xml.XmlReader.Create(String inputUri)
   at TaxProfileAssistantTest.Controllers.Tests.ThreadProcessControllerTests.ThreadProcessControllerGetThreadProcessStatus_ToCheckIfItSetsTheThreadStatusToTrue() in d:\other\TaxProfileAssistantTests - Copy\Controllers\ThreadProcessControllerTests.cs:line 34
</StackTrace>
        </ErrorInfo>
      </Output>
    </UnitTestResult>
    <UnitTestResult executionId="abdc307a-7434-42fe-8a70-fa40052480c1" testId="d081735c-9120-f4ef-3f03-6dd12a8e6ebe" testName="CreateCompanyTestToCheckIfCompanyID_And_TransactionIDIsReturned" computerName="AV-PN-KISHORD" duration="00:00:00.0018201" startTime="2015-04-29T17:13:38.3130197+05:30" endTime="2015-04-29T17:13:38.3130197+05:30" testType="13cdc9d9-ddb5-4fa4-a97d-d965ccfc6d4b" outcome="Failed" testListId="8c84fa94-04c1-424b-9868-57a2d4851a1d" relativeResultsDirectory="abdc307a-7434-42fe-8a70-fa40052480c1">
      <Output>
        <ErrorInfo>
          <Message>Initialization method TaxProfileAssistantTest.Utils.Tests.AccountServiceHelperTests.InitializeData threw exception. System.IO.DirectoryNotFoundException: System.IO.DirectoryNotFoundException: Could not find a part of the path 'C:\Program Files (x86)\Jenkins\jobs\Unit Test On TPA\workspace\bin\Debug\kishor.dudhe_AV-PN-KISHORD 2015-04-29 17_13_37\XMLTestFiles\TPA_500.xml'..</Message>
          <StackTrace>    at System.IO.__Error.WinIOError(Int32 errorCode, String maybeFullPath)
   at System.IO.FileStream.Init(String path, FileMode mode, FileAccess access, Int32 rights, Boolean useRights, FileShare share, Int32 bufferSize, FileOptions options, SECURITY_ATTRIBUTES secAttrs, String msgPath, Boolean bFromProxy, Boolean useLongPath, Boolean checkHost)
   at System.IO.FileStream..ctor(String path, FileMode mode, FileAccess access, FileShare share, Int32 bufferSize)
   at System.Xml.XmlDownloadManager.GetStream(Uri uri, ICredentials credentials, IWebProxy proxy, RequestCachePolicy cachePolicy)
   at System.Xml.XmlUrlResolver.GetEntity(Uri absoluteUri, String role, Type ofObjectToReturn)
   at System.Xml.XmlTextReaderImpl.FinishInitUriString()
   at System.Xml.XmlTextReaderImpl..ctor(String uriStr, XmlReaderSettings settings, XmlParserContext context, XmlResolver uriResolver)
   at System.Xml.XmlReaderSettings.CreateReader(String inputUri, XmlParserContext inputContext)
   at System.Xml.XmlReader.Create(String inputUri, XmlReaderSettings settings, XmlParserContext inputContext)
   at System.Xml.XmlReader.Create(String inputUri)
   at TaxProfileAssistantTest.Utils.Tests.AccountServiceHelperTests.InitializeData() in d:\other\TaxProfileAssistantTests - Copy\Utils\AccountServiceHelperTests.cs:line 31
</StackTrace>
        </ErrorInfo>
      </Output>
    </UnitTestResult>
    <UnitTestResult executionId="621e323f-9030-46ca-a4f7-1a559cc4a10a" testId="75889669-c265-d283-53a4-f97aef5dff6a" testName="CreateCompanyTestToCheckIfCorrectResultTypeIsReturned" computerName="AV-PN-KISHORD" duration="00:00:00.0011609" startTime="2015-04-29T17:13:38.3130197+05:30" endTime="2015-04-29T17:13:38.3130197+05:30" testType="13cdc9d9-ddb5-4fa4-a97d-d965ccfc6d4b" outcome="Failed" testListId="8c84fa94-04c1-424b-9868-57a2d4851a1d" relativeResultsDirectory="621e323f-9030-46ca-a4f7-1a559cc4a10a">
      <Output>
        <ErrorInfo>
          <Message>Initialization method TaxProfileAssistantTest.Utils.Tests.AccountServiceHelperTests.InitializeData threw exception. System.IO.DirectoryNotFoundException: System.IO.DirectoryNotFoundException: Could not find a part of the path 'C:\Program Files (x86)\Jenkins\jobs\Unit Test On TPA\workspace\bin\Debug\kishor.dudhe_AV-PN-KISHORD 2015-04-29 17_13_37\XMLTestFiles\TPA_500.xml'..</Message>
          <StackTrace>    at System.IO.__Error.WinIOError(Int32 errorCode, String maybeFullPath)
   at System.IO.FileStream.Init(String path, FileMode mode, FileAccess access, Int32 rights, Boolean useRights, FileShare share, Int32 bufferSize, FileOptions options, SECURITY_ATTRIBUTES secAttrs, String msgPath, Boolean bFromProxy, Boolean useLongPath, Boolean checkHost)
   at System.IO.FileStream..ctor(String path, FileMode mode, FileAccess access, FileShare share, Int32 bufferSize)
   at System.Xml.XmlDownloadManager.GetStream(Uri uri, ICredentials credentials, IWebProxy proxy, RequestCachePolicy cachePolicy)
   at System.Xml.XmlUrlResolver.GetEntity(Uri absoluteUri, String role, Type ofObjectToReturn)
   at System.Xml.XmlTextReaderImpl.FinishInitUriString()
   at System.Xml.XmlTextReaderImpl..ctor(String uriStr, XmlReaderSettings settings, XmlParserContext context, XmlResolver uriResolver)
   at System.Xml.XmlReaderSettings.CreateReader(String inputUri, XmlParserContext inputContext)
   at System.Xml.XmlReader.Create(String inputUri, XmlReaderSettings settings, XmlParserContext inputContext)
   at System.Xml.XmlReader.Create(String inputUri)
   at TaxProfileAssistantTest.Utils.Tests.AccountServiceHelperTests.InitializeData() in d:\other\TaxProfileAssistantTests - Copy\Utils\AccountServiceHelperTests.cs:line 31
</StackTrace>
        </ErrorInfo>
      </Output>
    </UnitTestResult>
    <UnitTestResult executionId="2578cb4b-b9c2-4638-877f-592fb6e41d96" testId="f28a5d73-2e3a-2983-da0d-f1517e3c0a19" testName="CreateCompanyTestToCheckIfResultCodeIsReturned" computerName="AV-PN-KISHORD" duration="00:00:00.0010149" startTime="2015-04-29T17:13:38.3130197+05:30" endTime="2015-04-29T17:13:38.3130197+05:30" testType="13cdc9d9-ddb5-4fa4-a97d-d965ccfc6d4b" outcome="Failed" testListId="8c84fa94-04c1-424b-9868-57a2d4851a1d" relativeResultsDirectory="2578cb4b-b9c2-4638-877f-592fb6e41d96">
      <Output>
        <ErrorInfo>
          <Message>Initialization method TaxProfileAssistantTest.Utils.Tests.AccountServiceHelperTests.InitializeData threw exception. System.IO.DirectoryNotFoundException: System.IO.DirectoryNotFoundException: Could not find a part of the path 'C:\Program Files (x86)\Jenkins\jobs\Unit Test On TPA\workspace\bin\Debug\kishor.dudhe_AV-PN-KISHORD 2015-04-29 17_13_37\XMLTestFiles\TPA_500.xml'..</Message>
          <StackTrace>    at System.IO.__Error.WinIOError(Int32 errorCode, String maybeFullPath)
   at System.IO.FileStream.Init(String path, FileMode mode, FileAccess access, Int32 rights, Boolean useRights, FileShare share, Int32 bufferSize, FileOptions options, SECURITY_ATTRIBUTES secAttrs, String msgPath, Boolean bFromProxy, Boolean useLongPath, Boolean checkHost)
   at System.IO.FileStream..ctor(String path, FileMode mode, FileAccess access, FileShare share, Int32 bufferSize)
   at System.Xml.XmlDownloadManager.GetStream(Uri uri, ICredentials credentials, IWebProxy proxy, RequestCachePolicy cachePolicy)
   at System.Xml.XmlUrlResolver.GetEntity(Uri absoluteUri, String role, Type ofObjectToReturn)
   at System.Xml.XmlTextReaderImpl.FinishInitUriString()
   at System.Xml.XmlTextReaderImpl..ctor(String uriStr, XmlReaderSettings settings, XmlParserContext context, XmlResolver uriResolver)
   at System.Xml.XmlReaderSettings.CreateReader(String inputUri, XmlParserContext inputContext)
   at System.Xml.XmlReader.Create(String inputUri, XmlReaderSettings settings, XmlParserContext inputContext)
   at System.Xml.XmlReader.Create(String inputUri)
   at TaxProfileAssistantTest.Utils.Tests.AccountServiceHelperTests.InitializeData() in d:\other\TaxProfileAssistantTests - Copy\Utils\AccountServiceHelperTests.cs:line 31
</StackTrace>
        </ErrorInfo>
      </Output>
    </UnitTestResult>
    <UnitTestResult executionId="a098f062-5000-4026-911d-f8fbcb4986a9" testId="583646d2-0274-0d11-452f-b56a063961f3" testName="CreateNexusTestToCheckIfNullResultsetIsNotReturned" computerName="AV-PN-KISHORD" duration="00:00:00.0010099" startTime="2015-04-29T17:13:38.3286199+05:30" endTime="2015-04-29T17:13:38.3286199+05:30" testType="13cdc9d9-ddb5-4fa4-a97d-d965ccfc6d4b" outcome="Failed" testListId="8c84fa94-04c1-424b-9868-57a2d4851a1d" relativeResultsDirectory="a098f062-5000-4026-911d-f8fbcb4986a9">
      <Output>
        <ErrorInfo>
          <Message>Initialization method TaxProfileAssistantTest.Utils.Tests.AccountServiceHelperTests.InitializeData threw exception. System.IO.DirectoryNotFoundException: System.IO.DirectoryNotFoundException: Could not find a part of the path 'C:\Program Files (x86)\Jenkins\jobs\Unit Test On TPA\workspace\bin\Debug\kishor.dudhe_AV-PN-KISHORD 2015-04-29 17_13_37\XMLTestFiles\TPA_500.xml'..</Message>
          <StackTrace>    at System.IO.__Error.WinIOError(Int32 errorCode, String maybeFullPath)
   at System.IO.FileStream.Init(String path, FileMode mode, FileAccess access, Int32 rights, Boolean useRights, FileShare share, Int32 bufferSize, FileOptions options, SECURITY_ATTRIBUTES secAttrs, String msgPath, Boolean bFromProxy, Boolean useLongPath, Boolean checkHost)
   at System.IO.FileStream..ctor(String path, FileMode mode, FileAccess access, FileShare share, Int32 bufferSize)
   at System.Xml.XmlDownloadManager.GetStream(Uri uri, ICredentials credentials, IWebProxy proxy, RequestCachePolicy cachePolicy)
   at System.Xml.XmlUrlResolver.GetEntity(Uri absoluteUri, String role, Type ofObjectToReturn)
   at System.Xml.XmlTextReaderImpl.FinishInitUriString()
   at System.Xml.XmlTextReaderImpl..ctor(String uriStr, XmlReaderSettings settings, XmlParserContext context, XmlResolver uriResolver)
   at System.Xml.XmlReaderSettings.CreateReader(String inputUri, XmlParserContext inputContext)
   at System.Xml.XmlReader.Create(String inputUri, XmlReaderSettings settings, XmlParserContext inputContext)
   at System.Xml.XmlReader.Create(String inputUri)
   at TaxProfileAssistantTest.Utils.Tests.AccountServiceHelperTests.InitializeData() in d:\other\TaxProfileAssistantTests - Copy\Utils\AccountServiceHelperTests.cs:line 31
</StackTrace>
        </ErrorInfo>
      </Output>
    </UnitTestResult>
    <UnitTestResult executionId="7e8760ca-aa41-4de6-864e-51eb0bcd4f43" testId="b694f7c1-358d-155c-dd9d-24ef9ffaa004" testName="CreateNexusTestToCheckIfResultCodeIsSuccessForUniqueNexus" computerName="AV-PN-KISHORD" duration="00:00:00.0010102" startTime="2015-04-29T17:13:38.3286199+05:30" endTime="2015-04-29T17:13:38.3286199+05:30" testType="13cdc9d9-ddb5-4fa4-a97d-d965ccfc6d4b" outcome="Failed" testListId="8c84fa94-04c1-424b-9868-57a2d4851a1d" relativeResultsDirectory="7e8760ca-aa41-4de6-864e-51eb0bcd4f43">
      <Output>
        <ErrorInfo>
          <Message>Initialization method TaxProfileAssistantTest.Utils.Tests.AccountServiceHelperTests.InitializeData threw exception. System.IO.DirectoryNotFoundException: System.IO.DirectoryNotFoundException: Could not find a part of the path 'C:\Program Files (x86)\Jenkins\jobs\Unit Test On TPA\workspace\bin\Debug\kishor.dudhe_AV-PN-KISHORD 2015-04-29 17_13_37\XMLTestFiles\TPA_500.xml'..</Message>
          <StackTrace>    at System.IO.__Error.WinIOError(Int32 errorCode, String maybeFullPath)
   at System.IO.FileStream.Init(String path, FileMode mode, FileAccess access, Int32 rights, Boolean useRights, FileShare share, Int32 bufferSize, FileOptions options, SECURITY_ATTRIBUTES secAttrs, String msgPath, Boolean bFromProxy, Boolean useLongPath, Boolean checkHost)
   at System.IO.FileStream..ctor(String path, FileMode mode, FileAccess access, FileShare share, Int32 bufferSize)
   at System.Xml.XmlDownloadManager.GetStream(Uri uri, ICredentials credentials, IWebProxy proxy, RequestCachePolicy cachePolicy)
   at System.Xml.XmlUrlResolver.GetEntity(Uri absoluteUri, String role, Type ofObjectToReturn)
   at System.Xml.XmlTextReaderImpl.FinishInitUriString()
   at System.Xml.XmlTextReaderImpl..ctor(String uriStr, XmlReaderSettings settings, XmlParserContext context, XmlResolver uriResolver)
   at System.Xml.XmlReaderSettings.CreateReader(String inputUri, XmlParserContext inputContext)
   at System.Xml.XmlReader.Create(String inputUri, XmlReaderSettings settings, XmlParserContext inputContext)
   at System.Xml.XmlReader.Create(String inputUri)
   at TaxProfileAssistantTest.Utils.Tests.AccountServiceHelperTests.InitializeData() in d:\other\TaxProfileAssistantTests - Copy\Utils\AccountServiceHelperTests.cs:line 31
</StackTrace>
        </ErrorInfo>
      </Output>
    </UnitTestResult>
    <UnitTestResult executionId="d51e2179-bc35-44d5-b58b-ac7cdf43ea48" testId="599dba34-c429-2c5f-4fa2-48664c6a1d11" testName="Utils_AccountServiceCreateCompanyTest_CheckIfCompanySaveResultIsReturned" computerName="AV-PN-KISHORD" duration="00:00:00.0014882" startTime="2015-04-29T17:13:38.3286199+05:30" endTime="2015-04-29T17:13:38.3286199+05:30" testType="13cdc9d9-ddb5-4fa4-a97d-d965ccfc6d4b" outcome="Failed" testListId="8c84fa94-04c1-424b-9868-57a2d4851a1d" relativeResultsDirectory="d51e2179-bc35-44d5-b58b-ac7cdf43ea48">
      <Output>
        <ErrorInfo>
          <Message>Initialization method TaxProfileAssistantTest.Utils.Tests.AccountServiceTests.InitializeData threw exception. System.IO.DirectoryNotFoundException: System.IO.DirectoryNotFoundException: Could not find a part of the path 'C:\Program Files (x86)\Jenkins\jobs\Unit Test On TPA\workspace\bin\Debug\kishor.dudhe_AV-PN-KISHORD 2015-04-29 17_13_37\XMLTestFiles\TPA_500.xml'..</Message>
          <StackTrace>    at System.IO.__Error.WinIOError(Int32 errorCode, String maybeFullPath)
   at System.IO.FileStream.Init(String path, FileMode mode, FileAccess access, Int32 rights, Boolean useRights, FileShare share, Int32 bufferSize, FileOptions options, SECURITY_ATTRIBUTES secAttrs, String msgPath, Boolean bFromProxy, Boolean useLongPath, Boolean checkHost)
   at System.IO.FileStream..ctor(String path, FileMode mode, FileAccess access, FileShare share, Int32 bufferSize)
   at System.Xml.XmlDownloadManager.GetStream(Uri uri, ICredentials credentials, IWebProxy proxy, RequestCachePolicy cachePolicy)
   at System.Xml.XmlUrlResolver.GetEntity(Uri absoluteUri, String role, Type ofObjectToReturn)
   at System.Xml.XmlTextReaderImpl.FinishInitUriString()
   at System.Xml.XmlTextReaderImpl..ctor(String uriStr, XmlReaderSettings settings, XmlParserContext context, XmlResolver uriResolver)
   at System.Xml.XmlReaderSettings.CreateReader(String inputUri, XmlParserContext inputContext)
   at System.Xml.XmlReader.Create(String inputUri, XmlReaderSettings settings, XmlParserContext inputContext)
   at System.Xml.XmlReader.Create(String inputUri)
   at TaxProfileAssistantTest.Utils.Tests.AccountServiceTests.InitializeData() in d:\other\TaxProfileAssistantTests - Copy\Utils\AccountServiceTests.cs:line 40
</StackTrace>
        </ErrorInfo>
      </Output>
    </UnitTestResult>
    <UnitTestResult executionId="77840e07-cb94-48fe-ae4f-75e63d0fdfce" testId="e100468c-80b3-45c4-9643-086c9770af97" testName="Utils_AccountServiceFetchCompanyTest_ChecksIfItReturnsCompanyFetchResult" computerName="AV-PN-KISHORD" duration="00:00:00.0010072" startTime="2015-04-29T17:13:38.3442201+05:30" endTime="2015-04-29T17:13:38.3442201+05:30" testType="13cdc9d9-ddb5-4fa4-a97d-d965ccfc6d4b" outcome="Failed" testListId="8c84fa94-04c1-424b-9868-57a2d4851a1d" relativeResultsDirectory="77840e07-cb94-48fe-ae4f-75e63d0fdfce">
      <Output>
        <ErrorInfo>
          <Message>Initialization method TaxProfileAssistantTest.Utils.Tests.AccountServiceTests.InitializeData threw exception. System.IO.DirectoryNotFoundException: System.IO.DirectoryNotFoundException: Could not find a part of the path 'C:\Program Files (x86)\Jenkins\jobs\Unit Test On TPA\workspace\bin\Debug\kishor.dudhe_AV-PN-KISHORD 2015-04-29 17_13_37\XMLTestFiles\TPA_500.xml'..</Message>
          <StackTrace>    at System.IO.__Error.WinIOError(Int32 errorCode, String maybeFullPath)
   at System.IO.FileStream.Init(String path, FileMode mode, FileAccess access, Int32 rights, Boolean useRights, FileShare share, Int32 bufferSize, FileOptions options, SECURITY_ATTRIBUTES secAttrs, String msgPath, Boolean bFromProxy, Boolean useLongPath, Boolean checkHost)
   at System.IO.FileStream..ctor(String path, FileMode mode, FileAccess access, FileShare share, Int32 bufferSize)
   at System.Xml.XmlDownloadManager.GetStream(Uri uri, ICredentials credentials, IWebProxy proxy, RequestCachePolicy cachePolicy)
   at System.Xml.XmlUrlResolver.GetEntity(Uri absoluteUri, String role, Type ofObjectToReturn)
   at System.Xml.XmlTextReaderImpl.FinishInitUriString()
   at System.Xml.XmlTextReaderImpl..ctor(String uriStr, XmlReaderSettings settings, XmlParserContext context, XmlResolver uriResolver)
   at System.Xml.XmlReaderSettings.CreateReader(String inputUri, XmlParserContext inputContext)
   at System.Xml.XmlReader.Create(String inputUri, XmlReaderSettings settings, XmlParserContext inputContext)
   at System.Xml.XmlReader.Create(String inputUri)
   at TaxProfileAssistantTest.Utils.Tests.AccountServiceTests.InitializeData() in d:\other\TaxProfileAssistantTests - Copy\Utils\AccountServiceTests.cs:line 40
</StackTrace>
        </ErrorInfo>
      </Output>
    </UnitTestResult>
    <UnitTestResult executionId="599605b5-d429-4194-9f3d-53b6ea9ba3c3" testId="a94fec92-c93d-c7d0-bb3f-ce755e84c251" testName="Utils_AccountServiceFetchCompanyTest_ChecksIfItReturnsCorrectErrorMessageWithInvalidAccounNumber" computerName="AV-PN-KISHORD" duration="00:00:00.0010067" startTime="2015-04-29T17:13:38.3442201+05:30" endTime="2015-04-29T17:13:38.3442201+05:30" testType="13cdc9d9-ddb5-4fa4-a97d-d965ccfc6d4b" outcome="Failed" testListId="8c84fa94-04c1-424b-9868-57a2d4851a1d" relativeResultsDirectory="599605b5-d429-4194-9f3d-53b6ea9ba3c3">
      <Output>
        <ErrorInfo>
          <Message>Initialization method TaxProfileAssistantTest.Utils.Tests.AccountServiceTests.InitializeData threw exception. System.IO.DirectoryNotFoundException: System.IO.DirectoryNotFoundException: Could not find a part of the path 'C:\Program Files (x86)\Jenkins\jobs\Unit Test On TPA\workspace\bin\Debug\kishor.dudhe_AV-PN-KISHORD 2015-04-29 17_13_37\XMLTestFiles\TPA_500.xml'..</Message>
          <StackTrace>    at System.IO.__Error.WinIOError(Int32 errorCode, String maybeFullPath)
   at System.IO.FileStream.Init(String path, FileMode mode, FileAccess access, Int32 rights, Boolean useRights, FileShare share, Int32 bufferSize, FileOptions options, SECURITY_ATTRIBUTES secAttrs, String msgPath, Boolean bFromProxy, Boolean useLongPath, Boolean checkHost)
   at System.IO.FileStream..ctor(String path, FileMode mode, FileAccess access, FileShare share, Int32 bufferSize)
   at System.Xml.XmlDownloadManager.GetStream(Uri uri, ICredentials credentials, IWebProxy proxy, RequestCachePolicy cachePolicy)
   at System.Xml.XmlUrlResolver.GetEntity(Uri absoluteUri, String role, Type ofObjectToReturn)
   at System.Xml.XmlTextReaderImpl.FinishInitUriString()
   at System.Xml.XmlTextReaderImpl..ctor(String uriStr, XmlReaderSettings settings, XmlParserContext context, XmlResolver uriResolver)
   at System.Xml.XmlReaderSettings.CreateReader(String inputUri, XmlParserContext inputContext)
   at System.Xml.XmlReader.Create(String inputUri, XmlReaderSettings settings, XmlParserContext inputContext)
   at System.Xml.XmlReader.Create(String inputUri)
   at TaxProfileAssistantTest.Utils.Tests.AccountServiceTests.InitializeData() in d:\other\TaxProfileAssistantTests - Copy\Utils\AccountServiceTests.cs:line 40
</StackTrace>
        </ErrorInfo>
      </Output>
    </UnitTestResult>
    <UnitTestResult executionId="7e4e0b4e-93b1-4a74-98a9-faebb6419a91" testId="a553a5bb-73a4-14ae-fb2e-57421eef54b7" testName="Utils_AccountServiceFetchNexusTest_ChecksIfItReturnsCorrectErrorWithInvalidCompanyId" computerName="AV-PN-KISHORD" duration="00:00:00.0011380" startTime="2015-04-29T17:13:38.3442201+05:30" endTime="2015-04-29T17:13:38.3442201+05:30" testType="13cdc9d9-ddb5-4fa4-a97d-d965ccfc6d4b" outcome="Failed" testListId="8c84fa94-04c1-424b-9868-57a2d4851a1d" relativeResultsDirectory="7e4e0b4e-93b1-4a74-98a9-faebb6419a91">
      <Output>
        <ErrorInfo>
          <Message>Initialization method TaxProfileAssistantTest.Utils.Tests.AccountServiceTests.InitializeData threw exception. System.IO.DirectoryNotFoundException: System.IO.DirectoryNotFoundException: Could not find a part of the path 'C:\Program Files (x86)\Jenkins\jobs\Unit Test On TPA\workspace\bin\Debug\kishor.dudhe_AV-PN-KISHORD 2015-04-29 17_13_37\XMLTestFiles\TPA_500.xml'..</Message>
          <StackTrace>    at System.IO.__Error.WinIOError(Int32 errorCode, String maybeFullPath)
   at System.IO.FileStream.Init(String path, FileMode mode, FileAccess access, Int32 rights, Boolean useRights, FileShare share, Int32 bufferSize, FileOptions options, SECURITY_ATTRIBUTES secAttrs, String msgPath, Boolean bFromProxy, Boolean useLongPath, Boolean checkHost)
   at System.IO.FileStream..ctor(String path, FileMode mode, FileAccess access, FileShare share, Int32 bufferSize)
   at System.Xml.XmlDownloadManager.GetStream(Uri uri, ICredentials credentials, IWebProxy proxy, RequestCachePolicy cachePolicy)
   at System.Xml.XmlUrlResolver.GetEntity(Uri absoluteUri, String role, Type ofObjectToReturn)
   at System.Xml.XmlTextReaderImpl.FinishInitUriString()
   at System.Xml.XmlTextReaderImpl..ctor(String uriStr, XmlReaderSettings settings, XmlParserContext context, XmlResolver uriResolver)
   at System.Xml.XmlReaderSettings.CreateReader(String inputUri, XmlParserContext inputContext)
   at System.Xml.XmlReader.Create(String inputUri, XmlReaderSettings settings, XmlParserContext inputContext)
   at System.Xml.XmlReader.Create(String inputUri)
   at TaxProfileAssistantTest.Utils.Tests.AccountServiceTests.InitializeData() in d:\other\TaxProfileAssistantTests - Copy\Utils\AccountServiceTests.cs:line 40
</StackTrace>
        </ErrorInfo>
      </Output>
    </UnitTestResult>
    <UnitTestResult executionId="fb42dfe7-8114-493e-bd81-329235a71a18" testId="8f1e9bf1-1c2b-ff70-adae-53380210e0be" testName="Utils_AccountServiceFetchNexusTest_ChecksIfItReturnsFetchNexusResult" computerName="AV-PN-KISHORD" duration="00:00:00.0010198" startTime="2015-04-29T17:13:38.3442201+05:30" endTime="2015-04-29T17:13:38.3598203+05:30" testType="13cdc9d9-ddb5-4fa4-a97d-d965ccfc6d4b" outcome="Failed" testListId="8c84fa94-04c1-424b-9868-57a2d4851a1d" relativeResultsDirectory="fb42dfe7-8114-493e-bd81-329235a71a18">
      <Output>
        <ErrorInfo>
          <Message>Initialization method TaxProfileAssistantTest.Utils.Tests.AccountServiceTests.InitializeData threw exception. System.IO.DirectoryNotFoundException: System.IO.DirectoryNotFoundException: Could not find a part of the path 'C:\Program Files (x86)\Jenkins\jobs\Unit Test On TPA\workspace\bin\Debug\kishor.dudhe_AV-PN-KISHORD 2015-04-29 17_13_37\XMLTestFiles\TPA_500.xml'..</Message>
          <StackTrace>    at System.IO.__Error.WinIOError(Int32 errorCode, String maybeFullPath)
   at System.IO.FileStream.Init(String path, FileMode mode, FileAccess access, Int32 rights, Boolean useRights, FileShare share, Int32 bufferSize, FileOptions options, SECURITY_ATTRIBUTES secAttrs, String msgPath, Boolean bFromProxy, Boolean useLongPath, Boolean checkHost)
   at System.IO.FileStream..ctor(String path, FileMode mode, FileAccess access, FileShare share, Int32 bufferSize)
   at System.Xml.XmlDownloadManager.GetStream(Uri uri, ICredentials credentials, IWebProxy proxy, RequestCachePolicy cachePolicy)
   at System.Xml.XmlUrlResolver.GetEntity(Uri absoluteUri, String role, Type ofObjectToReturn)
   at System.Xml.XmlTextReaderImpl.FinishInitUriString()
   at System.Xml.XmlTextReaderImpl..ctor(String uriStr, XmlReaderSettings settings, XmlParserContext context, XmlResolver uriResolver)
   at System.Xml.XmlReaderSettings.CreateReader(String inputUri, XmlParserContext inputContext)
   at System.Xml.XmlReader.Create(String inputUri, XmlReaderSettings settings, XmlParserContext inputContext)
   at System.Xml.XmlReader.Create(String inputUri)
   at TaxProfileAssistantTest.Utils.Tests.AccountServiceTests.InitializeData() in d:\other\TaxProfileAssistantTests - Copy\Utils\AccountServiceTests.cs:line 40
</StackTrace>
        </ErrorInfo>
      </Output>
    </UnitTestResult>
    <UnitTestResult executionId="43780506-0c49-42aa-a9c1-bfb8e50a64cb" testId="8ea8d155-d876-cac3-4b2e-cecb9cd43c96" testName="Utils_AccountServiceTest_CheckIfServiceConnectionFailsWithNoWebService" computerName="AV-PN-KISHORD" duration="00:00:00.0010152" startTime="2015-04-29T17:13:38.3598203+05:30" endTime="2015-04-29T17:13:38.3598203+05:30" testType="13cdc9d9-ddb5-4fa4-a97d-d965ccfc6d4b" outcome="Failed" testListId="8c84fa94-04c1-424b-9868-57a2d4851a1d" relativeResultsDirectory="43780506-0c49-42aa-a9c1-bfb8e50a64cb">
      <Output>
        <ErrorInfo>
          <Message>Initialization method TaxProfileAssistantTest.Utils.Tests.AccountServiceTests.InitializeData threw exception. System.IO.DirectoryNotFoundException: System.IO.DirectoryNotFoundException: Could not find a part of the path 'C:\Program Files (x86)\Jenkins\jobs\Unit Test On TPA\workspace\bin\Debug\kishor.dudhe_AV-PN-KISHORD 2015-04-29 17_13_37\XMLTestFiles\TPA_500.xml'..</Message>
          <StackTrace>    at System.IO.__Error.WinIOError(Int32 errorCode, String maybeFullPath)
   at System.IO.FileStream.Init(String path, FileMode mode, FileAccess access, Int32 rights, Boolean useRights, FileShare share, Int32 bufferSize, FileOptions options, SECURITY_ATTRIBUTES secAttrs, String msgPath, Boolean bFromProxy, Boolean useLongPath, Boolean checkHost)
   at System.IO.FileStream..ctor(String path, FileMode mode, FileAccess access, FileShare share, Int32 bufferSize)
   at System.Xml.XmlDownloadManager.GetStream(Uri uri, ICredentials credentials, IWebProxy proxy, RequestCachePolicy cachePolicy)
   at System.Xml.XmlUrlResolver.GetEntity(Uri absoluteUri, String role, Type ofObjectToReturn)
   at System.Xml.XmlTextReaderImpl.FinishInitUriString()
   at System.Xml.XmlTextReaderImpl..ctor(String uriStr, XmlReaderSettings settings, XmlParserContext context, XmlResolver uriResolver)
   at System.Xml.XmlReaderSettings.CreateReader(String inputUri, XmlParserContext inputContext)
   at System.Xml.XmlReader.Create(String inputUri, XmlReaderSettings settings, XmlParserContext inputContext)
   at System.Xml.XmlReader.Create(String inputUri)
   at TaxProfileAssistantTest.Utils.Tests.AccountServiceTests.InitializeData() in d:\other\TaxProfileAssistantTests - Copy\Utils\AccountServiceTests.cs:line 40
</StackTrace>
        </ErrorInfo>
      </Output>
    </UnitTestResult>
    <UnitTestResult executionId="713dc8bb-76a4-41e6-85c3-802ce8aaf031" testId="8b340f55-9bdc-a4e1-c690-80d946ea20ff" testName="Utils_AccountServiceTest_CheckIfServiceConnectionFailsWithWrongAccountNumber" computerName="AV-PN-KISHORD" duration="00:00:00.0010113" startTime="2015-04-29T17:13:38.3598203+05:30" endTime="2015-04-29T17:13:38.3598203+05:30" testType="13cdc9d9-ddb5-4fa4-a97d-d965ccfc6d4b" outcome="Failed" testListId="8c84fa94-04c1-424b-9868-57a2d4851a1d" relativeResultsDirectory="713dc8bb-76a4-41e6-85c3-802ce8aaf031">
      <Output>
        <ErrorInfo>
          <Message>Initialization method TaxProfileAssistantTest.Utils.Tests.AccountServiceTests.InitializeData threw exception. System.IO.DirectoryNotFoundException: System.IO.DirectoryNotFoundException: Could not find a part of the path 'C:\Program Files (x86)\Jenkins\jobs\Unit Test On TPA\workspace\bin\Debug\kishor.dudhe_AV-PN-KISHORD 2015-04-29 17_13_37\XMLTestFiles\TPA_500.xml'..</Message>
          <StackTrace>    at System.IO.__Error.WinIOError(Int32 errorCode, String maybeFullPath)
   at System.IO.FileStream.Init(String path, FileMode mode, FileAccess access, Int32 rights, Boolean useRights, FileShare share, Int32 bufferSize, FileOptions options, SECURITY_ATTRIBUTES secAttrs, String msgPath, Boolean bFromProxy, Boolean useLongPath, Boolean checkHost)
   at System.IO.FileStream..ctor(String path, FileMode mode, FileAccess access, FileShare share, Int32 bufferSize)
   at System.Xml.XmlDownloadManager.GetStream(Uri uri, ICredentials credentials, IWebProxy proxy, RequestCachePolicy cachePolicy)
   at System.Xml.XmlUrlResolver.GetEntity(Uri absoluteUri, String role, Type ofObjectToReturn)
   at System.Xml.XmlTextReaderImpl.FinishInitUriString()
   at System.Xml.XmlTextReaderImpl..ctor(String uriStr, XmlReaderSettings settings, XmlParserContext context, XmlResolver uriResolver)
   at System.Xml.XmlReaderSettings.CreateReader(String inputUri, XmlParserContext inputContext)
   at System.Xml.XmlReader.Create(String inputUri, XmlReaderSettings settings, XmlParserContext inputContext)
   at System.Xml.XmlReader.Create(String inputUri)
   at TaxProfileAssistantTest.Utils.Tests.AccountServiceTests.InitializeData() in d:\other\TaxProfileAssistantTests - Copy\Utils\AccountServiceTests.cs:line 40
</StackTrace>
        </ErrorInfo>
      </Output>
    </UnitTestResult>
    <UnitTestResult executionId="2aafa911-832b-4d72-811f-d01ce6e0cffc" testId="d9ca392c-19f5-61c0-af55-02e00b56d7ee" testName="Utils_AccountServiceTest_CheckIfServiceConnectionFailsWithWrongLicenseKey" computerName="AV-PN-KISHORD" duration="00:00:00.0012066" startTime="2015-04-29T17:13:38.3598203+05:30" endTime="2015-04-29T17:13:38.3754205+05:30" testType="13cdc9d9-ddb5-4fa4-a97d-d965ccfc6d4b" outcome="Failed" testListId="8c84fa94-04c1-424b-9868-57a2d4851a1d" relativeResultsDirectory="2aafa911-832b-4d72-811f-d01ce6e0cffc">
      <Output>
        <ErrorInfo>
          <Message>Initialization method TaxProfileAssistantTest.Utils.Tests.AccountServiceTests.InitializeData threw exception. System.IO.DirectoryNotFoundException: System.IO.DirectoryNotFoundException: Could not find a part of the path 'C:\Program Files (x86)\Jenkins\jobs\Unit Test On TPA\workspace\bin\Debug\kishor.dudhe_AV-PN-KISHORD 2015-04-29 17_13_37\XMLTestFiles\TPA_500.xml'..</Message>
          <StackTrace>    at System.IO.__Error.WinIOError(Int32 errorCode, String maybeFullPath)
   at System.IO.FileStream.Init(String path, FileMode mode, FileAccess access, Int32 rights, Boolean useRights, FileShare share, Int32 bufferSize, FileOptions options, SECURITY_ATTRIBUTES secAttrs, String msgPath, Boolean bFromProxy, Boolean useLongPath, Boolean checkHost)
   at System.IO.FileStream..ctor(String path, FileMode mode, FileAccess access, FileShare share, Int32 bufferSize)
   at System.Xml.XmlDownloadManager.GetStream(Uri uri, ICredentials credentials, IWebProxy proxy, RequestCachePolicy cachePolicy)
   at System.Xml.XmlUrlResolver.GetEntity(Uri absoluteUri, String role, Type ofObjectToReturn)
   at System.Xml.XmlTextReaderImpl.FinishInitUriString()
   at System.Xml.XmlTextReaderImpl..ctor(String uriStr, XmlReaderSettings settings, XmlParserContext context, XmlResolver uriResolver)
   at System.Xml.XmlReaderSettings.CreateReader(String inputUri, XmlParserContext inputContext)
   at System.Xml.XmlReader.Create(String inputUri, XmlReaderSettings settings, XmlParserContext inputContext)
   at System.Xml.XmlReader.Create(String inputUri)
   at TaxProfileAssistantTest.Utils.Tests.AccountServiceTests.InitializeData() in d:\other\TaxProfileAssistantTests - Copy\Utils\AccountServiceTests.cs:line 40
</StackTrace>
        </ErrorInfo>
      </Output>
    </UnitTestResult>
    <UnitTestResult executionId="da7e87c5-3c78-4f66-ab39-a5cd3e3ba796" testId="65c8ada7-37d2-3a5c-474f-a3ed3aa1ec52" testName="Utils_AccountServiceTest_CheckIfServiceConnectionFailsWithWrongPassword" computerName="AV-PN-KISHORD" duration="00:00:00.0011034" startTime="2015-04-29T17:13:38.3754205+05:30" endTime="2015-04-29T17:13:38.3754205+05:30" testType="13cdc9d9-ddb5-4fa4-a97d-d965ccfc6d4b" outcome="Failed" testListId="8c84fa94-04c1-424b-9868-57a2d4851a1d" relativeResultsDirectory="da7e87c5-3c78-4f66-ab39-a5cd3e3ba796">
      <Output>
        <ErrorInfo>
          <Message>Initialization method TaxProfileAssistantTest.Utils.Tests.AccountServiceTests.InitializeData threw exception. System.IO.DirectoryNotFoundException: System.IO.DirectoryNotFoundException: Could not find a part of the path 'C:\Program Files (x86)\Jenkins\jobs\Unit Test On TPA\workspace\bin\Debug\kishor.dudhe_AV-PN-KISHORD 2015-04-29 17_13_37\XMLTestFiles\TPA_500.xml'..</Message>
          <StackTrace>    at System.IO.__Error.WinIOError(Int32 errorCode, String maybeFullPath)
   at System.IO.FileStream.Init(String path, FileMode mode, FileAccess access, Int32 rights, Boolean useRights, FileShare share, Int32 bufferSize, FileOptions options, SECURITY_ATTRIBUTES secAttrs, String msgPath, Boolean bFromProxy, Boolean useLongPath, Boolean checkHost)
   at System.IO.FileStream..ctor(String path, FileMode mode, FileAccess access, FileShare share, Int32 bufferSize)
   at System.Xml.XmlDownloadManager.GetStream(Uri uri, ICredentials credentials, IWebProxy proxy, RequestCachePolicy cachePolicy)
   at System.Xml.XmlUrlResolver.GetEntity(Uri absoluteUri, String role, Type ofObjectToReturn)
   at System.Xml.XmlTextReaderImpl.FinishInitUriString()
   at System.Xml.XmlTextReaderImpl..ctor(String uriStr, XmlReaderSettings settings, XmlParserContext context, XmlResolver uriResolver)
   at System.Xml.XmlReaderSettings.CreateReader(String inputUri, XmlParserContext inputContext)
   at System.Xml.XmlReader.Create(String inputUri, XmlReaderSettings settings, XmlParserContext inputContext)
   at System.Xml.XmlReader.Create(String inputUri)
   at TaxProfileAssistantTest.Utils.Tests.AccountServiceTests.InitializeData() in d:\other\TaxProfileAssistantTests - Copy\Utils\AccountServiceTests.cs:line 40
</StackTrace>
        </ErrorInfo>
      </Output>
    </UnitTestResult>
    <UnitTestResult executionId="90ad52d7-53c6-41fa-9d26-43b2a299681c" testId="f4c466c5-8ba7-bfdb-ac29-998cf73dbea7" testName="Utils_AccountServiceTest_CheckIfServiceConnectionFailsWithWrongUserName" computerName="AV-PN-KISHORD" duration="00:00:00.0010521" startTime="2015-04-29T17:13:38.3754205+05:30" endTime="2015-04-29T17:13:38.3754205+05:30" testType="13cdc9d9-ddb5-4fa4-a97d-d965ccfc6d4b" outcome="Failed" testListId="8c84fa94-04c1-424b-9868-57a2d4851a1d" relativeResultsDirectory="90ad52d7-53c6-41fa-9d26-43b2a299681c">
      <Output>
        <ErrorInfo>
          <Message>Initialization method TaxProfileAssistantTest.Utils.Tests.AccountServiceTests.InitializeData threw exception. System.IO.DirectoryNotFoundException: System.IO.DirectoryNotFoundException: Could not find a part of the path 'C:\Program Files (x86)\Jenkins\jobs\Unit Test On TPA\workspace\bin\Debug\kishor.dudhe_AV-PN-KISHORD 2015-04-29 17_13_37\XMLTestFiles\TPA_500.xml'..</Message>
          <StackTrace>    at System.IO.__Error.WinIOError(Int32 errorCode, String maybeFullPath)
   at System.IO.FileStream.Init(String path, FileMode mode, FileAccess access, Int32 rights, Boolean useRights, FileShare share, Int32 bufferSize, FileOptions options, SECURITY_ATTRIBUTES secAttrs, String msgPath, Boolean bFromProxy, Boolean useLongPath, Boolean checkHost)
   at System.IO.FileStream..ctor(String path, FileMode mode, FileAccess access, FileShare share, Int32 bufferSize)
   at System.Xml.XmlDownloadManager.GetStream(Uri uri, ICredentials credentials, IWebProxy proxy, RequestCachePolicy cachePolicy)
   at System.Xml.XmlUrlResolver.GetEntity(Uri absoluteUri, String role, Type ofObjectToReturn)
   at System.Xml.XmlTextReaderImpl.FinishInitUriString()
   at System.Xml.XmlTextReaderImpl..ctor(String uriStr, XmlReaderSettings settings, XmlParserContext context, XmlResolver uriResolver)
   at System.Xml.XmlReaderSettings.CreateReader(String inputUri, XmlParserContext inputContext)
   at System.Xml.XmlReader.Create(String inputUri, XmlReaderSettings settings, XmlParserContext inputContext)
   at System.Xml.XmlReader.Create(String inputUri)
   at TaxProfileAssistantTest.Utils.Tests.AccountServiceTests.InitializeData() in d:\other\TaxProfileAssistantTests - Copy\Utils\AccountServiceTests.cs:line 40
</StackTrace>
        </ErrorInfo>
      </Output>
    </UnitTestResult>
    <UnitTestResult executionId="6d5d0936-fb0e-4918-aa77-93ad0d8f0bab" testId="12a6199e-be53-f401-4d2e-eb16885682b7" testName="Utils_AccountServiceTest_CheckIfServiceConnectionIsSuccessful" computerName="AV-PN-KISHORD" duration="00:00:00.0011181" startTime="2015-04-29T17:13:38.3754205+05:30" endTime="2015-04-29T17:13:38.3910207+05:30" testType="13cdc9d9-ddb5-4fa4-a97d-d965ccfc6d4b" outcome="Failed" testListId="8c84fa94-04c1-424b-9868-57a2d4851a1d" relativeResultsDirectory="6d5d0936-fb0e-4918-aa77-93ad0d8f0bab">
      <Output>
        <ErrorInfo>
          <Message>Initialization method TaxProfileAssistantTest.Utils.Tests.AccountServiceTests.InitializeData threw exception. System.IO.DirectoryNotFoundException: System.IO.DirectoryNotFoundException: Could not find a part of the path 'C:\Program Files (x86)\Jenkins\jobs\Unit Test On TPA\workspace\bin\Debug\kishor.dudhe_AV-PN-KISHORD 2015-04-29 17_13_37\XMLTestFiles\TPA_500.xml'..</Message>
          <StackTrace>    at System.IO.__Error.WinIOError(Int32 errorCode, String maybeFullPath)
   at System.IO.FileStream.Init(String path, FileMode mode, FileAccess access, Int32 rights, Boolean useRights, FileShare share, Int32 bufferSize, FileOptions options, SECURITY_ATTRIBUTES secAttrs, String msgPath, Boolean bFromProxy, Boolean useLongPath, Boolean checkHost)
   at System.IO.FileStream..ctor(String path, FileMode mode, FileAccess access, FileShare share, Int32 bufferSize)
   at System.Xml.XmlDownloadManager.GetStream(Uri uri, ICredentials credentials, IWebProxy proxy, RequestCachePolicy cachePolicy)
   at System.Xml.XmlUrlResolver.GetEntity(Uri absoluteUri, String role, Type ofObjectToReturn)
   at System.Xml.XmlTextReaderImpl.FinishInitUriString()
   at System.Xml.XmlTextReaderImpl..ctor(String uriStr, XmlReaderSettings settings, XmlParserContext context, XmlResolver uriResolver)
   at System.Xml.XmlReaderSettings.CreateReader(String inputUri, XmlParserContext inputContext)
   at System.Xml.XmlReader.Create(String inputUri, XmlReaderSettings settings, XmlParserContext inputContext)
   at System.Xml.XmlReader.Create(String inputUri)
   at TaxProfileAssistantTest.Utils.Tests.AccountServiceTests.InitializeData() in d:\other\TaxProfileAssistantTests - Copy\Utils\AccountServiceTests.cs:line 40
</StackTrace>
        </ErrorInfo>
      </Output>
    </UnitTestResult>
    <UnitTestResult executionId="1ddd42d8-6597-4894-b178-9c29c8a48d79" testId="c2e5988a-f640-fa23-3bc8-cf63437014f9" testName="Utils_FetchServiceTest_CheckIfNoRecordsAreReturnedWithInvalidAccountID" computerName="AV-PN-KISHORD" duration="00:00:00.0011990" startTime="2015-04-29T17:13:38.3910207+05:30" endTime="2015-04-29T17:13:38.3910207+05:30" testType="13cdc9d9-ddb5-4fa4-a97d-d965ccfc6d4b" outcome="Failed" testListId="8c84fa94-04c1-424b-9868-57a2d4851a1d" relativeResultsDirectory="1ddd42d8-6597-4894-b178-9c29c8a48d79">
      <Output>
        <ErrorInfo>
          <Message>Initialization method TaxProfileAssistantTest.Utils.Tests.AccountServiceTests.InitializeData threw exception. System.IO.DirectoryNotFoundException: System.IO.DirectoryNotFoundException: Could not find a part of the path 'C:\Program Files (x86)\Jenkins\jobs\Unit Test On TPA\workspace\bin\Debug\kishor.dudhe_AV-PN-KISHORD 2015-04-29 17_13_37\XMLTestFiles\TPA_500.xml'..</Message>
          <StackTrace>    at System.IO.__Error.WinIOError(Int32 errorCode, String maybeFullPath)
   at System.IO.FileStream.Init(String path, FileMode mode, FileAccess access, Int32 rights, Boolean useRights, FileShare share, Int32 bufferSize, FileOptions options, SECURITY_ATTRIBUTES secAttrs, String msgPath, Boolean bFromProxy, Boolean useLongPath, Boolean checkHost)
   at System.IO.FileStream..ctor(String path, FileMode mode, FileAccess access, FileShare share, Int32 bufferSize)
   at System.Xml.XmlDownloadManager.GetStream(Uri uri, ICredentials credentials, IWebProxy proxy, RequestCachePolicy cachePolicy)
   at System.Xml.XmlUrlResolver.GetEntity(Uri absoluteUri, String role, Type ofObjectToReturn)
   at System.Xml.XmlTextReaderImpl.FinishInitUriString()
   at System.Xml.XmlTextReaderImpl..ctor(String uriStr, XmlReaderSettings settings, XmlParserContext context, XmlResolver uriResolver)
   at System.Xml.XmlReaderSettings.CreateReader(String inputUri, XmlParserContext inputContext)
   at System.Xml.XmlReader.Create(String inputUri, XmlReaderSettings settings, XmlParserContext inputContext)
   at System.Xml.XmlReader.Create(String inputUri)
   at TaxProfileAssistantTest.Utils.Tests.AccountServiceTests.InitializeData() in d:\other\TaxProfileAssistantTests - Copy\Utils\AccountServiceTests.cs:line 40
</StackTrace>
        </ErrorInfo>
      </Output>
    </UnitTestResult>
    <UnitTestResult executionId="82f0993b-cfb4-4024-a9dd-85d2e85767c6" testId="e1982b76-49f9-994d-14c5-78c27b396dd5" testName="Utils_FetchServiceTest_CheckIfServiceFetchResultObjectIsReturned" computerName="AV-PN-KISHORD" duration="00:00:00.0011128" startTime="2015-04-29T17:13:38.3910207+05:30" endTime="2015-04-29T17:13:38.3910207+05:30" testType="13cdc9d9-ddb5-4fa4-a97d-d965ccfc6d4b" outcome="Failed" testListId="8c84fa94-04c1-424b-9868-57a2d4851a1d" relativeResultsDirectory="82f0993b-cfb4-4024-a9dd-85d2e85767c6">
      <Output>
        <ErrorInfo>
          <Message>Initialization method TaxProfileAssistantTest.Utils.Tests.AccountServiceTests.InitializeData threw exception. System.IO.DirectoryNotFoundException: System.IO.DirectoryNotFoundException: Could not find a part of the path 'C:\Program Files (x86)\Jenkins\jobs\Unit Test On TPA\workspace\bin\Debug\kishor.dudhe_AV-PN-KISHORD 2015-04-29 17_13_37\XMLTestFiles\TPA_500.xml'..</Message>
          <StackTrace>    at System.IO.__Error.WinIOError(Int32 errorCode, String maybeFullPath)
   at System.IO.FileStream.Init(String path, FileMode mode, FileAccess access, Int32 rights, Boolean useRights, FileShare share, Int32 bufferSize, FileOptions options, SECURITY_ATTRIBUTES secAttrs, String msgPath, Boolean bFromProxy, Boolean useLongPath, Boolean checkHost)
   at System.IO.FileStream..ctor(String path, FileMode mode, FileAccess access, FileShare share, Int32 bufferSize)
   at System.Xml.XmlDownloadManager.GetStream(Uri uri, ICredentials credentials, IWebProxy proxy, RequestCachePolicy cachePolicy)
   at System.Xml.XmlUrlResolver.GetEntity(Uri absoluteUri, String role, Type ofObjectToReturn)
   at System.Xml.XmlTextReaderImpl.FinishInitUriString()
   at System.Xml.XmlTextReaderImpl..ctor(String uriStr, XmlReaderSettings settings, XmlParserContext context, XmlResolver uriResolver)
   at System.Xml.XmlReaderSettings.CreateReader(String inputUri, XmlParserContext inputContext)
   at System.Xml.XmlReader.Create(String inputUri, XmlReaderSettings settings, XmlParserContext inputContext)
   at System.Xml.XmlReader.Create(String inputUri)
   at TaxProfileAssistantTest.Utils.Tests.AccountServiceTests.InitializeData() in d:\other\TaxProfileAssistantTests - Copy\Utils\AccountServiceTests.cs:line 40
</StackTrace>
        </ErrorInfo>
      </Output>
    </UnitTestResult>
    <UnitTestResult executionId="6fa5c046-f47f-4302-b6be-c8625b1df882" testId="df0b6139-dd6a-09f5-16c0-a4f9b3f286c9" testName="GetAccountInfoBySecureKeyTestToCheckIfCorrectAccountInfoDetailsAreFetched" computerName="AV-PN-KISHORD" duration="00:00:00.2424259" startTime="2015-04-29T17:13:38.3910207+05:30" endTime="2015-04-29T17:13:38.6406239+05:30" testType="13cdc9d9-ddb5-4fa4-a97d-d965ccfc6d4b" outcome="Failed" testListId="8c84fa94-04c1-424b-9868-57a2d4851a1d" relativeResultsDirectory="6fa5c046-f47f-4302-b6be-c8625b1df882">
      <Output>
        <ErrorInfo>
          <Message>Initialization method TaxProfileAssistantTest.Utils.Tests.AvaTaxProfileAssistantHelperTests.InitializeData threw exception. System.IO.DirectoryNotFoundException: System.IO.DirectoryNotFoundException: Could not find a part of the path 'C:\Program Files (x86)\Jenkins\jobs\Unit Test On TPA\workspace\bin\Debug\kishor.dudhe_AV-PN-KISHORD 2015-04-29 17_13_37\XMLTestFiles\TPA_500.xml'..</Message>
          <StackTrace>    at System.IO.__Error.WinIOError(Int32 errorCode, String maybeFullPath)
   at System.IO.FileStream.Init(String path, FileMode mode, FileAccess access, Int32 rights, Boolean useRights, FileShare share, Int32 bufferSize, FileOptions options, SECURITY_ATTRIBUTES secAttrs, String msgPath, Boolean bFromProxy, Boolean useLongPath, Boolean checkHost)
   at System.IO.FileStream..ctor(String path, FileMode mode, FileAccess access, FileShare share, Int32 bufferSize)
   at System.Xml.XmlDownloadManager.GetStream(Uri uri, ICredentials credentials, IWebProxy proxy, RequestCachePolicy cachePolicy)
   at System.Xml.XmlUrlResolver.GetEntity(Uri absoluteUri, String role, Type ofObjectToReturn)
   at System.Xml.XmlTextReaderImpl.FinishInitUriString()
   at System.Xml.XmlTextReaderImpl..ctor(String uriStr, XmlReaderSettings settings, XmlParserContext context, XmlResolver uriResolver)
   at System.Xml.XmlReaderSettings.CreateReader(String inputUri, XmlParserContext inputContext)
   at System.Xml.XmlReader.Create(String inputUri, XmlReaderSettings settings, XmlParserContext inputContext)
   at System.Xml.XmlReader.Create(String inputUri)
   at TaxProfileAssistantTest.Utils.Tests.AvaTaxProfileAssistantHelperTests.InitializeData() in d:\other\TaxProfileAssistantTests - Copy\Utils\AvaTaxProfileAssistantHelperTests.cs:line 32
</StackTrace>
        </ErrorInfo>
      </Output>
    </UnitTestResult>
    <UnitTestResult executionId="f4061045-6457-4ea3-98e6-0af5c1639ab2" testId="bd7769f6-6efa-8652-d8c2-ea149a16a4e8" testName="GetAvaERPCountryMappingTestToCheckIfItDoesNotReturnEmptyResult" computerName="AV-PN-KISHORD" duration="00:00:00.0014697" startTime="2015-04-29T17:13:38.6406239+05:30" endTime="2015-04-29T17:13:38.6406239+05:30" testType="13cdc9d9-ddb5-4fa4-a97d-d965ccfc6d4b" outcome="Failed" testListId="8c84fa94-04c1-424b-9868-57a2d4851a1d" relativeResultsDirectory="f4061045-6457-4ea3-98e6-0af5c1639ab2">
      <Output>
        <ErrorInfo>
          <Message>Initialization method TaxProfileAssistantTest.Utils.Tests.AvaTaxProfileAssistantHelperTests.InitializeData threw exception. System.IO.DirectoryNotFoundException: System.IO.DirectoryNotFoundException: Could not find a part of the path 'C:\Program Files (x86)\Jenkins\jobs\Unit Test On TPA\workspace\bin\Debug\kishor.dudhe_AV-PN-KISHORD 2015-04-29 17_13_37\XMLTestFiles\TPA_500.xml'..</Message>
          <StackTrace>    at System.IO.__Error.WinIOError(Int32 errorCode, String maybeFullPath)
   at System.IO.FileStream.Init(String path, FileMode mode, FileAccess access, Int32 rights, Boolean useRights, FileShare share, Int32 bufferSize, FileOptions options, SECURITY_ATTRIBUTES secAttrs, String msgPath, Boolean bFromProxy, Boolean useLongPath, Boolean checkHost)
   at System.IO.FileStream..ctor(String path, FileMode mode, FileAccess access, FileShare share, Int32 bufferSize)
   at System.Xml.XmlDownloadManager.GetStream(Uri uri, ICredentials credentials, IWebProxy proxy, RequestCachePolicy cachePolicy)
   at System.Xml.XmlUrlResolver.GetEntity(Uri absoluteUri, String role, Type ofObjectToReturn)
   at System.Xml.XmlTextReaderImpl.FinishInitUriString()
   at System.Xml.XmlTextReaderImpl..ctor(String uriStr, XmlReaderSettings settings, XmlParserContext context, XmlResolver uriResolver)
   at System.Xml.XmlReaderSettings.CreateReader(String inputUri, XmlParserContext inputContext)
   at System.Xml.XmlReader.Create(String inputUri, XmlReaderSettings settings, XmlParserContext inputContext)
   at System.Xml.XmlReader.Create(String inputUri)
   at TaxProfileAssistantTest.Utils.Tests.AvaTaxProfileAssistantHelperTests.InitializeData() in d:\other\TaxProfileAssistantTests - Copy\Utils\AvaTaxProfileAssistantHelperTests.cs:line 32
</StackTrace>
        </ErrorInfo>
      </Output>
    </UnitTestResult>
    <UnitTestResult executionId="acd09938-737c-47c7-ab06-268e94435b6e" testId="3089d1a9-6439-c1f9-cb57-6667eb7d6988" testName="GetAvaERPCountryMappingTestToCheckIfItReturnsCorrectNumberOfMappedCountries" computerName="AV-PN-KISHORD" duration="00:00:00.0012339" startTime="2015-04-29T17:13:38.6562241+05:30" endTime="2015-04-29T17:13:38.6562241+05:30" testType="13cdc9d9-ddb5-4fa4-a97d-d965ccfc6d4b" outcome="Failed" testListId="8c84fa94-04c1-424b-9868-57a2d4851a1d" relativeResultsDirectory="acd09938-737c-47c7-ab06-268e94435b6e">
      <Output>
        <ErrorInfo>
          <Message>Initialization method TaxProfileAssistantTest.Utils.Tests.AvaTaxProfileAssistantHelperTests.InitializeData threw exception. System.IO.DirectoryNotFoundException: System.IO.DirectoryNotFoundException: Could not find a part of the path 'C:\Program Files (x86)\Jenkins\jobs\Unit Test On TPA\workspace\bin\Debug\kishor.dudhe_AV-PN-KISHORD 2015-04-29 17_13_37\XMLTestFiles\TPA_500.xml'..</Message>
          <StackTrace>    at System.IO.__Error.WinIOError(Int32 errorCode, String maybeFullPath)
   at System.IO.FileStream.Init(String path, FileMode mode, FileAccess access, Int32 rights, Boolean useRights, FileShare share, Int32 bufferSize, FileOptions options, SECURITY_ATTRIBUTES secAttrs, String msgPath, Boolean bFromProxy, Boolean useLongPath, Boolean checkHost)
   at System.IO.FileStream..ctor(String path, FileMode mode, FileAccess access, FileShare share, Int32 bufferSize)
   at System.Xml.XmlDownloadManager.GetStream(Uri uri, ICredentials credentials, IWebProxy proxy, RequestCachePolicy cachePolicy)
   at System.Xml.XmlUrlResolver.GetEntity(Uri absoluteUri, String role, Type ofObjectToReturn)
   at System.Xml.XmlTextReaderImpl.FinishInitUriString()
   at System.Xml.XmlTextReaderImpl..ctor(String uriStr, XmlReaderSettings settings, XmlParserContext context, XmlResolver uriResolver)
   at System.Xml.XmlReaderSettings.CreateReader(String inputUri, XmlParserContext inputContext)
   at System.Xml.XmlReader.Create(String inputUri, XmlReaderSettings settings, XmlParserContext inputContext)
   at System.Xml.XmlReader.Create(String inputUri)
   at TaxProfileAssistantTest.Utils.Tests.AvaTaxProfileAssistantHelperTests.InitializeData() in d:\other\TaxProfileAssistantTests - Copy\Utils\AvaTaxProfileAssistantHelperTests.cs:line 32
</StackTrace>
        </ErrorInfo>
      </Output>
    </UnitTestResult>
    <UnitTestResult executionId="5e94f9f5-2b8e-45ef-aeff-804f79a5836f" testId="fa7f414b-4f9e-d36d-c877-57f7c7c302ee" testName="GetAvaERPCountryMappingTestToCheckIfItReturnsListOfAvaERPCountryMapping" computerName="AV-PN-KISHORD" duration="00:00:00.0010832" startTime="2015-04-29T17:13:38.6562241+05:30" endTime="2015-04-29T17:13:38.6562241+05:30" testType="13cdc9d9-ddb5-4fa4-a97d-d965ccfc6d4b" outcome="Failed" testListId="8c84fa94-04c1-424b-9868-57a2d4851a1d" relativeResultsDirectory="5e94f9f5-2b8e-45ef-aeff-804f79a5836f">
      <Output>
        <ErrorInfo>
          <Message>Initialization method TaxProfileAssistantTest.Utils.Tests.AvaTaxProfileAssistantHelperTests.InitializeData threw exception. System.IO.DirectoryNotFoundException: System.IO.DirectoryNotFoundException: Could not find a part of the path 'C:\Program Files (x86)\Jenkins\jobs\Unit Test On TPA\workspace\bin\Debug\kishor.dudhe_AV-PN-KISHORD 2015-04-29 17_13_37\XMLTestFiles\TPA_500.xml'..</Message>
          <StackTrace>    at System.IO.__Error.WinIOError(Int32 errorCode, String maybeFullPath)
   at System.IO.FileStream.Init(String path, FileMode mode, FileAccess access, Int32 rights, Boolean useRights, FileShare share, Int32 bufferSize, FileOptions options, SECURITY_ATTRIBUTES secAttrs, String msgPath, Boolean bFromProxy, Boolean useLongPath, Boolean checkHost)
   at System.IO.FileStream..ctor(String path, FileMode mode, FileAccess access, FileShare share, Int32 bufferSize)
   at System.Xml.XmlDownloadManager.GetStream(Uri uri, ICredentials credentials, IWebProxy proxy, RequestCachePolicy cachePolicy)
   at System.Xml.XmlUrlResolver.GetEntity(Uri absoluteUri, String role, Type ofObjectToReturn)
   at System.Xml.XmlTextReaderImpl.FinishInitUriString()
   at System.Xml.XmlTextReaderImpl..ctor(String uriStr, XmlReaderSettings settings, XmlParserContext context, XmlResolver uriResolver)
   at System.Xml.XmlReaderSettings.CreateReader(String inputUri, XmlParserContext inputContext)
   at System.Xml.XmlReader.Create(String inputUri, XmlReaderSettings settings, XmlParserContext inputContext)
   at System.Xml.XmlReader.Create(String inputUri)
   at TaxProfileAssistantTest.Utils.Tests.AvaTaxProfileAssistantHelperTests.InitializeData() in d:\other\TaxProfileAssistantTests - Copy\Utils\AvaTaxProfileAssistantHelperTests.cs:line 32
</StackTrace>
        </ErrorInfo>
      </Output>
    </UnitTestResult>
    <UnitTestResult executionId="0a5cb849-8685-4c23-8ed0-77692c8dc692" testId="5b22e0d6-dcba-cde8-d2f8-56a2b3ec511f" testName="GetAvaERPSettingMasterTestToCheckIfItReturnsAvaERPSettingMaster" computerName="AV-PN-KISHORD" duration="00:00:00.0010744" startTime="2015-04-29T17:13:38.6718243+05:30" endTime="2015-04-29T17:13:38.6718243+05:30" testType="13cdc9d9-ddb5-4fa4-a97d-d965ccfc6d4b" outcome="Failed" testListId="8c84fa94-04c1-424b-9868-57a2d4851a1d" relativeResultsDirectory="0a5cb849-8685-4c23-8ed0-77692c8dc692">
      <Output>
        <ErrorInfo>
          <Message>Initialization method TaxProfileAssistantTest.Utils.Tests.AvaTaxProfileAssistantHelperTests.InitializeData threw exception. System.IO.DirectoryNotFoundException: System.IO.DirectoryNotFoundException: Could not find a part of the path 'C:\Program Files (x86)\Jenkins\jobs\Unit Test On TPA\workspace\bin\Debug\kishor.dudhe_AV-PN-KISHORD 2015-04-29 17_13_37\XMLTestFiles\TPA_500.xml'..</Message>
          <StackTrace>    at System.IO.__Error.WinIOError(Int32 errorCode, String maybeFullPath)
   at System.IO.FileStream.Init(String path, FileMode mode, FileAccess access, Int32 rights, Boolean useRights, FileShare share, Int32 bufferSize, FileOptions options, SECURITY_ATTRIBUTES secAttrs, String msgPath, Boolean bFromProxy, Boolean useLongPath, Boolean checkHost)
   at System.IO.FileStream..ctor(String path, FileMode mode, FileAccess access, FileShare share, Int32 bufferSize)
   at System.Xml.XmlDownloadManager.GetStream(Uri uri, ICredentials credentials, IWebProxy proxy, RequestCachePolicy cachePolicy)
   at System.Xml.XmlUrlResolver.GetEntity(Uri absoluteUri, String role, Type ofObjectToReturn)
   at System.Xml.XmlTextReaderImpl.FinishInitUriString()
   at System.Xml.XmlTextReaderImpl..ctor(String uriStr, XmlReaderSettings settings, XmlParserContext context, XmlResolver uriResolver)
   at System.Xml.XmlReaderSettings.CreateReader(String inputUri, XmlParserContext inputContext)
   at System.Xml.XmlReader.Create(String inputUri, XmlReaderSettings settings, XmlParserContext inputContext)
   at System.Xml.XmlReader.Create(String inputUri)
   at TaxProfileAssistantTest.Utils.Tests.AvaTaxProfileAssistantHelperTests.InitializeData() in d:\other\TaxProfileAssistantTests - Copy\Utils\AvaTaxProfileAssistantHelperTests.cs:line 32
</StackTrace>
        </ErrorInfo>
      </Output>
    </UnitTestResult>
    <UnitTestResult executionId="58127a35-b21f-460f-b6a6-014eec25f200" testId="4eea53d3-ec57-2035-fea2-448a72c8043a" testName="GetAvaERPSettingOtherDetailsTestToCheckReturnType" computerName="AV-PN-KISHORD" duration="00:00:00.0010858" startTime="2015-04-29T17:13:38.6718243+05:30" endTime="2015-04-29T17:13:38.6718243+05:30" testType="13cdc9d9-ddb5-4fa4-a97d-d965ccfc6d4b" outcome="Failed" testListId="8c84fa94-04c1-424b-9868-57a2d4851a1d" relativeResultsDirectory="58127a35-b21f-460f-b6a6-014eec25f200">
      <Output>
        <ErrorInfo>
          <Message>Initialization method TaxProfileAssistantTest.Utils.Tests.AvaTaxProfileAssistantHelperTests.InitializeData threw exception. System.IO.DirectoryNotFoundException: System.IO.DirectoryNotFoundException: Could not find a part of the path 'C:\Program Files (x86)\Jenkins\jobs\Unit Test On TPA\workspace\bin\Debug\kishor.dudhe_AV-PN-KISHORD 2015-04-29 17_13_37\XMLTestFiles\TPA_500.xml'..</Message>
          <StackTrace>    at System.IO.__Error.WinIOError(Int32 errorCode, String maybeFullPath)
   at System.IO.FileStream.Init(String path, FileMode mode, FileAccess access, Int32 rights, Boolean useRights, FileShare share, Int32 bufferSize, FileOptions options, SECURITY_ATTRIBUTES secAttrs, String msgPath, Boolean bFromProxy, Boolean useLongPath, Boolean checkHost)
   at System.IO.FileStream..ctor(String path, FileMode mode, FileAccess access, FileShare share, Int32 bufferSize)
   at System.Xml.XmlDownloadManager.GetStream(Uri uri, ICredentials credentials, IWebProxy proxy, RequestCachePolicy cachePolicy)
   at System.Xml.XmlUrlResolver.GetEntity(Uri absoluteUri, String role, Type ofObjectToReturn)
   at System.Xml.XmlTextReaderImpl.FinishInitUriString()
   at System.Xml.XmlTextReaderImpl..ctor(String uriStr, XmlReaderSettings settings, XmlParserContext context, XmlResolver uriResolver)
   at System.Xml.XmlReaderSettings.CreateReader(String inputUri, XmlParserContext inputContext)
   at System.Xml.XmlReader.Create(String inputUri, XmlReaderSettings settings, XmlParserContext inputContext)
   at System.Xml.XmlReader.Create(String inputUri)
   at TaxProfileAssistantTest.Utils.Tests.AvaTaxProfileAssistantHelperTests.InitializeData() in d:\other\TaxProfileAssistantTests - Copy\Utils\AvaTaxProfileAssistantHelperTests.cs:line 32
</StackTrace>
        </ErrorInfo>
      </Output>
    </UnitTestResult>
    <UnitTestResult executionId="3d49b346-8929-4eb0-b2b8-37488fc0ae61" testId="80fc4657-0883-3a19-35e1-593fd0b95ca5" testName="GetCreateCompanyInfoTestToCheckIfCorrectCompanyDetailsAreReturned" computerName="AV-PN-KISHORD" duration="00:00:00.0010823" startTime="2015-04-29T17:13:38.6718243+05:30" endTime="2015-04-29T17:13:38.6874245+05:30" testType="13cdc9d9-ddb5-4fa4-a97d-d965ccfc6d4b" outcome="Failed" testListId="8c84fa94-04c1-424b-9868-57a2d4851a1d" relativeResultsDirectory="3d49b346-8929-4eb0-b2b8-37488fc0ae61">
      <Output>
        <ErrorInfo>
          <Message>Initialization method TaxProfileAssistantTest.Utils.Tests.AvaTaxProfileAssistantHelperTests.InitializeData threw exception. System.IO.DirectoryNotFoundException: System.IO.DirectoryNotFoundException: Could not find a part of the path 'C:\Program Files (x86)\Jenkins\jobs\Unit Test On TPA\workspace\bin\Debug\kishor.dudhe_AV-PN-KISHORD 2015-04-29 17_13_37\XMLTestFiles\TPA_500.xml'..</Message>
          <StackTrace>    at System.IO.__Error.WinIOError(Int32 errorCode, String maybeFullPath)
   at System.IO.FileStream.Init(String path, FileMode mode, FileAccess access, Int32 rights, Boolean useRights, FileShare share, Int32 bufferSize, FileOptions options, SECURITY_ATTRIBUTES secAttrs, String msgPath, Boolean bFromProxy, Boolean useLongPath, Boolean checkHost)
   at System.IO.FileStream..ctor(String path, FileMode mode, FileAccess access, FileShare share, Int32 bufferSize)
   at System.Xml.XmlDownloadManager.GetStream(Uri uri, ICredentials credentials, IWebProxy proxy, RequestCachePolicy cachePolicy)
   at System.Xml.XmlUrlResolver.GetEntity(Uri absoluteUri, String role, Type ofObjectToReturn)
   at System.Xml.XmlTextReaderImpl.FinishInitUriString()
   at System.Xml.XmlTextReaderImpl..ctor(String uriStr, XmlReaderSettings settings, XmlParserContext context, XmlResolver uriResolver)
   at System.Xml.XmlReaderSettings.CreateReader(String inputUri, XmlParserContext inputContext)
   at System.Xml.XmlReader.Create(String inputUri, XmlReaderSettings settings, XmlParserContext inputContext)
   at System.Xml.XmlReader.Create(String inputUri)
   at TaxProfileAssistantTest.Utils.Tests.AvaTaxProfileAssistantHelperTests.InitializeData() in d:\other\TaxProfileAssistantTests - Copy\Utils\AvaTaxProfileAssistantHelperTests.cs:line 32
</StackTrace>
        </ErrorInfo>
      </Output>
    </UnitTestResult>
    <UnitTestResult executionId="645db473-b005-4282-86f0-3d3db2803079" testId="71958eb4-50c6-7bbc-d946-4ca02e45bf0e" testName="GetCustomersListTestToCheckIfItReturnsCorrectNumberOfCustomers" computerName="AV-PN-KISHORD" duration="00:00:00.0010817" startTime="2015-04-29T17:13:38.6874245+05:30" endTime="2015-04-29T17:13:38.6874245+05:30" testType="13cdc9d9-ddb5-4fa4-a97d-d965ccfc6d4b" outcome="Failed" testListId="8c84fa94-04c1-424b-9868-57a2d4851a1d" relativeResultsDirectory="645db473-b005-4282-86f0-3d3db2803079">
      <Output>
        <ErrorInfo>
          <Message>Initialization method TaxProfileAssistantTest.Utils.Tests.AvaTaxProfileAssistantHelperTests.InitializeData threw exception. System.IO.DirectoryNotFoundException: System.IO.DirectoryNotFoundException: Could not find a part of the path 'C:\Program Files (x86)\Jenkins\jobs\Unit Test On TPA\workspace\bin\Debug\kishor.dudhe_AV-PN-KISHORD 2015-04-29 17_13_37\XMLTestFiles\TPA_500.xml'..</Message>
          <StackTrace>    at System.IO.__Error.WinIOError(Int32 errorCode, String maybeFullPath)
   at System.IO.FileStream.Init(String path, FileMode mode, FileAccess access, Int32 rights, Boolean useRights, FileShare share, Int32 bufferSize, FileOptions options, SECURITY_ATTRIBUTES secAttrs, String msgPath, Boolean bFromProxy, Boolean useLongPath, Boolean checkHost)
   at System.IO.FileStream..ctor(String path, FileMode mode, FileAccess access, FileShare share, Int32 bufferSize)
   at System.Xml.XmlDownloadManager.GetStream(Uri uri, ICredentials credentials, IWebProxy proxy, RequestCachePolicy cachePolicy)
   at System.Xml.XmlUrlResolver.GetEntity(Uri absoluteUri, String role, Type ofObjectToReturn)
   at System.Xml.XmlTextReaderImpl.FinishInitUriString()
   at System.Xml.XmlTextReaderImpl..ctor(String uriStr, XmlReaderSettings settings, XmlParserContext context, XmlResolver uriResolver)
   at System.Xml.XmlReaderSettings.CreateReader(String inputUri, XmlParserContext inputContext)
   at System.Xml.XmlReader.Create(String inputUri, XmlReaderSettings settings, XmlParserContext inputContext)
   at System.Xml.XmlReader.Create(String inputUri)
   at TaxProfileAssistantTest.Utils.Tests.AvaTaxProfileAssistantHelperTests.InitializeData() in d:\other\TaxProfileAssistantTests - Copy\Utils\AvaTaxProfileAssistantHelperTests.cs:line 32
</StackTrace>
        </ErrorInfo>
      </Output>
    </UnitTestResult>
    <UnitTestResult executionId="fe9d8111-7e36-43f4-a994-e9fe5f36128e" testId="9d22fa76-56a5-4738-6723-857f776c3a79" testName="GetCustomersListTestToCheckIfItReturnsListOfCustomers" computerName="AV-PN-KISHORD" duration="00:00:00.0010483" startTime="2015-04-29T17:13:38.6874245+05:30" endTime="2015-04-29T17:13:38.6874245+05:30" testType="13cdc9d9-ddb5-4fa4-a97d-d965ccfc6d4b" outcome="Failed" testListId="8c84fa94-04c1-424b-9868-57a2d4851a1d" relativeResultsDirectory="fe9d8111-7e36-43f4-a994-e9fe5f36128e">
      <Output>
        <ErrorInfo>
          <Message>Initialization method TaxProfileAssistantTest.Utils.Tests.AvaTaxProfileAssistantHelperTests.InitializeData threw exception. System.IO.DirectoryNotFoundException: System.IO.DirectoryNotFoundException: Could not find a part of the path 'C:\Program Files (x86)\Jenkins\jobs\Unit Test On TPA\workspace\bin\Debug\kishor.dudhe_AV-PN-KISHORD 2015-04-29 17_13_37\XMLTestFiles\TPA_500.xml'..</Message>
          <StackTrace>    at System.IO.__Error.WinIOError(Int32 errorCode, String maybeFullPath)
   at System.IO.FileStream.Init(String path, FileMode mode, FileAccess access, Int32 rights, Boolean useRights, FileShare share, Int32 bufferSize, FileOptions options, SECURITY_ATTRIBUTES secAttrs, String msgPath, Boolean bFromProxy, Boolean useLongPath, Boolean checkHost)
   at System.IO.FileStream..ctor(String path, FileMode mode, FileAccess access, FileShare share, Int32 bufferSize)
   at System.Xml.XmlDownloadManager.GetStream(Uri uri, ICredentials credentials, IWebProxy proxy, RequestCachePolicy cachePolicy)
   at System.Xml.XmlUrlResolver.GetEntity(Uri absoluteUri, String role, Type ofObjectToReturn)
   at System.Xml.XmlTextReaderImpl.FinishInitUriString()
   at System.Xml.XmlTextReaderImpl..ctor(String uriStr, XmlReaderSettings settings, XmlParserContext context, XmlResolver uriResolver)
   at System.Xml.XmlReaderSettings.CreateReader(String inputUri, XmlParserContext inputContext)
   at System.Xml.XmlReader.Create(String inputUri, XmlReaderSettings settings, XmlParserContext inputContext)
   at System.Xml.XmlReader.Create(String inputUri)
   at TaxProfileAssistantTest.Utils.Tests.AvaTaxProfileAssistantHelperTests.InitializeData() in d:\other\TaxProfileAssistantTests - Copy\Utils\AvaTaxProfileAssistantHelperTests.cs:line 32
</StackTrace>
        </ErrorInfo>
      </Output>
    </UnitTestResult>
    <UnitTestResult executionId="f36dc953-3909-4fe2-a12a-93fc0cd1b1af" testId="0617750f-3a3a-338f-b4f2-b69494016d03" testName="GetLinkListTestToCheckIfItReturnsListOfHelpLinks" computerName="AV-PN-KISHORD" duration="00:00:00.0010797" startTime="2015-04-29T17:13:38.6874245+05:30" endTime="2015-04-29T17:13:38.7030247+05:30" testType="13cdc9d9-ddb5-4fa4-a97d-d965ccfc6d4b" outcome="Failed" testListId="8c84fa94-04c1-424b-9868-57a2d4851a1d" relativeResultsDirectory="f36dc953-3909-4fe2-a12a-93fc0cd1b1af">
      <Output>
        <ErrorInfo>
          <Message>Initialization method TaxProfileAssistantTest.Utils.Tests.AvaTaxProfileAssistantHelperTests.InitializeData threw exception. System.IO.DirectoryNotFoundException: System.IO.DirectoryNotFoundException: Could not find a part of the path 'C:\Program Files (x86)\Jenkins\jobs\Unit Test On TPA\workspace\bin\Debug\kishor.dudhe_AV-PN-KISHORD 2015-04-29 17_13_37\XMLTestFiles\TPA_500.xml'..</Message>
          <StackTrace>    at System.IO.__Error.WinIOError(Int32 errorCode, String maybeFullPath)
   at System.IO.FileStream.Init(String path, FileMode mode, FileAccess access, Int32 rights, Boolean useRights, FileShare share, Int32 bufferSize, FileOptions options, SECURITY_ATTRIBUTES secAttrs, String msgPath, Boolean bFromProxy, Boolean useLongPath, Boolean checkHost)
   at System.IO.FileStream..ctor(String path, FileMode mode, FileAccess access, FileShare share, Int32 bufferSize)
   at System.Xml.XmlDownloadManager.GetStream(Uri uri, ICredentials credentials, IWebProxy proxy, RequestCachePolicy cachePolicy)
   at System.Xml.XmlUrlResolver.GetEntity(Uri absoluteUri, String role, Type ofObjectToReturn)
   at System.Xml.XmlTextReaderImpl.FinishInitUriString()
   at System.Xml.XmlTextReaderImpl..ctor(String uriStr, XmlReaderSettings settings, XmlParserContext context, XmlResolver uriResolver)
   at System.Xml.XmlReaderSettings.CreateReader(String inputUri, XmlParserContext inputContext)
   at System.Xml.XmlReader.Create(String inputUri, XmlReaderSettings settings, XmlParserContext inputContext)
   at System.Xml.XmlReader.Create(String inputUri)
   at TaxProfileAssistantTest.Utils.Tests.AvaTaxProfileAssistantHelperTests.InitializeData() in d:\other\TaxProfileAssistantTests - Copy\Utils\AvaTaxProfileAssistantHelperTests.cs:line 32
</StackTrace>
        </ErrorInfo>
      </Output>
    </UnitTestResult>
    <UnitTestResult executionId="f7ec5327-c12b-463c-adc7-63b011316244" testId="7f07bc13-c2af-1660-a415-b5cb2abacd4a" testName="GetNexusesTestToCheckIfItReturnsNexusMaster" computerName="AV-PN-KISHORD" duration="00:00:00.0010759" startTime="2015-04-29T17:13:38.7030247+05:30" endTime="2015-04-29T17:13:38.7030247+05:30" testType="13cdc9d9-ddb5-4fa4-a97d-d965ccfc6d4b" outcome="Failed" testListId="8c84fa94-04c1-424b-9868-57a2d4851a1d" relativeResultsDirectory="f7ec5327-c12b-463c-adc7-63b011316244">
      <Output>
        <ErrorInfo>
          <Message>Initialization method TaxProfileAssistantTest.Utils.Tests.AvaTaxProfileAssistantHelperTests.InitializeData threw exception. System.IO.DirectoryNotFoundException: System.IO.DirectoryNotFoundException: Could not find a part of the path 'C:\Program Files (x86)\Jenkins\jobs\Unit Test On TPA\workspace\bin\Debug\kishor.dudhe_AV-PN-KISHORD 2015-04-29 17_13_37\XMLTestFiles\TPA_500.xml'..</Message>
          <StackTrace>    at System.IO.__Error.WinIOError(Int32 errorCode, String maybeFullPath)
   at System.IO.FileStream.Init(String path, FileMode mode, FileAccess access, Int32 rights, Boolean useRights, FileShare share, Int32 bufferSize, FileOptions options, SECURITY_ATTRIBUTES secAttrs, String msgPath, Boolean bFromProxy, Boolean useLongPath, Boolean checkHost)
   at System.IO.FileStream..ctor(String path, FileMode mode, FileAccess access, FileShare share, Int32 bufferSize)
   at System.Xml.XmlDownloadManager.GetStream(Uri uri, ICredentials credentials, IWebProxy proxy, RequestCachePolicy cachePolicy)
   at System.Xml.XmlUrlResolver.GetEntity(Uri absoluteUri, String role, Type ofObjectToReturn)
   at System.Xml.XmlTextReaderImpl.FinishInitUriString()
   at System.Xml.XmlTextReaderImpl..ctor(String uriStr, XmlReaderSettings settings, XmlParserContext context, XmlResolver uriResolver)
   at System.Xml.XmlReaderSettings.CreateReader(String inputUri, XmlParserContext inputContext)
   at System.Xml.XmlReader.Create(String inputUri, XmlReaderSettings settings, XmlParserContext inputContext)
   at System.Xml.XmlReader.Create(String inputUri)
   at TaxProfileAssistantTest.Utils.Tests.AvaTaxProfileAssistantHelperTests.InitializeData() in d:\other\TaxProfileAssistantTests - Copy\Utils\AvaTaxProfileAssistantHelperTests.cs:line 32
</StackTrace>
        </ErrorInfo>
      </Output>
    </UnitTestResult>
    <UnitTestResult executionId="e5384721-dbe6-482e-9525-b749b04629ea" testId="62abb762-c706-597d-3f90-4d357940b3cf" testName="GetStateCodeTestToCheckIfItReturnsCorrectStateCode" computerName="AV-PN-KISHORD" duration="00:00:00.0010694" startTime="2015-04-29T17:13:38.7030247+05:30" endTime="2015-04-29T17:13:38.7030247+05:30" testType="13cdc9d9-ddb5-4fa4-a97d-d965ccfc6d4b" outcome="Failed" testListId="8c84fa94-04c1-424b-9868-57a2d4851a1d" relativeResultsDirectory="e5384721-dbe6-482e-9525-b749b04629ea">
      <Output>
        <ErrorInfo>
          <Message>Initialization method TaxProfileAssistantTest.Utils.Tests.AvaTaxProfileAssistantHelperTests.InitializeData threw exception. System.IO.DirectoryNotFoundException: System.IO.DirectoryNotFoundException: Could not find a part of the path 'C:\Program Files (x86)\Jenkins\jobs\Unit Test On TPA\workspace\bin\Debug\kishor.dudhe_AV-PN-KISHORD 2015-04-29 17_13_37\XMLTestFiles\TPA_500.xml'..</Message>
          <StackTrace>    at System.IO.__Error.WinIOError(Int32 errorCode, String maybeFullPath)
   at System.IO.FileStream.Init(String path, FileMode mode, FileAccess access, Int32 rights, Boolean useRights, FileShare share, Int32 bufferSize, FileOptions options, SECURITY_ATTRIBUTES secAttrs, String msgPath, Boolean bFromProxy, Boolean useLongPath, Boolean checkHost)
   at System.IO.FileStream..ctor(String path, FileMode mode, FileAccess access, FileShare share, Int32 bufferSize)
   at System.Xml.XmlDownloadManager.GetStream(Uri uri, ICredentials credentials, IWebProxy proxy, RequestCachePolicy cachePolicy)
   at System.Xml.XmlUrlResolver.GetEntity(Uri absoluteUri, String role, Type ofObjectToReturn)
   at System.Xml.XmlTextReaderImpl.FinishInitUriString()
   at System.Xml.XmlTextReaderImpl..ctor(String uriStr, XmlReaderSettings settings, XmlParserContext context, XmlResolver uriResolver)
   at System.Xml.XmlReaderSettings.CreateReader(String inputUri, XmlParserContext inputContext)
   at System.Xml.XmlReader.Create(String inputUri, XmlReaderSettings settings, XmlParserContext inputContext)
   at System.Xml.XmlReader.Create(String inputUri)
   at TaxProfileAssistantTest.Utils.Tests.AvaTaxProfileAssistantHelperTests.InitializeData() in d:\other\TaxProfileAssistantTests - Copy\Utils\AvaTaxProfileAssistantHelperTests.cs:line 32
</StackTrace>
        </ErrorInfo>
      </Output>
    </UnitTestResult>
    <UnitTestResult executionId="a2bcb61f-12ff-46bc-9d80-6b429f485ada" testId="aad6e605-a138-27c1-753b-6d026e5c9918" testName="GetValidationErrorMessagesTestForInvalidModel" computerName="AV-PN-KISHORD" duration="00:00:00.0010706" startTime="2015-04-29T17:13:38.7186249+05:30" endTime="2015-04-29T17:13:38.7186249+05:30" testType="13cdc9d9-ddb5-4fa4-a97d-d965ccfc6d4b" outcome="Failed" testListId="8c84fa94-04c1-424b-9868-57a2d4851a1d" relativeResultsDirectory="a2bcb61f-12ff-46bc-9d80-6b429f485ada">
      <Output>
        <ErrorInfo>
          <Message>Initialization method TaxProfileAssistantTest.Utils.Tests.AvaTaxProfileAssistantHelperTests.InitializeData threw exception. System.IO.DirectoryNotFoundException: System.IO.DirectoryNotFoundException: Could not find a part of the path 'C:\Program Files (x86)\Jenkins\jobs\Unit Test On TPA\workspace\bin\Debug\kishor.dudhe_AV-PN-KISHORD 2015-04-29 17_13_37\XMLTestFiles\TPA_500.xml'..</Message>
          <StackTrace>    at System.IO.__Error.WinIOError(Int32 errorCode, String maybeFullPath)
   at System.IO.FileStream.Init(String path, FileMode mode, FileAccess access, Int32 rights, Boolean useRights, FileShare share, Int32 bufferSize, FileOptions options, SECURITY_ATTRIBUTES secAttrs, String msgPath, Boolean bFromProxy, Boolean useLongPath, Boolean checkHost)
   at System.IO.FileStream..ctor(String path, FileMode mode, FileAccess access, FileShare share, Int32 bufferSize)
   at System.Xml.XmlDownloadManager.GetStream(Uri uri, ICredentials credentials, IWebProxy proxy, RequestCachePolicy cachePolicy)
   at System.Xml.XmlUrlResolver.GetEntity(Uri absoluteUri, String role, Type ofObjectToReturn)
   at System.Xml.XmlTextReaderImpl.FinishInitUriString()
   at System.Xml.XmlTextReaderImpl..ctor(String uriStr, XmlReaderSettings settings, XmlParserContext context, XmlResolver uriResolver)
   at System.Xml.XmlReaderSettings.CreateReader(String inputUri, XmlParserContext inputContext)
   at System.Xml.XmlReader.Create(String inputUri, XmlReaderSettings settings, XmlParserContext inputContext)
   at System.Xml.XmlReader.Create(String inputUri)
   at TaxProfileAssistantTest.Utils.Tests.AvaTaxProfileAssistantHelperTests.InitializeData() in d:\other\TaxProfileAssistantTests - Copy\Utils\AvaTaxProfileAssistantHelperTests.cs:line 32
</StackTrace>
        </ErrorInfo>
      </Output>
    </UnitTestResult>
    <UnitTestResult executionId="c08c56ba-6c68-497d-8abf-8572dc4c6c3c" testId="f0b69de5-f4d3-a76f-4856-6f62d3b4aa24" testName="GetValidationErrorMessagesTestForValidModel" computerName="AV-PN-KISHORD" duration="00:00:00.0010844" startTime="2015-04-29T17:13:38.7186249+05:30" endTime="2015-04-29T17:13:38.7186249+05:30" testType="13cdc9d9-ddb5-4fa4-a97d-d965ccfc6d4b" outcome="Failed" testListId="8c84fa94-04c1-424b-9868-57a2d4851a1d" relativeResultsDirectory="c08c56ba-6c68-497d-8abf-8572dc4c6c3c">
      <Output>
        <ErrorInfo>
          <Message>Initialization method TaxProfileAssistantTest.Utils.Tests.AvaTaxProfileAssistantHelperTests.InitializeData threw exception. System.IO.DirectoryNotFoundException: System.IO.DirectoryNotFoundException: Could not find a part of the path 'C:\Program Files (x86)\Jenkins\jobs\Unit Test On TPA\workspace\bin\Debug\kishor.dudhe_AV-PN-KISHORD 2015-04-29 17_13_37\XMLTestFiles\TPA_500.xml'..</Message>
          <StackTrace>    at System.IO.__Error.WinIOError(Int32 errorCode, String maybeFullPath)
   at System.IO.FileStream.Init(String path, FileMode mode, FileAccess access, Int32 rights, Boolean useRights, FileShare share, Int32 bufferSize, FileOptions options, SECURITY_ATTRIBUTES secAttrs, String msgPath, Boolean bFromProxy, Boolean useLongPath, Boolean checkHost)
   at System.IO.FileStream..ctor(String path, FileMode mode, FileAccess access, FileShare share, Int32 bufferSize)
   at System.Xml.XmlDownloadManager.GetStream(Uri uri, ICredentials credentials, IWebProxy proxy, RequestCachePolicy cachePolicy)
   at System.Xml.XmlUrlResolver.GetEntity(Uri absoluteUri, String role, Type ofObjectToReturn)
   at System.Xml.XmlTextReaderImpl.FinishInitUriString()
   at System.Xml.XmlTextReaderImpl..ctor(String uriStr, XmlReaderSettings settings, XmlParserContext context, XmlResolver uriResolver)
   at System.Xml.XmlReaderSettings.CreateReader(String inputUri, XmlParserContext inputContext)
   at System.Xml.XmlReader.Create(String inputUri, XmlReaderSettings settings, XmlParserContext inputContext)
   at System.Xml.XmlReader.Create(String inputUri)
   at TaxProfileAssistantTest.Utils.Tests.AvaTaxProfileAssistantHelperTests.InitializeData() in d:\other\TaxProfileAssistantTests - Copy\Utils\AvaTaxProfileAssistantHelperTests.cs:line 32
</StackTrace>
        </ErrorInfo>
      </Output>
    </UnitTestResult>
    <UnitTestResult executionId="2a388ca5-55d2-4bba-a8ba-9263a862d1de" testId="e09e091f-da52-c994-dbc8-6db95242c5f2" testName="InsertAccountInfoTestToCheckInsertionOfRecordInDatabase" computerName="AV-PN-KISHORD" duration="00:00:00.0010547" startTime="2015-04-29T17:13:38.7342251+05:30" endTime="2015-04-29T17:13:38.7342251+05:30" testType="13cdc9d9-ddb5-4fa4-a97d-d965ccfc6d4b" outcome="Failed" testListId="8c84fa94-04c1-424b-9868-57a2d4851a1d" relativeResultsDirectory="2a388ca5-55d2-4bba-a8ba-9263a862d1de">
      <Output>
        <ErrorInfo>
          <Message>Initialization method TaxProfileAssistantTest.Utils.Tests.AvaTaxProfileAssistantHelperTests.InitializeData threw exception. System.IO.DirectoryNotFoundException: System.IO.DirectoryNotFoundException: Could not find a part of the path 'C:\Program Files (x86)\Jenkins\jobs\Unit Test On TPA\workspace\bin\Debug\kishor.dudhe_AV-PN-KISHORD 2015-04-29 17_13_37\XMLTestFiles\TPA_500.xml'..</Message>
          <StackTrace>    at System.IO.__Error.WinIOError(Int32 errorCode, String maybeFullPath)
   at System.IO.FileStream.Init(String path, FileMode mode, FileAccess access, Int32 rights, Boolean useRights, FileShare share, Int32 bufferSize, FileOptions options, SECURITY_ATTRIBUTES secAttrs, String msgPath, Boolean bFromProxy, Boolean useLongPath, Boolean checkHost)
   at System.IO.FileStream..ctor(String path, FileMode mode, FileAccess access, FileShare share, Int32 bufferSize)
   at System.Xml.XmlDownloadManager.GetStream(Uri uri, ICredentials credentials, IWebProxy proxy, RequestCachePolicy cachePolicy)
   at System.Xml.XmlUrlResolver.GetEntity(Uri absoluteUri, String role, Type ofObjectToReturn)
   at System.Xml.XmlTextReaderImpl.FinishInitUriString()
   at System.Xml.XmlTextReaderImpl..ctor(String uriStr, XmlReaderSettings settings, XmlParserContext context, XmlResolver uriResolver)
   at System.Xml.XmlReaderSettings.CreateReader(String inputUri, XmlParserContext inputContext)
   at System.Xml.XmlReader.Create(String inputUri, XmlReaderSettings settings, XmlParserContext inputContext)
   at System.Xml.XmlReader.Create(String inputUri)
   at TaxProfileAssistantTest.Utils.Tests.AvaTaxProfileAssistantHelperTests.InitializeData() in d:\other\TaxProfileAssistantTests - Copy\Utils\AvaTaxProfileAssistantHelperTests.cs:line 32
</StackTrace>
        </ErrorInfo>
      </Output>
    </UnitTestResult>
    <UnitTestResult executionId="dc3cc1b8-0d99-41ad-b2a2-dc260de883c6" testId="9a48a573-6ec0-a61c-acd3-8cf24e6c03b2" testName="InsertAccountInfoTestToCheckReturnType" computerName="AV-PN-KISHORD" duration="00:00:00.0010764" startTime="2015-04-29T17:13:38.7342251+05:30" endTime="2015-04-29T17:13:38.7498253+05:30" testType="13cdc9d9-ddb5-4fa4-a97d-d965ccfc6d4b" outcome="Failed" testListId="8c84fa94-04c1-424b-9868-57a2d4851a1d" relativeResultsDirectory="dc3cc1b8-0d99-41ad-b2a2-dc260de883c6">
      <Output>
        <ErrorInfo>
          <Message>Initialization method TaxProfileAssistantTest.Utils.Tests.AvaTaxProfileAssistantHelperTests.InitializeData threw exception. System.IO.DirectoryNotFoundException: System.IO.DirectoryNotFoundException: Could not find a part of the path 'C:\Program Files (x86)\Jenkins\jobs\Unit Test On TPA\workspace\bin\Debug\kishor.dudhe_AV-PN-KISHORD 2015-04-29 17_13_37\XMLTestFiles\TPA_500.xml'..</Message>
          <StackTrace>    at System.IO.__Error.WinIOError(Int32 errorCode, String maybeFullPath)
   at System.IO.FileStream.Init(String path, FileMode mode, FileAccess access, Int32 rights, Boolean useRights, FileShare share, Int32 bufferSize, FileOptions options, SECURITY_ATTRIBUTES secAttrs, String msgPath, Boolean bFromProxy, Boolean useLongPath, Boolean checkHost)
   at System.IO.FileStream..ctor(String path, FileMode mode, FileAccess access, FileShare share, Int32 bufferSize)
   at System.Xml.XmlDownloadManager.GetStream(Uri uri, ICredentials credentials, IWebProxy proxy, RequestCachePolicy cachePolicy)
   at System.Xml.XmlUrlResolver.GetEntity(Uri absoluteUri, String role, Type ofObjectToReturn)
   at System.Xml.XmlTextReaderImpl.FinishInitUriString()
   at System.Xml.XmlTextReaderImpl..ctor(String uriStr, XmlReaderSettings settings, XmlParserContext context, XmlResolver uriResolver)
   at System.Xml.XmlReaderSettings.CreateReader(String inputUri, XmlParserContext inputContext)
   at System.Xml.XmlReader.Create(String inputUri, XmlReaderSettings settings, XmlParserContext inputContext)
   at System.Xml.XmlReader.Create(String inputUri)
   at TaxProfileAssistantTest.Utils.Tests.AvaTaxProfileAssistantHelperTests.InitializeData() in d:\other\TaxProfileAssistantTests - Copy\Utils\AvaTaxProfileAssistantHelperTests.cs:line 32
</StackTrace>
        </ErrorInfo>
      </Output>
    </UnitTestResult>
    <UnitTestResult executionId="7659cf1a-a66a-44df-ac19-0209bc84bccf" testId="1e2bfcf7-aec8-c3eb-38ca-8d31d182d698" testName="InsertAvaERPSettingTestToCheckCorrectAvaERPSettingsIDReturned" computerName="AV-PN-KISHORD" duration="00:00:00.0011999" startTime="2015-04-29T17:13:38.7498253+05:30" endTime="2015-04-29T17:13:38.7498253+05:30" testType="13cdc9d9-ddb5-4fa4-a97d-d965ccfc6d4b" outcome="Failed" testListId="8c84fa94-04c1-424b-9868-57a2d4851a1d" relativeResultsDirectory="7659cf1a-a66a-44df-ac19-0209bc84bccf">
      <Output>
        <ErrorInfo>
          <Message>Initialization method TaxProfileAssistantTest.Utils.Tests.AvaTaxProfileAssistantHelperTests.InitializeData threw exception. System.IO.DirectoryNotFoundException: System.IO.DirectoryNotFoundException: Could not find a part of the path 'C:\Program Files (x86)\Jenkins\jobs\Unit Test On TPA\workspace\bin\Debug\kishor.dudhe_AV-PN-KISHORD 2015-04-29 17_13_37\XMLTestFiles\TPA_500.xml'..</Message>
          <StackTrace>    at System.IO.__Error.WinIOError(Int32 errorCode, String maybeFullPath)
   at System.IO.FileStream.Init(String path, FileMode mode, FileAccess access, Int32 rights, Boolean useRights, FileShare share, Int32 bufferSize, FileOptions options, SECURITY_ATTRIBUTES secAttrs, String msgPath, Boolean bFromProxy, Boolean useLongPath, Boolean checkHost)
   at System.IO.FileStream..ctor(String path, FileMode mode, FileAccess access, FileShare share, Int32 bufferSize)
   at System.Xml.XmlDownloadManager.GetStream(Uri uri, ICredentials credentials, IWebProxy proxy, RequestCachePolicy cachePolicy)
   at System.Xml.XmlUrlResolver.GetEntity(Uri absoluteUri, String role, Type ofObjectToReturn)
   at System.Xml.XmlTextReaderImpl.FinishInitUriString()
   at System.Xml.XmlTextReaderImpl..ctor(String uriStr, XmlReaderSettings settings, XmlParserContext context, XmlResolver uriResolver)
   at System.Xml.XmlReaderSettings.CreateReader(String inputUri, XmlParserContext inputContext)
   at System.Xml.XmlReader.Create(String inputUri, XmlReaderSettings settings, XmlParserContext inputContext)
   at System.Xml.XmlReader.Create(String inputUri)
   at TaxProfileAssistantTest.Utils.Tests.AvaTaxProfileAssistantHelperTests.InitializeData() in d:\other\TaxProfileAssistantTests - Copy\Utils\AvaTaxProfileAssistantHelperTests.cs:line 32
</StackTrace>
        </ErrorInfo>
      </Output>
    </UnitTestResult>
    <UnitTestResult executionId="a3ffbfdc-58a6-4fa7-90a4-0a76d3b7a442" testId="f032ab33-aa14-319d-96ff-e7ae1f1e6d87" testName="InsertAvaERPSettingTestToCheckInsertionOfAvaERPSettingsInDatabase" computerName="AV-PN-KISHORD" duration="00:00:00.0010465" startTime="2015-04-29T17:13:38.7498253+05:30" endTime="2015-04-29T17:13:38.7498253+05:30" testType="13cdc9d9-ddb5-4fa4-a97d-d965ccfc6d4b" outcome="Failed" testListId="8c84fa94-04c1-424b-9868-57a2d4851a1d" relativeResultsDirectory="a3ffbfdc-58a6-4fa7-90a4-0a76d3b7a442">
      <Output>
        <ErrorInfo>
          <Message>Initialization method TaxProfileAssistantTest.Utils.Tests.AvaTaxProfileAssistantHelperTests.InitializeData threw exception. System.IO.DirectoryNotFoundException: System.IO.DirectoryNotFoundException: Could not find a part of the path 'C:\Program Files (x86)\Jenkins\jobs\Unit Test On TPA\workspace\bin\Debug\kishor.dudhe_AV-PN-KISHORD 2015-04-29 17_13_37\XMLTestFiles\TPA_500.xml'..</Message>
          <StackTrace>    at System.IO.__Error.WinIOError(Int32 errorCode, String maybeFullPath)
   at System.IO.FileStream.Init(String path, FileMode mode, FileAccess access, Int32 rights, Boolean useRights, FileShare share, Int32 bufferSize, FileOptions options, SECURITY_ATTRIBUTES secAttrs, String msgPath, Boolean bFromProxy, Boolean useLongPath, Boolean checkHost)
   at System.IO.FileStream..ctor(String path, FileMode mode, FileAccess access, FileShare share, Int32 bufferSize)
   at System.Xml.XmlDownloadManager.GetStream(Uri uri, ICredentials credentials, IWebProxy proxy, RequestCachePolicy cachePolicy)
   at System.Xml.XmlUrlResolver.GetEntity(Uri absoluteUri, String role, Type ofObjectToReturn)
   at System.Xml.XmlTextReaderImpl.FinishInitUriString()
   at System.Xml.XmlTextReaderImpl..ctor(String uriStr, XmlReaderSettings settings, XmlParserContext context, XmlResolver uriResolver)
   at System.Xml.XmlReaderSettings.CreateReader(String inputUri, XmlParserContext inputContext)
   at System.Xml.XmlReader.Create(String inputUri, XmlReaderSettings settings, XmlParserContext inputContext)
   at System.Xml.XmlReader.Create(String inputUri)
   at TaxProfileAssistantTest.Utils.Tests.AvaTaxProfileAssistantHelperTests.InitializeData() in d:\other\TaxProfileAssistantTests - Copy\Utils\AvaTaxProfileAssistantHelperTests.cs:line 32
</StackTrace>
        </ErrorInfo>
      </Output>
    </UnitTestResult>
    <UnitTestResult executionId="99c504c1-672a-4dca-abba-ede9e380a2c8" testId="49de04a8-3475-e457-fcc7-c5ff8182cb45" testName="InsertCreateCompanyInfoTestToCheckCompanyInfoInsertionInDatabase" computerName="AV-PN-KISHORD" duration="00:00:00.0031538" startTime="2015-04-29T17:13:38.7498253+05:30" endTime="2015-04-29T17:13:38.7654255+05:30" testType="13cdc9d9-ddb5-4fa4-a97d-d965ccfc6d4b" outcome="Failed" testListId="8c84fa94-04c1-424b-9868-57a2d4851a1d" relativeResultsDirectory="99c504c1-672a-4dca-abba-ede9e380a2c8">
      <Output>
        <ErrorInfo>
          <Message>Initialization method TaxProfileAssistantTest.Utils.Tests.AvaTaxProfileAssistantHelperTests.InitializeData threw exception. System.IO.DirectoryNotFoundException: System.IO.DirectoryNotFoundException: Could not find a part of the path 'C:\Program Files (x86)\Jenkins\jobs\Unit Test On TPA\workspace\bin\Debug\kishor.dudhe_AV-PN-KISHORD 2015-04-29 17_13_37\XMLTestFiles\TPA_500.xml'..</Message>
          <StackTrace>    at System.IO.__Error.WinIOError(Int32 errorCode, String maybeFullPath)
   at System.IO.FileStream.Init(String path, FileMode mode, FileAccess access, Int32 rights, Boolean useRights, FileShare share, Int32 bufferSize, FileOptions options, SECURITY_ATTRIBUTES secAttrs, String msgPath, Boolean bFromProxy, Boolean useLongPath, Boolean checkHost)
   at System.IO.FileStream..ctor(String path, FileMode mode, FileAccess access, FileShare share, Int32 bufferSize)
   at System.Xml.XmlDownloadManager.GetStream(Uri uri, ICredentials credentials, IWebProxy proxy, RequestCachePolicy cachePolicy)
   at System.Xml.XmlUrlResolver.GetEntity(Uri absoluteUri, String role, Type ofObjectToReturn)
   at System.Xml.XmlTextReaderImpl.FinishInitUriString()
   at System.Xml.XmlTextReaderImpl..ctor(String uriStr, XmlReaderSettings settings, XmlParserContext context, XmlResolver uriResolver)
   at System.Xml.XmlReaderSettings.CreateReader(String inputUri, XmlParserContext inputContext)
   at System.Xml.XmlReader.Create(String inputUri, XmlReaderSettings settings, XmlParserContext inputContext)
   at System.Xml.XmlReader.Create(String inputUri)
   at TaxProfileAssistantTest.Utils.Tests.AvaTaxProfileAssistantHelperTests.InitializeData() in d:\other\TaxProfileAssistantTests - Copy\Utils\AvaTaxProfileAssistantHelperTests.cs:line 32
</StackTrace>
        </ErrorInfo>
      </Output>
    </UnitTestResult>
    <UnitTestResult executionId="86db42a7-a093-4fa5-8102-f584f1a91750" testId="a6723370-278e-4fc7-2458-d5c277a7e5f1" testName="InsertCustomersTestToCheckInsertionOfCustomerRecordsInDatabase" computerName="AV-PN-KISHORD" duration="00:00:00.0010404" startTime="2015-04-29T17:13:38.7654255+05:30" endTime="2015-04-29T17:13:38.7654255+05:30" testType="13cdc9d9-ddb5-4fa4-a97d-d965ccfc6d4b" outcome="Failed" testListId="8c84fa94-04c1-424b-9868-57a2d4851a1d" relativeResultsDirectory="86db42a7-a093-4fa5-8102-f584f1a91750">
      <Output>
        <ErrorInfo>
          <Message>Initialization method TaxProfileAssistantTest.Utils.Tests.AvaTaxProfileAssistantHelperTests.InitializeData threw exception. System.IO.DirectoryNotFoundException: System.IO.DirectoryNotFoundException: Could not find a part of the path 'C:\Program Files (x86)\Jenkins\jobs\Unit Test On TPA\workspace\bin\Debug\kishor.dudhe_AV-PN-KISHORD 2015-04-29 17_13_37\XMLTestFiles\TPA_500.xml'..</Message>
          <StackTrace>    at System.IO.__Error.WinIOError(Int32 errorCode, String maybeFullPath)
   at System.IO.FileStream.Init(String path, FileMode mode, FileAccess access, Int32 rights, Boolean useRights, FileShare share, Int32 bufferSize, FileOptions options, SECURITY_ATTRIBUTES secAttrs, String msgPath, Boolean bFromProxy, Boolean useLongPath, Boolean checkHost)
   at System.IO.FileStream..ctor(String path, FileMode mode, FileAccess access, FileShare share, Int32 bufferSize)
   at System.Xml.XmlDownloadManager.GetStream(Uri uri, ICredentials credentials, IWebProxy proxy, RequestCachePolicy cachePolicy)
   at System.Xml.XmlUrlResolver.GetEntity(Uri absoluteUri, String role, Type ofObjectToReturn)
   at System.Xml.XmlTextReaderImpl.FinishInitUriString()
   at System.Xml.XmlTextReaderImpl..ctor(String uriStr, XmlReaderSettings settings, XmlParserContext context, XmlResolver uriResolver)
   at System.Xml.XmlReaderSettings.CreateReader(String inputUri, XmlParserContext inputContext)
   at System.Xml.XmlReader.Create(String inputUri, XmlReaderSettings settings, XmlParserContext inputContext)
   at System.Xml.XmlReader.Create(String inputUri)
   at TaxProfileAssistantTest.Utils.Tests.AvaTaxProfileAssistantHelperTests.InitializeData() in d:\other\TaxProfileAssistantTests - Copy\Utils\AvaTaxProfileAssistantHelperTests.cs:line 32
</StackTrace>
        </ErrorInfo>
      </Output>
    </UnitTestResult>
    <UnitTestResult executionId="8f903694-5b61-4ec8-9407-aabb6a57ffc9" testId="a5000200-e64f-84fe-ff51-32dc13c3b330" testName="InsertHelpLinkTestToCheckInsertionOfHelpLinksInDatabase" computerName="AV-PN-KISHORD" duration="00:00:00.0010292" startTime="2015-04-29T17:13:38.7654255+05:30" endTime="2015-04-29T17:13:38.7654255+05:30" testType="13cdc9d9-ddb5-4fa4-a97d-d965ccfc6d4b" outcome="Failed" testListId="8c84fa94-04c1-424b-9868-57a2d4851a1d" relativeResultsDirectory="8f903694-5b61-4ec8-9407-aabb6a57ffc9">
      <Output>
        <ErrorInfo>
          <Message>Initialization method TaxProfileAssistantTest.Utils.Tests.AvaTaxProfileAssistantHelperTests.InitializeData threw exception. System.IO.DirectoryNotFoundException: System.IO.DirectoryNotFoundException: Could not find a part of the path 'C:\Program Files (x86)\Jenkins\jobs\Unit Test On TPA\workspace\bin\Debug\kishor.dudhe_AV-PN-KISHORD 2015-04-29 17_13_37\XMLTestFiles\TPA_500.xml'..</Message>
          <StackTrace>    at System.IO.__Error.WinIOError(Int32 errorCode, String maybeFullPath)
   at System.IO.FileStream.Init(String path, FileMode mode, FileAccess access, Int32 rights, Boolean useRights, FileShare share, Int32 bufferSize, FileOptions options, SECURITY_ATTRIBUTES secAttrs, String msgPath, Boolean bFromProxy, Boolean useLongPath, Boolean checkHost)
   at System.IO.FileStream..ctor(String path, FileMode mode, FileAccess access, FileShare share, Int32 bufferSize)
   at System.Xml.XmlDownloadManager.GetStream(Uri uri, ICredentials credentials, IWebProxy proxy, RequestCachePolicy cachePolicy)
   at System.Xml.XmlUrlResolver.GetEntity(Uri absoluteUri, String role, Type ofObjectToReturn)
   at System.Xml.XmlTextReaderImpl.FinishInitUriString()
   at System.Xml.XmlTextReaderImpl..ctor(String uriStr, XmlReaderSettings settings, XmlParserContext context, XmlResolver uriResolver)
   at System.Xml.XmlReaderSettings.CreateReader(String inputUri, XmlParserContext inputContext)
   at System.Xml.XmlReader.Create(String inputUri, XmlReaderSettings settings, XmlParserContext inputContext)
   at System.Xml.XmlReader.Create(String inputUri)
   at TaxProfileAssistantTest.Utils.Tests.AvaTaxProfileAssistantHelperTests.InitializeData() in d:\other\TaxProfileAssistantTests - Copy\Utils\AvaTaxProfileAssistantHelperTests.cs:line 32
</StackTrace>
        </ErrorInfo>
      </Output>
    </UnitTestResult>
    <UnitTestResult executionId="a3c88f8b-7a16-416f-9e2f-1b0b6695135d" testId="4da1d342-ed22-6bd4-ba59-57956846af96" testName="ParseCodeTestToCheckIfCorrectCodeIsReturnedForStateOrCountry" computerName="AV-PN-KISHORD" duration="00:00:00.0015776" startTime="2015-04-29T17:13:38.7810257+05:30" endTime="2015-04-29T17:13:38.7810257+05:30" testType="13cdc9d9-ddb5-4fa4-a97d-d965ccfc6d4b" outcome="Failed" testListId="8c84fa94-04c1-424b-9868-57a2d4851a1d" relativeResultsDirectory="a3c88f8b-7a16-416f-9e2f-1b0b6695135d">
      <Output>
        <ErrorInfo>
          <Message>Initialization method TaxProfileAssistantTest.Utils.Tests.AvaTaxProfileAssistantHelperTests.InitializeData threw exception. System.IO.DirectoryNotFoundException: System.IO.DirectoryNotFoundException: Could not find a part of the path 'C:\Program Files (x86)\Jenkins\jobs\Unit Test On TPA\workspace\bin\Debug\kishor.dudhe_AV-PN-KISHORD 2015-04-29 17_13_37\XMLTestFiles\TPA_500.xml'..</Message>
          <StackTrace>    at System.IO.__Error.WinIOError(Int32 errorCode, String maybeFullPath)
   at System.IO.FileStream.Init(String path, FileMode mode, FileAccess access, Int32 rights, Boolean useRights, FileShare share, Int32 bufferSize, FileOptions options, SECURITY_ATTRIBUTES secAttrs, String msgPath, Boolean bFromProxy, Boolean useLongPath, Boolean checkHost)
   at System.IO.FileStream..ctor(String path, FileMode mode, FileAccess access, FileShare share, Int32 bufferSize)
   at System.Xml.XmlDownloadManager.GetStream(Uri uri, ICredentials credentials, IWebProxy proxy, RequestCachePolicy cachePolicy)
   at System.Xml.XmlUrlResolver.GetEntity(Uri absoluteUri, String role, Type ofObjectToReturn)
   at System.Xml.XmlTextReaderImpl.FinishInitUriString()
   at System.Xml.XmlTextReaderImpl..ctor(String uriStr, XmlReaderSettings settings, XmlParserContext context, XmlResolver uriResolver)
   at System.Xml.XmlReaderSettings.CreateReader(String inputUri, XmlParserContext inputContext)
   at System.Xml.XmlReader.Create(String inputUri, XmlReaderSettings settings, XmlParserContext inputContext)
   at System.Xml.XmlReader.Create(String inputUri)
   at TaxProfileAssistantTest.Utils.Tests.AvaTaxProfileAssistantHelperTests.InitializeData() in d:\other\TaxProfileAssistantTests - Copy\Utils\AvaTaxProfileAssistantHelperTests.cs:line 32
</StackTrace>
        </ErrorInfo>
      </Output>
    </UnitTestResult>
    <UnitTestResult executionId="328c1be0-ff73-4d4a-b5db-4ff1d662472a" testId="d80c46ed-2f16-4a22-6344-4902cc815c11" testName="ParseStateCountryTestToCheckIfItReturnsCorrectStateAndComapnyCode" computerName="AV-PN-KISHORD" duration="00:00:00.0013401" startTime="2015-04-29T17:13:38.7810257+05:30" endTime="2015-04-29T17:13:38.7810257+05:30" testType="13cdc9d9-ddb5-4fa4-a97d-d965ccfc6d4b" outcome="Failed" testListId="8c84fa94-04c1-424b-9868-57a2d4851a1d" relativeResultsDirectory="328c1be0-ff73-4d4a-b5db-4ff1d662472a">
      <Output>
        <ErrorInfo>
          <Message>Initialization method TaxProfileAssistantTest.Utils.Tests.AvaTaxProfileAssistantHelperTests.InitializeData threw exception. System.IO.DirectoryNotFoundException: System.IO.DirectoryNotFoundException: Could not find a part of the path 'C:\Program Files (x86)\Jenkins\jobs\Unit Test On TPA\workspace\bin\Debug\kishor.dudhe_AV-PN-KISHORD 2015-04-29 17_13_37\XMLTestFiles\TPA_500.xml'..</Message>
          <StackTrace>    at System.IO.__Error.WinIOError(Int32 errorCode, String maybeFullPath)
   at System.IO.FileStream.Init(String path, FileMode mode, FileAccess access, Int32 rights, Boolean useRights, FileShare share, Int32 bufferSize, FileOptions options, SECURITY_ATTRIBUTES secAttrs, String msgPath, Boolean bFromProxy, Boolean useLongPath, Boolean checkHost)
   at System.IO.FileStream..ctor(String path, FileMode mode, FileAccess access, FileShare share, Int32 bufferSize)
   at System.Xml.XmlDownloadManager.GetStream(Uri uri, ICredentials credentials, IWebProxy proxy, RequestCachePolicy cachePolicy)
   at System.Xml.XmlUrlResolver.GetEntity(Uri absoluteUri, String role, Type ofObjectToReturn)
   at System.Xml.XmlTextReaderImpl.FinishInitUriString()
   at System.Xml.XmlTextReaderImpl..ctor(String uriStr, XmlReaderSettings settings, XmlParserContext context, XmlResolver uriResolver)
   at System.Xml.XmlReaderSettings.CreateReader(String inputUri, XmlParserContext inputContext)
   at System.Xml.XmlReader.Create(String inputUri, XmlReaderSettings settings, XmlParserContext inputContext)
   at System.Xml.XmlReader.Create(String inputUri)
   at TaxProfileAssistantTest.Utils.Tests.AvaTaxProfileAssistantHelperTests.InitializeData() in d:\other\TaxProfileAssistantTests - Copy\Utils\AvaTaxProfileAssistantHelperTests.cs:line 32
</StackTrace>
        </ErrorInfo>
      </Output>
    </UnitTestResult>
    <UnitTestResult executionId="572c4f3a-2e23-4870-8fa6-279857c7f8f5" testId="28307220-18de-ec29-b1f7-7c81b794db39" testName="TrimCodeTestToCheckIfFirstTwoLettersOfStringAreReturned" computerName="AV-PN-KISHORD" duration="00:00:00.0012527" startTime="2015-04-29T17:13:38.7810257+05:30" endTime="2015-04-29T17:13:38.7966259+05:30" testType="13cdc9d9-ddb5-4fa4-a97d-d965ccfc6d4b" outcome="Failed" testListId="8c84fa94-04c1-424b-9868-57a2d4851a1d" relativeResultsDirectory="572c4f3a-2e23-4870-8fa6-279857c7f8f5">
      <Output>
        <ErrorInfo>
          <Message>Initialization method TaxProfileAssistantTest.Utils.Tests.AvaTaxProfileAssistantHelperTests.InitializeData threw exception. System.IO.DirectoryNotFoundException: System.IO.DirectoryNotFoundException: Could not find a part of the path 'C:\Program Files (x86)\Jenkins\jobs\Unit Test On TPA\workspace\bin\Debug\kishor.dudhe_AV-PN-KISHORD 2015-04-29 17_13_37\XMLTestFiles\TPA_500.xml'..</Message>
          <StackTrace>    at System.IO.__Error.WinIOError(Int32 errorCode, String maybeFullPath)
   at System.IO.FileStream.Init(String path, FileMode mode, FileAccess access, Int32 rights, Boolean useRights, FileShare share, Int32 bufferSize, FileOptions options, SECURITY_ATTRIBUTES secAttrs, String msgPath, Boolean bFromProxy, Boolean useLongPath, Boolean checkHost)
   at System.IO.FileStream..ctor(String path, FileMode mode, FileAccess access, FileShare share, Int32 bufferSize)
   at System.Xml.XmlDownloadManager.GetStream(Uri uri, ICredentials credentials, IWebProxy proxy, RequestCachePolicy cachePolicy)
   at System.Xml.XmlUrlResolver.GetEntity(Uri absoluteUri, String role, Type ofObjectToReturn)
   at System.Xml.XmlTextReaderImpl.FinishInitUriString()
   at System.Xml.XmlTextReaderImpl..ctor(String uriStr, XmlReaderSettings settings, XmlParserContext context, XmlResolver uriResolver)
   at System.Xml.XmlReaderSettings.CreateReader(String inputUri, XmlParserContext inputContext)
   at System.Xml.XmlReader.Create(String inputUri, XmlReaderSettings settings, XmlParserContext inputContext)
   at System.Xml.XmlReader.Create(String inputUri)
   at TaxProfileAssistantTest.Utils.Tests.AvaTaxProfileAssistantHelperTests.InitializeData() in d:\other\TaxProfileAssistantTests - Copy\Utils\AvaTaxProfileAssistantHelperTests.cs:line 32
</StackTrace>
        </ErrorInfo>
      </Output>
    </UnitTestResult>
  </Results>
</TestRun>