<?xml version="1.0" encoding="utf-8" standalone="no"?>
<!--This file represents the results of running a test suite-->
<test-results name="D:\Nunit TPA\TaxProfileAssistantTest\bin\Debug\TaxProfileAssistantTests.dll" total="24" errors="0" failures="1" not-run="0" inconclusive="0" ignored="0" skipped="0" invalid="0" date="2015-04-29" time="20:02:03">
  <environment nunit-version="2.5.9.10348" clr-version="2.0.50727.5485" os-version="Microsoft Windows NT 6.1.7601 Service Pack 1" platform="Win32NT" cwd="D:\Nunit TPA\TaxProfileAssistantTest\bin\Debug" machine-name="AV-PN-KISHORD" user="kishor.dudhe" user-domain="SANJUAN" />
  <culture-info current-culture="en-US" current-uiculture="en-US" />
  <test-suite type="Assembly" name="D:\Nunit TPA\TaxProfileAssistantTest\bin\Debug\TaxProfileAssistantTests.dll" executed="True" result="Failure" success="False" time="0.920" asserts="0">
    <results>
      <test-suite type="Namespace" name="TaxProfileAssistantTest" executed="True" result="Failure" success="False" time="0.920" asserts="0">
        <results>
          <test-suite type="Namespace" name="Utils" executed="True" result="Failure" success="False" time="0.920" asserts="0">
            <results>
              <test-suite type="Namespace" name="Tests" executed="True" result="Failure" success="False" time="0.905" asserts="0">
                <results>
                  <test-suite type="TestFixture" name="AvaTaxProfileAssistantHelperTests" executed="True" result="Failure" success="False" time="0.905" asserts="0">
                    <results>
                      <test-case name="TaxProfileAssistantTest.Utils.Tests.AvaTaxProfileAssistantHelperTests.GetAccountInfoBySecureKeyTestToCheckIfCorrectAccountInfoDetailsAreFetched" executed="True" result="Success" success="True" time="0.109" asserts="4" />
                      <test-case name="TaxProfileAssistantTest.Utils.Tests.AvaTaxProfileAssistantHelperTests.GetAvaERPCountryMappingTestToCheckIfItDoesNotReturnEmptyResult" executed="True" result="Success" success="True" time="0.016" asserts="1" />
                      <test-case name="TaxProfileAssistantTest.Utils.Tests.AvaTaxProfileAssistantHelperTests.GetAvaERPCountryMappingTestToCheckIfItReturnsCorrectNumberOfMappedCountries" executed="True" result="Success" success="True" time="0.016" asserts="1" />
                      <test-case name="TaxProfileAssistantTest.Utils.Tests.AvaTaxProfileAssistantHelperTests.GetAvaERPCountryMappingTestToCheckIfItReturnsListOfAvaERPCountryMapping" executed="True" result="Success" success="True" time="0.016" asserts="1" />
                      <test-case name="TaxProfileAssistantTest.Utils.Tests.AvaTaxProfileAssistantHelperTests.GetAvaERPSettingMasterTestToCheckIfItReturnsAvaERPSettingMaster" executed="True" result="Success" success="True" time="0.016" asserts="1" />
                      <test-case name="TaxProfileAssistantTest.Utils.Tests.AvaTaxProfileAssistantHelperTests.GetAvaERPSettingOtherDetailsTestToCheckReturnType" executed="True" result="Success" success="True" time="0.109" asserts="1" />
                      <test-case name="TaxProfileAssistantTest.Utils.Tests.AvaTaxProfileAssistantHelperTests.GetCreateCompanyInfoTestToCheckIfCorrectCompanyDetailsAreReturned" executed="True" result="Success" success="True" time="0.031" asserts="2" />
                      <test-case name="TaxProfileAssistantTest.Utils.Tests.AvaTaxProfileAssistantHelperTests.GetCustomersListTestToCheckIfItReturnsCorrectNumberOfCustomers" executed="True" result="Success" success="True" time="0.140" asserts="1" />
                      <test-case name="TaxProfileAssistantTest.Utils.Tests.AvaTaxProfileAssistantHelperTests.GetCustomersListTestToCheckIfItReturnsListOfCustomers" executed="True" result="Success" success="True" time="0.078" asserts="1" />
                      <test-case name="TaxProfileAssistantTest.Utils.Tests.AvaTaxProfileAssistantHelperTests.GetLinkListTestToCheckIfItReturnsListOfHelpLinks" executed="True" result="Success" success="True" time="0.016" asserts="2" />
                      <test-case name="TaxProfileAssistantTest.Utils.Tests.AvaTaxProfileAssistantHelperTests.GetNexusesTestToCheckIfItReturnsNexusMaster" executed="True" result="Success" success="True" time="0.062" asserts="1" />
                      <test-case name="TaxProfileAssistantTest.Utils.Tests.AvaTaxProfileAssistantHelperTests.GetStateCodeTestToCheckIfItReturnsCorrectStateCode" executed="True" result="Success" success="True" time="0.016" asserts="1" />
                      <test-case name="TaxProfileAssistantTest.Utils.Tests.AvaTaxProfileAssistantHelperTests.GetValidationErrorMessagesTestForInvalidModel" executed="True" result="Success" success="True" time="0.031" asserts="1" />
                      <test-case name="TaxProfileAssistantTest.Utils.Tests.AvaTaxProfileAssistantHelperTests.GetValidationErrorMessagesTestForValidModel" executed="True" result="Failure" success="False" time="0.000" asserts="1">
                        <failure>
                          <message><![CDATA[  Model state cannot be false when valid credentials are passed!!
  Expected: True
  But was:  False
]]></message>
                          <stack-trace><![CDATA[at TaxProfileAssistantTest.Utils.Tests.AvaTaxProfileAssistantHelperTests.GetValidationErrorMessagesTestForValidModel() in d:\Nunit TPA\TaxProfileAssistantTests\Utils\AvaTaxProfileAssistantHelperTests.cs:line 598
]]></stack-trace>
                        </failure>
                      </test-case>
                      <test-case name="TaxProfileAssistantTest.Utils.Tests.AvaTaxProfileAssistantHelperTests.InsertAccountInfoTestToCheckInsertionOfRecordInDatabase" executed="True" result="Success" success="True" time="0.000" asserts="7" />
                      <test-case name="TaxProfileAssistantTest.Utils.Tests.AvaTaxProfileAssistantHelperTests.InsertAccountInfoTestToCheckReturnType" executed="True" result="Success" success="True" time="0.000" asserts="1" />
                      <test-case name="TaxProfileAssistantTest.Utils.Tests.AvaTaxProfileAssistantHelperTests.InsertAvaERPSettingTestToCheckCorrectAvaERPSettingsIDReturned" executed="True" result="Success" success="True" time="0.016" asserts="1" />
                      <test-case name="TaxProfileAssistantTest.Utils.Tests.AvaTaxProfileAssistantHelperTests.InsertAvaERPSettingTestToCheckInsertionOfAvaERPSettingsInDatabase" executed="True" result="Success" success="True" time="0.016" asserts="1" />
                      <test-case name="TaxProfileAssistantTest.Utils.Tests.AvaTaxProfileAssistantHelperTests.InsertCreateCompanyInfoTestToCheckCompanyInfoInsertionInDatabase" executed="True" result="Success" success="True" time="0.031" asserts="1" />
                      <test-case name="TaxProfileAssistantTest.Utils.Tests.AvaTaxProfileAssistantHelperTests.InsertCustomersTestToCheckInsertionOfCustomerRecordsInDatabase" executed="True" result="Success" success="True" time="0.062" asserts="11" />
                      <test-case name="TaxProfileAssistantTest.Utils.Tests.AvaTaxProfileAssistantHelperTests.InsertHelpLinkTestToCheckInsertionOfHelpLinksInDatabase" executed="True" result="Success" success="True" time="0.031" asserts="8" />
                      <test-case name="TaxProfileAssistantTest.Utils.Tests.AvaTaxProfileAssistantHelperTests.ParseCodeTestToCheckIfCorrectCodeIsReturnedForStateOrCountry" executed="True" result="Success" success="True" time="0.016" asserts="2" />
                      <test-case name="TaxProfileAssistantTest.Utils.Tests.AvaTaxProfileAssistantHelperTests.ParseStateCountryTestToCheckIfItReturnsCorrectStateAndComapnyCode" executed="True" result="Success" success="True" time="0.016" asserts="2" />
                      <test-case name="TaxProfileAssistantTest.Utils.Tests.AvaTaxProfileAssistantHelperTests.TrimCodeTestToCheckIfFirstTwoLettersOfStringAreReturned" executed="True" result="Success" success="True" time="0.000" asserts="2" />
                    </results>
                  </test-suite>
                </results>
              </test-suite>
            </results>
          </test-suite>
        </results>
      </test-suite>
    </results>
  </test-suite>
</test-results>